<?xml version="1.0" encoding="UTF-8"?>
<testsuite name="com.example.boardapi.BoardApiApplicationTests" tests="1" skipped="0" failures="0" errors="0" timestamp="2021-11-18T03:33:17" hostname="DESKTOP-F55RK1N" time="0.127">
  <properties/>
  <testcase name="contextLoads()" classname="com.example.boardapi.BoardApiApplicationTests" time="0.127"/>
  <system-out><![CDATA[12:33:07.477 [Test worker] DEBUG org.springframework.test.context.BootstrapUtils - Instantiating CacheAwareContextLoaderDelegate from class [org.springframework.test.context.cache.DefaultCacheAwareContextLoaderDelegate]
12:33:07.493 [Test worker] DEBUG org.springframework.test.context.BootstrapUtils - Instantiating BootstrapContext using constructor [public org.springframework.test.context.support.DefaultBootstrapContext(java.lang.Class,org.springframework.test.context.CacheAwareContextLoaderDelegate)]
12:33:07.536 [Test worker] DEBUG org.springframework.test.context.BootstrapUtils - Instantiating TestContextBootstrapper for test class [com.example.boardapi.BoardApiApplicationTests] from class [org.springframework.boot.test.context.SpringBootTestContextBootstrapper]
12:33:07.552 [Test worker] INFO org.springframework.boot.test.context.SpringBootTestContextBootstrapper - Neither @ContextConfiguration nor @ContextHierarchy found for test class [com.example.boardapi.BoardApiApplicationTests], using SpringBootContextLoader
12:33:07.557 [Test worker] DEBUG org.springframework.test.context.support.AbstractContextLoader - Did not detect default resource location for test class [com.example.boardapi.BoardApiApplicationTests]: class path resource [com/example/boardapi/BoardApiApplicationTests-context.xml] does not exist
12:33:07.558 [Test worker] DEBUG org.springframework.test.context.support.AbstractContextLoader - Did not detect default resource location for test class [com.example.boardapi.BoardApiApplicationTests]: class path resource [com/example/boardapi/BoardApiApplicationTestsContext.groovy] does not exist
12:33:07.558 [Test worker] INFO org.springframework.test.context.support.AbstractContextLoader - Could not detect default resource locations for test class [com.example.boardapi.BoardApiApplicationTests]: no resource found for suffixes {-context.xml, Context.groovy}.
12:33:07.559 [Test worker] INFO org.springframework.test.context.support.AnnotationConfigContextLoaderUtils - Could not detect default configuration classes for test class [com.example.boardapi.BoardApiApplicationTests]: BoardApiApplicationTests does not declare any static, non-private, non-final, nested classes annotated with @Configuration.
12:33:07.626 [Test worker] DEBUG org.springframework.test.context.support.ActiveProfilesUtils - Could not find an 'annotation declaring class' for annotation type [org.springframework.test.context.ActiveProfiles] and class [com.example.boardapi.BoardApiApplicationTests]
12:33:07.719 [Test worker] DEBUG org.springframework.context.annotation.ClassPathScanningCandidateComponentProvider - Identified candidate component class: file [D:\springStudy\dev-community-master\dev-community-master\back-end\board-api\build\classes\java\main\com\example\boardapi\BoardApiApplication.class]
12:33:07.721 [Test worker] INFO org.springframework.boot.test.context.SpringBootTestContextBootstrapper - Found @SpringBootConfiguration com.example.boardapi.BoardApiApplication for test class com.example.boardapi.BoardApiApplicationTests
12:33:07.856 [Test worker] DEBUG org.springframework.boot.test.context.SpringBootTestContextBootstrapper - @TestExecutionListeners is not present for class [com.example.boardapi.BoardApiApplicationTests]: using defaults.
12:33:07.857 [Test worker] INFO org.springframework.boot.test.context.SpringBootTestContextBootstrapper - Loaded default TestExecutionListener class names from location [META-INF/spring.factories]: [org.springframework.boot.test.autoconfigure.restdocs.RestDocsTestExecutionListener, org.springframework.boot.test.autoconfigure.web.client.MockRestServiceServerResetTestExecutionListener, org.springframework.boot.test.autoconfigure.web.servlet.MockMvcPrintOnlyOnFailureTestExecutionListener, org.springframework.boot.test.autoconfigure.web.servlet.WebDriverTestExecutionListener, org.springframework.boot.test.autoconfigure.webservices.client.MockWebServiceServerTestExecutionListener, org.springframework.boot.test.mock.mockito.MockitoTestExecutionListener, org.springframework.boot.test.mock.mockito.ResetMocksTestExecutionListener, org.springframework.test.context.web.ServletTestExecutionListener, org.springframework.test.context.support.DirtiesContextBeforeModesTestExecutionListener, org.springframework.test.context.event.ApplicationEventsTestExecutionListener, org.springframework.test.context.support.DependencyInjectionTestExecutionListener, org.springframework.test.context.support.DirtiesContextTestExecutionListener, org.springframework.test.context.transaction.TransactionalTestExecutionListener, org.springframework.test.context.jdbc.SqlScriptsTestExecutionListener, org.springframework.test.context.event.EventPublishingTestExecutionListener]
12:33:07.886 [Test worker] INFO org.springframework.boot.test.context.SpringBootTestContextBootstrapper - Using TestExecutionListeners: [org.springframework.test.context.web.ServletTestExecutionListener@2e71c4dd, org.springframework.test.context.support.DirtiesContextBeforeModesTestExecutionListener@5adba368, org.springframework.test.context.event.ApplicationEventsTestExecutionListener@57139d76, org.springframework.boot.test.mock.mockito.MockitoTestExecutionListener@1cd59dc5, org.springframework.boot.test.autoconfigure.SpringBootDependencyInjectionTestExecutionListener@3c22f5ae, org.springframework.test.context.support.DirtiesContextTestExecutionListener@3be5d1a1, org.springframework.test.context.transaction.TransactionalTestExecutionListener@70d60386, org.springframework.test.context.jdbc.SqlScriptsTestExecutionListener@40dd93ec, org.springframework.test.context.event.EventPublishingTestExecutionListener@6b7981dc, org.springframework.boot.test.autoconfigure.restdocs.RestDocsTestExecutionListener@7e042dcb, org.springframework.boot.test.autoconfigure.web.client.MockRestServiceServerResetTestExecutionListener@3e8ecbbe, org.springframework.boot.test.autoconfigure.web.servlet.MockMvcPrintOnlyOnFailureTestExecutionListener@12e06d70, org.springframework.boot.test.autoconfigure.web.servlet.WebDriverTestExecutionListener@35b06991, org.springframework.boot.test.autoconfigure.webservices.client.MockWebServiceServerTestExecutionListener@6a056099, org.springframework.boot.test.mock.mockito.ResetMocksTestExecutionListener@221e855c]
12:33:07.890 [Test worker] DEBUG org.springframework.test.context.support.AbstractDirtiesContextTestExecutionListener - Before test class: context [DefaultTestContext@7f9f37ab testClass = BoardApiApplicationTests, testInstance = [null], testMethod = [null], testException = [null], mergedContextConfiguration = [WebMergedContextConfiguration@4ba7ebc8 testClass = BoardApiApplicationTests, locations = '{}', classes = '{class com.example.boardapi.BoardApiApplication}', contextInitializerClasses = '[]', activeProfiles = '{}', propertySourceLocations = '{}', propertySourceProperties = '{org.springframework.boot.test.context.SpringBootTestContextBootstrapper=true}', contextCustomizers = set[org.springframework.boot.test.autoconfigure.actuate.metrics.MetricsExportContextCustomizerFactory$DisableMetricExportContextCustomizer@108a2fa8, org.springframework.boot.test.autoconfigure.properties.PropertyMappingContextCustomizer@0, org.springframework.boot.test.autoconfigure.web.servlet.WebDriverContextCustomizerFactory$Customizer@ed6138f, org.springframework.boot.test.context.filter.ExcludeFilterContextCustomizer@567d0c3b, org.springframework.boot.test.json.DuplicateJsonObjectContextCustomizerFactory$DuplicateJsonObjectContextCustomizer@49e972a0, org.springframework.boot.test.mock.mockito.MockitoContextCustomizer@0, org.springframework.boot.test.web.client.TestRestTemplateContextCustomizer@19f3c385, org.springframework.boot.test.context.SpringBootTestArgs@1, org.springframework.boot.test.context.SpringBootTestWebEnvironment@1768ccb], resourceBasePath = 'src/main/webapp', contextLoader = 'org.springframework.boot.test.context.SpringBootContextLoader', parent = [null]], attributes = map['org.springframework.test.context.web.ServletTestExecutionListener.activateListener' -> true]], class annotated with @DirtiesContext [false] with mode [null].
12:33:07.927 [Test worker] DEBUG org.springframework.test.context.support.TestPropertySourceUtils - Adding inlined properties to environment: {spring.jmx.enabled=false, org.springframework.boot.test.context.SpringBootTestContextBootstrapper=true}

  .   ____          _            __ _ _
 /\\ / ___'_ __ _ _(_)_ __  __ _ \ \ \ \
( ( )\___ | '_ | '_| | '_ \/ _` | \ \ \ \
 \\/  ___)| |_)| | | | | || (_| |  ) ) ) )
  '  |____| .__|_| |_|_| |_\__, | / / / /
 =========|_|==============|___/=/_/_/_/
 :: Spring Boot ::                (v2.5.5)

2021-11-18 12:33:08.311  INFO 24556 --- [    Test worker] c.e.boardapi.BoardApiApplicationTests    : Starting BoardApiApplicationTests using Java 11.0.9 on DESKTOP-F55RK1N with PID 24556 (started by ksw in D:\springStudy\dev-community-master\dev-community-master\back-end\board-api)
2021-11-18 12:33:08.315  INFO 24556 --- [    Test worker] c.e.boardapi.BoardApiApplicationTests    : No active profile set, falling back to default profiles: default
2021-11-18 12:33:09.893  INFO 24556 --- [    Test worker] .s.d.r.c.RepositoryConfigurationDelegate : Bootstrapping Spring Data JPA repositories in DEFAULT mode.
2021-11-18 12:33:10.025  INFO 24556 --- [    Test worker] .s.d.r.c.RepositoryConfigurationDelegate : Finished Spring Data repository scanning in 120 ms. Found 3 JPA repository interfaces.
2021-11-18 12:33:11.155  INFO 24556 --- [    Test worker] com.zaxxer.hikari.HikariDataSource       : HikariPool-1 - Starting...
2021-11-18 12:33:11.435  INFO 24556 --- [    Test worker] com.zaxxer.hikari.HikariDataSource       : HikariPool-1 - Start completed.
2021-11-18 12:33:11.624  INFO 24556 --- [    Test worker] o.hibernate.jpa.internal.util.LogHelper  : HHH000204: Processing PersistenceUnitInfo [name: default]
2021-11-18 12:33:11.716  INFO 24556 --- [    Test worker] org.hibernate.Version                    : HHH000412: Hibernate ORM core version 5.4.32.Final
2021-11-18 12:33:12.002  INFO 24556 --- [    Test worker] o.hibernate.annotations.common.Version   : HCANN000001: Hibernate Commons Annotations {5.1.2.Final}
2021-11-18 12:33:12.238  INFO 24556 --- [    Test worker] org.hibernate.dialect.Dialect            : HHH000400: Using dialect: org.hibernate.dialect.H2Dialect
2021-11-18 12:33:13.322  INFO 24556 --- [    Test worker] p6spy                                    : #1637206393322 | took 0ms | statement | connection 2| url jdbc:h2:mem:41d67625-2c59-4b51-8dc2-82e8bdeb5630
drop table if exists board CASCADE 
drop table if exists board CASCADE ;
2021-11-18 12:33:13.322  INFO 24556 --- [    Test worker] p6spy                                    : #1637206393322 | took 0ms | statement | connection 2| url jdbc:h2:mem:41d67625-2c59-4b51-8dc2-82e8bdeb5630
drop table if exists comment CASCADE 
drop table if exists comment CASCADE ;
2021-11-18 12:33:13.323  INFO 24556 --- [    Test worker] p6spy                                    : #1637206393323 | took 0ms | statement | connection 2| url jdbc:h2:mem:41d67625-2c59-4b51-8dc2-82e8bdeb5630
drop table if exists member CASCADE 
drop table if exists member CASCADE ;
2021-11-18 12:33:13.323  INFO 24556 --- [    Test worker] p6spy                                    : #1637206393323 | took 0ms | statement | connection 2| url jdbc:h2:mem:41d67625-2c59-4b51-8dc2-82e8bdeb5630
drop table if exists member_like_id CASCADE 
drop table if exists member_like_id CASCADE ;
2021-11-18 12:33:13.324  INFO 24556 --- [    Test worker] p6spy                                    : #1637206393324 | took 0ms | statement | connection 2| url jdbc:h2:mem:41d67625-2c59-4b51-8dc2-82e8bdeb5630
drop table if exists member_roles CASCADE 
drop table if exists member_roles CASCADE ;
2021-11-18 12:33:13.324  INFO 24556 --- [    Test worker] p6spy                                    : #1637206393324 | took 0ms | statement | connection 2| url jdbc:h2:mem:41d67625-2c59-4b51-8dc2-82e8bdeb5630
drop table if exists scrap CASCADE 
drop table if exists scrap CASCADE ;
2021-11-18 12:33:13.325  INFO 24556 --- [    Test worker] p6spy                                    : #1637206393325 | took 0ms | statement | connection 2| url jdbc:h2:mem:41d67625-2c59-4b51-8dc2-82e8bdeb5630
drop sequence if exists hibernate_sequence
drop sequence if exists hibernate_sequence;
2021-11-18 12:33:13.330  INFO 24556 --- [    Test worker] p6spy                                    : #1637206393330 | took 2ms | statement | connection 3| url jdbc:h2:mem:41d67625-2c59-4b51-8dc2-82e8bdeb5630
create sequence hibernate_sequence start with 1 increment by 1
create sequence hibernate_sequence start with 1 increment by 1;
2021-11-18 12:33:13.336  INFO 24556 --- [    Test worker] p6spy                                    : #1637206393335 | took 4ms | statement | connection 3| url jdbc:h2:mem:41d67625-2c59-4b51-8dc2-82e8bdeb5630
create table board (board_id bigint not null, board_type varchar(255), comment_size integer not null, content TEXT, created_by varchar(255), created_date timestamp, is_selected boolean not null, last_modified_by varchar(255), last_modified_date timestamp, likes integer not null, title varchar(255), views integer not null, member_id bigint, primary key (board_id))
create table board (board_id bigint not null, board_type varchar(255), comment_size integer not null, content TEXT, created_by varchar(255), created_date timestamp, is_selected boolean not null, last_modified_by varchar(255), last_modified_date timestamp, likes integer not null, title varchar(255), views integer not null, member_id bigint, primary key (board_id));
2021-11-18 12:33:13.337  INFO 24556 --- [    Test worker] p6spy                                    : #1637206393337 | took 1ms | statement | connection 3| url jdbc:h2:mem:41d67625-2c59-4b51-8dc2-82e8bdeb5630
create table comment (comment_id bigint not null, content varchar(255), created_by varchar(255), created_date timestamp, is_selected boolean not null, last_modified_by varchar(255), last_modified_date timestamp, likes integer not null, board_id bigint, member_id bigint, primary key (comment_id))
create table comment (comment_id bigint not null, content varchar(255), created_by varchar(255), created_date timestamp, is_selected boolean not null, last_modified_by varchar(255), last_modified_date timestamp, likes integer not null, board_id bigint, member_id bigint, primary key (comment_id));
2021-11-18 12:33:13.339  INFO 24556 --- [    Test worker] p6spy                                    : #1637206393339 | took 1ms | statement | connection 3| url jdbc:h2:mem:41d67625-2c59-4b51-8dc2-82e8bdeb5630
create table member (member_id bigint not null, active_score integer not null, address varchar(255), age integer not null, created_date timestamp, last_modified_date timestamp, login_id varchar(255), name varchar(255), password varchar(255), primary key (member_id))
create table member (member_id bigint not null, active_score integer not null, address varchar(255), age integer not null, created_date timestamp, last_modified_date timestamp, login_id varchar(255), name varchar(255), password varchar(255), primary key (member_id));
2021-11-18 12:33:13.340  INFO 24556 --- [    Test worker] p6spy                                    : #1637206393340 | took 0ms | statement | connection 3| url jdbc:h2:mem:41d67625-2c59-4b51-8dc2-82e8bdeb5630
create table member_like_id (member_member_id bigint not null, like_id bigint)
create table member_like_id (member_member_id bigint not null, like_id bigint);
2021-11-18 12:33:13.341  INFO 24556 --- [    Test worker] p6spy                                    : #1637206393341 | took 0ms | statement | connection 3| url jdbc:h2:mem:41d67625-2c59-4b51-8dc2-82e8bdeb5630
create table member_roles (member_member_id bigint not null, roles varchar(255))
create table member_roles (member_member_id bigint not null, roles varchar(255));
2021-11-18 12:33:13.342  INFO 24556 --- [    Test worker] p6spy                                    : #1637206393342 | took 0ms | statement | connection 3| url jdbc:h2:mem:41d67625-2c59-4b51-8dc2-82e8bdeb5630
create table scrap (member_id bigint not null, board_id bigint not null)
create table scrap (member_id bigint not null, board_id bigint not null);
2021-11-18 12:33:13.345  INFO 24556 --- [    Test worker] p6spy                                    : #1637206393345 | took 3ms | statement | connection 3| url jdbc:h2:mem:41d67625-2c59-4b51-8dc2-82e8bdeb5630
alter table scrap add constraint UK_ojrr8nso8wt908b3vx8gblpi9 unique (board_id)
alter table scrap add constraint UK_ojrr8nso8wt908b3vx8gblpi9 unique (board_id);
2021-11-18 12:33:13.352  INFO 24556 --- [    Test worker] p6spy                                    : #1637206393352 | took 5ms | statement | connection 3| url jdbc:h2:mem:41d67625-2c59-4b51-8dc2-82e8bdeb5630
alter table board add constraint FKsds8ox89wwf6aihinar49rmfy foreign key (member_id) references member
alter table board add constraint FKsds8ox89wwf6aihinar49rmfy foreign key (member_id) references member;
2021-11-18 12:33:13.354  INFO 24556 --- [    Test worker] p6spy                                    : #1637206393354 | took 2ms | statement | connection 3| url jdbc:h2:mem:41d67625-2c59-4b51-8dc2-82e8bdeb5630
alter table comment add constraint FKlij9oor1nav89jeat35s6kbp1 foreign key (board_id) references board
alter table comment add constraint FKlij9oor1nav89jeat35s6kbp1 foreign key (board_id) references board;
2021-11-18 12:33:13.356  INFO 24556 --- [    Test worker] p6spy                                    : #1637206393356 | took 1ms | statement | connection 3| url jdbc:h2:mem:41d67625-2c59-4b51-8dc2-82e8bdeb5630
alter table comment add constraint FKmrrrpi513ssu63i2783jyiv9m foreign key (member_id) references member
alter table comment add constraint FKmrrrpi513ssu63i2783jyiv9m foreign key (member_id) references member;
2021-11-18 12:33:13.357  INFO 24556 --- [    Test worker] p6spy                                    : #1637206393357 | took 1ms | statement | connection 3| url jdbc:h2:mem:41d67625-2c59-4b51-8dc2-82e8bdeb5630
alter table member_like_id add constraint FKkisjubed607l8v7g1dlms9bje foreign key (member_member_id) references member
alter table member_like_id add constraint FKkisjubed607l8v7g1dlms9bje foreign key (member_member_id) references member;
2021-11-18 12:33:13.359  INFO 24556 --- [    Test worker] p6spy                                    : #1637206393359 | took 1ms | statement | connection 3| url jdbc:h2:mem:41d67625-2c59-4b51-8dc2-82e8bdeb5630
alter table member_roles add constraint FKruptm2dtwl95mfks4bnhv828k foreign key (member_member_id) references member
alter table member_roles add constraint FKruptm2dtwl95mfks4bnhv828k foreign key (member_member_id) references member;
2021-11-18 12:33:13.360  INFO 24556 --- [    Test worker] p6spy                                    : #1637206393360 | took 1ms | statement | connection 3| url jdbc:h2:mem:41d67625-2c59-4b51-8dc2-82e8bdeb5630
alter table scrap add constraint FK46d2cvrgggcia4oean5lykfr foreign key (board_id) references board
alter table scrap add constraint FK46d2cvrgggcia4oean5lykfr foreign key (board_id) references board;
2021-11-18 12:33:13.362  INFO 24556 --- [    Test worker] p6spy                                    : #1637206393362 | took 1ms | statement | connection 3| url jdbc:h2:mem:41d67625-2c59-4b51-8dc2-82e8bdeb5630
alter table scrap add constraint FKq0ff1jblgu8vrsh90u826qell foreign key (member_id) references member
alter table scrap add constraint FKq0ff1jblgu8vrsh90u826qell foreign key (member_id) references member;
2021-11-18 12:33:13.365  INFO 24556 --- [    Test worker] o.h.e.t.j.p.i.JtaPlatformInitiator       : HHH000490: Using JtaPlatform implementation: [org.hibernate.engine.transaction.jta.platform.internal.NoJtaPlatform]
2021-11-18 12:33:13.376  INFO 24556 --- [    Test worker] j.LocalContainerEntityManagerFactoryBean : Initialized JPA EntityManagerFactory for persistence unit 'default'
2021-11-18 12:33:14.367  WARN 24556 --- [    Test worker] JpaBaseConfiguration$JpaWebConfiguration : spring.jpa.open-in-view is enabled by default. Therefore, database queries may be performed during view rendering. Explicitly configure spring.jpa.open-in-view to disable this warning
2021-11-18 12:33:15.522  INFO 24556 --- [    Test worker] o.s.s.web.DefaultSecurityFilterChain     : Will secure any request with [org.springframework.security.web.context.request.async.WebAsyncManagerIntegrationFilter@7789ad49, org.springframework.security.web.context.SecurityContextPersistenceFilter@74bc2db5, org.springframework.security.web.header.HeaderWriterFilter@469e8334, org.springframework.security.web.authentication.logout.LogoutFilter@3a0aaac7, com.example.boardapi.security.JWT.JwtAuthenticationFilter@21ad8d0d, org.springframework.security.web.savedrequest.RequestCacheAwareFilter@423aa0c5, org.springframework.security.web.servletapi.SecurityContextHolderAwareRequestFilter@4645fddc, org.springframework.security.web.authentication.AnonymousAuthenticationFilter@1b8b1eac, org.springframework.security.web.session.SessionManagementFilter@719d9f05, org.springframework.security.web.access.ExceptionTranslationFilter@685ec322, org.springframework.security.web.access.intercept.FilterSecurityInterceptor@3a3355c]
2021-11-18 12:33:17.381  INFO 24556 --- [    Test worker] c.e.boardapi.BoardApiApplicationTests    : Started BoardApiApplicationTests in 9.445 seconds (JVM running for 11.951)
]]></system-out>
  <system-err><![CDATA[]]></system-err>
</testsuite>
