<?xml version="1.0" encoding="UTF-8"?>
<testsuite name="com.example.boardapi.BoardApiApplicationTests" tests="1" skipped="0" failures="0" errors="0" timestamp="2021-11-15T03:34:17" hostname="DESKTOP-F55RK1N" time="0.12">
  <properties/>
  <testcase name="contextLoads()" classname="com.example.boardapi.BoardApiApplicationTests" time="0.12"/>
  <system-out><![CDATA[12:34:02.351 [Test worker] DEBUG org.springframework.test.context.BootstrapUtils - Instantiating CacheAwareContextLoaderDelegate from class [org.springframework.test.context.cache.DefaultCacheAwareContextLoaderDelegate]
12:34:02.371 [Test worker] DEBUG org.springframework.test.context.BootstrapUtils - Instantiating BootstrapContext using constructor [public org.springframework.test.context.support.DefaultBootstrapContext(java.lang.Class,org.springframework.test.context.CacheAwareContextLoaderDelegate)]
12:34:02.422 [Test worker] DEBUG org.springframework.test.context.BootstrapUtils - Instantiating TestContextBootstrapper for test class [com.example.boardapi.BoardApiApplicationTests] from class [org.springframework.boot.test.context.SpringBootTestContextBootstrapper]
12:34:02.440 [Test worker] INFO org.springframework.boot.test.context.SpringBootTestContextBootstrapper - Neither @ContextConfiguration nor @ContextHierarchy found for test class [com.example.boardapi.BoardApiApplicationTests], using SpringBootContextLoader
12:34:02.446 [Test worker] DEBUG org.springframework.test.context.support.AbstractContextLoader - Did not detect default resource location for test class [com.example.boardapi.BoardApiApplicationTests]: class path resource [com/example/boardapi/BoardApiApplicationTests-context.xml] does not exist
12:34:02.447 [Test worker] DEBUG org.springframework.test.context.support.AbstractContextLoader - Did not detect default resource location for test class [com.example.boardapi.BoardApiApplicationTests]: class path resource [com/example/boardapi/BoardApiApplicationTestsContext.groovy] does not exist
12:34:02.447 [Test worker] INFO org.springframework.test.context.support.AbstractContextLoader - Could not detect default resource locations for test class [com.example.boardapi.BoardApiApplicationTests]: no resource found for suffixes {-context.xml, Context.groovy}.
12:34:02.448 [Test worker] INFO org.springframework.test.context.support.AnnotationConfigContextLoaderUtils - Could not detect default configuration classes for test class [com.example.boardapi.BoardApiApplicationTests]: BoardApiApplicationTests does not declare any static, non-private, non-final, nested classes annotated with @Configuration.
12:34:02.530 [Test worker] DEBUG org.springframework.test.context.support.ActiveProfilesUtils - Could not find an 'annotation declaring class' for annotation type [org.springframework.test.context.ActiveProfiles] and class [com.example.boardapi.BoardApiApplicationTests]
12:34:02.657 [Test worker] DEBUG org.springframework.context.annotation.ClassPathScanningCandidateComponentProvider - Identified candidate component class: file [D:\springStudy\dev-community-master\dev-community-master\back-end\board-api\build\classes\java\main\com\example\boardapi\BoardApiApplication.class]
12:34:02.658 [Test worker] INFO org.springframework.boot.test.context.SpringBootTestContextBootstrapper - Found @SpringBootConfiguration com.example.boardapi.BoardApiApplication for test class com.example.boardapi.BoardApiApplicationTests
12:34:02.890 [Test worker] DEBUG org.springframework.boot.test.context.SpringBootTestContextBootstrapper - @TestExecutionListeners is not present for class [com.example.boardapi.BoardApiApplicationTests]: using defaults.
12:34:02.892 [Test worker] INFO org.springframework.boot.test.context.SpringBootTestContextBootstrapper - Loaded default TestExecutionListener class names from location [META-INF/spring.factories]: [org.springframework.boot.test.autoconfigure.restdocs.RestDocsTestExecutionListener, org.springframework.boot.test.autoconfigure.web.client.MockRestServiceServerResetTestExecutionListener, org.springframework.boot.test.autoconfigure.web.servlet.MockMvcPrintOnlyOnFailureTestExecutionListener, org.springframework.boot.test.autoconfigure.web.servlet.WebDriverTestExecutionListener, org.springframework.boot.test.autoconfigure.webservices.client.MockWebServiceServerTestExecutionListener, org.springframework.boot.test.mock.mockito.MockitoTestExecutionListener, org.springframework.boot.test.mock.mockito.ResetMocksTestExecutionListener, org.springframework.test.context.web.ServletTestExecutionListener, org.springframework.test.context.support.DirtiesContextBeforeModesTestExecutionListener, org.springframework.test.context.event.ApplicationEventsTestExecutionListener, org.springframework.test.context.support.DependencyInjectionTestExecutionListener, org.springframework.test.context.support.DirtiesContextTestExecutionListener, org.springframework.test.context.transaction.TransactionalTestExecutionListener, org.springframework.test.context.jdbc.SqlScriptsTestExecutionListener, org.springframework.test.context.event.EventPublishingTestExecutionListener]
12:34:02.940 [Test worker] INFO org.springframework.boot.test.context.SpringBootTestContextBootstrapper - Using TestExecutionListeners: [org.springframework.test.context.web.ServletTestExecutionListener@5bf5cf15, org.springframework.test.context.support.DirtiesContextBeforeModesTestExecutionListener@23d98a5c, org.springframework.test.context.event.ApplicationEventsTestExecutionListener@7b8328a8, org.springframework.boot.test.mock.mockito.MockitoTestExecutionListener@2c07582e, org.springframework.boot.test.autoconfigure.SpringBootDependencyInjectionTestExecutionListener@597fa7dc, org.springframework.test.context.support.DirtiesContextTestExecutionListener@369b4dc5, org.springframework.test.context.transaction.TransactionalTestExecutionListener@54bfe5d6, org.springframework.test.context.jdbc.SqlScriptsTestExecutionListener@42ef1147, org.springframework.test.context.event.EventPublishingTestExecutionListener@660a1f81, org.springframework.boot.test.autoconfigure.restdocs.RestDocsTestExecutionListener@a1393e0, org.springframework.boot.test.autoconfigure.web.client.MockRestServiceServerResetTestExecutionListener@21a95621, org.springframework.boot.test.autoconfigure.web.servlet.MockMvcPrintOnlyOnFailureTestExecutionListener@1bf61e7a, org.springframework.boot.test.autoconfigure.web.servlet.WebDriverTestExecutionListener@2db6fc92, org.springframework.boot.test.autoconfigure.webservices.client.MockWebServiceServerTestExecutionListener@3bacf657, org.springframework.boot.test.mock.mockito.ResetMocksTestExecutionListener@50dfb75d]
12:34:02.945 [Test worker] DEBUG org.springframework.test.context.support.AbstractDirtiesContextTestExecutionListener - Before test class: context [DefaultTestContext@45182b15 testClass = BoardApiApplicationTests, testInstance = [null], testMethod = [null], testException = [null], mergedContextConfiguration = [WebMergedContextConfiguration@7851ef9e testClass = BoardApiApplicationTests, locations = '{}', classes = '{class com.example.boardapi.BoardApiApplication}', contextInitializerClasses = '[]', activeProfiles = '{}', propertySourceLocations = '{}', propertySourceProperties = '{org.springframework.boot.test.context.SpringBootTestContextBootstrapper=true}', contextCustomizers = set[org.springframework.boot.test.autoconfigure.actuate.metrics.MetricsExportContextCustomizerFactory$DisableMetricExportContextCustomizer@71b8db9e, org.springframework.boot.test.autoconfigure.properties.PropertyMappingContextCustomizer@0, org.springframework.boot.test.autoconfigure.web.servlet.WebDriverContextCustomizerFactory$Customizer@753ca35e, org.springframework.boot.test.context.filter.ExcludeFilterContextCustomizer@37096d43, org.springframework.boot.test.json.DuplicateJsonObjectContextCustomizerFactory$DuplicateJsonObjectContextCustomizer@71f0b6ef, org.springframework.boot.test.mock.mockito.MockitoContextCustomizer@0, org.springframework.boot.test.web.client.TestRestTemplateContextCustomizer@6d48a6c6, org.springframework.boot.test.context.SpringBootTestArgs@1, org.springframework.boot.test.context.SpringBootTestWebEnvironment@4d5af34e], resourceBasePath = 'src/main/webapp', contextLoader = 'org.springframework.boot.test.context.SpringBootContextLoader', parent = [null]], attributes = map['org.springframework.test.context.web.ServletTestExecutionListener.activateListener' -> true]], class annotated with @DirtiesContext [false] with mode [null].
12:34:02.997 [Test worker] DEBUG org.springframework.test.context.support.TestPropertySourceUtils - Adding inlined properties to environment: {spring.jmx.enabled=false, org.springframework.boot.test.context.SpringBootTestContextBootstrapper=true}

  .   ____          _            __ _ _
 /\\ / ___'_ __ _ _(_)_ __  __ _ \ \ \ \
( ( )\___ | '_ | '_| | '_ \/ _` | \ \ \ \
 \\/  ___)| |_)| | | | | || (_| |  ) ) ) )
  '  |____| .__|_| |_|_| |_\__, | / / / /
 =========|_|==============|___/=/_/_/_/
 :: Spring Boot ::                (v2.5.5)

2021-11-15 12:34:03.562  INFO 932 --- [    Test worker] c.e.boardapi.BoardApiApplicationTests    : Starting BoardApiApplicationTests using Java 11.0.9 on DESKTOP-F55RK1N with PID 932 (started by ksw in D:\springStudy\dev-community-master\dev-community-master\back-end\board-api)
2021-11-15 12:34:03.565  INFO 932 --- [    Test worker] c.e.boardapi.BoardApiApplicationTests    : No active profile set, falling back to default profiles: default
2021-11-15 12:34:06.114  INFO 932 --- [    Test worker] .s.d.r.c.RepositoryConfigurationDelegate : Bootstrapping Spring Data JPA repositories in DEFAULT mode.
2021-11-15 12:34:06.291  INFO 932 --- [    Test worker] .s.d.r.c.RepositoryConfigurationDelegate : Finished Spring Data repository scanning in 162 ms. Found 3 JPA repository interfaces.
2021-11-15 12:34:07.657  INFO 932 --- [    Test worker] o.hibernate.jpa.internal.util.LogHelper  : HHH000204: Processing PersistenceUnitInfo [name: default]
2021-11-15 12:34:07.731  INFO 932 --- [    Test worker] org.hibernate.Version                    : HHH000412: Hibernate ORM core version 5.4.32.Final
2021-11-15 12:34:07.963  INFO 932 --- [    Test worker] o.hibernate.annotations.common.Version   : HCANN000001: Hibernate Commons Annotations {5.1.2.Final}
2021-11-15 12:34:08.194  INFO 932 --- [    Test worker] com.zaxxer.hikari.HikariDataSource       : HikariPool-1 - Starting...
2021-11-15 12:34:08.726  INFO 932 --- [    Test worker] com.zaxxer.hikari.HikariDataSource       : HikariPool-1 - Start completed.
2021-11-15 12:34:08.782  INFO 932 --- [    Test worker] org.hibernate.dialect.Dialect            : HHH000400: Using dialect: org.hibernate.dialect.MySQL8Dialect
2021-11-15 12:34:09.829 DEBUG 932 --- [    Test worker] org.hibernate.SQL                        : 
    
    alter table board 
       drop 
       foreign key FKsds8ox89wwf6aihinar49rmfy
2021-11-15 12:34:09.892  INFO 932 --- [    Test worker] p6spy                                    : #1636947249892 | took 60ms | statement | connection 1| url jdbc:mysql://localhost:3306/board?serverTimezone=UTC&characterEncoding=UTF-8

    alter table board 
       drop 
       foreign key FKsds8ox89wwf6aihinar49rmfy

    alter table board 
       drop 
       foreign key FKsds8ox89wwf6aihinar49rmfy;
2021-11-15 12:34:09.893 DEBUG 932 --- [    Test worker] org.hibernate.SQL                        : 
    
    alter table comment 
       drop 
       foreign key FKlij9oor1nav89jeat35s6kbp1
2021-11-15 12:34:09.911  INFO 932 --- [    Test worker] p6spy                                    : #1636947249911 | took 17ms | statement | connection 1| url jdbc:mysql://localhost:3306/board?serverTimezone=UTC&characterEncoding=UTF-8

    alter table comment 
       drop 
       foreign key FKlij9oor1nav89jeat35s6kbp1

    alter table comment 
       drop 
       foreign key FKlij9oor1nav89jeat35s6kbp1;
2021-11-15 12:34:09.912 DEBUG 932 --- [    Test worker] org.hibernate.SQL                        : 
    
    alter table comment 
       drop 
       foreign key FKmrrrpi513ssu63i2783jyiv9m
2021-11-15 12:34:09.933  INFO 932 --- [    Test worker] p6spy                                    : #1636947249933 | took 20ms | statement | connection 1| url jdbc:mysql://localhost:3306/board?serverTimezone=UTC&characterEncoding=UTF-8

    alter table comment 
       drop 
       foreign key FKmrrrpi513ssu63i2783jyiv9m

    alter table comment 
       drop 
       foreign key FKmrrrpi513ssu63i2783jyiv9m;
2021-11-15 12:34:09.934 DEBUG 932 --- [    Test worker] org.hibernate.SQL                        : 
    
    alter table member_like_id 
       drop 
       foreign key FKkisjubed607l8v7g1dlms9bje
2021-11-15 12:34:09.948  INFO 932 --- [    Test worker] p6spy                                    : #1636947249948 | took 13ms | statement | connection 1| url jdbc:mysql://localhost:3306/board?serverTimezone=UTC&characterEncoding=UTF-8

    alter table member_like_id 
       drop 
       foreign key FKkisjubed607l8v7g1dlms9bje

    alter table member_like_id 
       drop 
       foreign key FKkisjubed607l8v7g1dlms9bje;
2021-11-15 12:34:09.949 DEBUG 932 --- [    Test worker] org.hibernate.SQL                        : 
    
    alter table member_roles 
       drop 
       foreign key FKruptm2dtwl95mfks4bnhv828k
2021-11-15 12:34:09.962  INFO 932 --- [    Test worker] p6spy                                    : #1636947249962 | took 13ms | statement | connection 1| url jdbc:mysql://localhost:3306/board?serverTimezone=UTC&characterEncoding=UTF-8

    alter table member_roles 
       drop 
       foreign key FKruptm2dtwl95mfks4bnhv828k

    alter table member_roles 
       drop 
       foreign key FKruptm2dtwl95mfks4bnhv828k;
2021-11-15 12:34:09.963 DEBUG 932 --- [    Test worker] org.hibernate.SQL                        : 
    
    drop table if exists board
2021-11-15 12:34:09.993  INFO 932 --- [    Test worker] p6spy                                    : #1636947249993 | took 29ms | statement | connection 1| url jdbc:mysql://localhost:3306/board?serverTimezone=UTC&characterEncoding=UTF-8

    drop table if exists board

    drop table if exists board;
2021-11-15 12:34:09.993 DEBUG 932 --- [    Test worker] org.hibernate.SQL                        : 
    
    drop table if exists comment
2021-11-15 12:34:10.016  INFO 932 --- [    Test worker] p6spy                                    : #1636947250016 | took 22ms | statement | connection 1| url jdbc:mysql://localhost:3306/board?serverTimezone=UTC&characterEncoding=UTF-8

    drop table if exists comment

    drop table if exists comment;
2021-11-15 12:34:10.017 DEBUG 932 --- [    Test worker] org.hibernate.SQL                        : 
    
    drop table if exists hibernate_sequence
2021-11-15 12:34:10.039  INFO 932 --- [    Test worker] p6spy                                    : #1636947250039 | took 21ms | statement | connection 1| url jdbc:mysql://localhost:3306/board?serverTimezone=UTC&characterEncoding=UTF-8

    drop table if exists hibernate_sequence

    drop table if exists hibernate_sequence;
2021-11-15 12:34:10.040 DEBUG 932 --- [    Test worker] org.hibernate.SQL                        : 
    
    drop table if exists member
2021-11-15 12:34:10.063  INFO 932 --- [    Test worker] p6spy                                    : #1636947250063 | took 22ms | statement | connection 1| url jdbc:mysql://localhost:3306/board?serverTimezone=UTC&characterEncoding=UTF-8

    drop table if exists member

    drop table if exists member;
2021-11-15 12:34:10.064 DEBUG 932 --- [    Test worker] org.hibernate.SQL                        : 
    
    drop table if exists member_like_id
2021-11-15 12:34:10.091  INFO 932 --- [    Test worker] p6spy                                    : #1636947250091 | took 27ms | statement | connection 1| url jdbc:mysql://localhost:3306/board?serverTimezone=UTC&characterEncoding=UTF-8

    drop table if exists member_like_id

    drop table if exists member_like_id;
2021-11-15 12:34:10.092 DEBUG 932 --- [    Test worker] org.hibernate.SQL                        : 
    
    drop table if exists member_roles
2021-11-15 12:34:10.123  INFO 932 --- [    Test worker] p6spy                                    : #1636947250123 | took 30ms | statement | connection 1| url jdbc:mysql://localhost:3306/board?serverTimezone=UTC&characterEncoding=UTF-8

    drop table if exists member_roles

    drop table if exists member_roles;
2021-11-15 12:34:10.127 DEBUG 932 --- [    Test worker] org.hibernate.SQL                        : 
    
    create table board (
       board_id bigint not null,
        board_type varchar(255),
        comment_size integer not null,
        content TEXT,
        created_by varchar(255),
        created_date datetime(6),
        is_selected bit not null,
        last_modified_by varchar(255),
        last_modified_date datetime(6),
        likes integer not null,
        title varchar(255),
        views integer not null,
        member_id bigint,
        primary key (board_id)
    ) engine=InnoDB
2021-11-15 12:34:10.178  INFO 932 --- [    Test worker] p6spy                                    : #1636947250178 | took 50ms | statement | connection 2| url jdbc:mysql://localhost:3306/board?serverTimezone=UTC&characterEncoding=UTF-8

    create table board (
       board_id bigint not null,
        board_type varchar(255),
        comment_size integer not null,
        content TEXT,
        created_by varchar(255),
        created_date datetime(6),
        is_selected bit not null,
        last_modified_by varchar(255),
        last_modified_date datetime(6),
        likes integer not null,
        title varchar(255),
        views integer not null,
        member_id bigint,
        primary key (board_id)
    ) engine=InnoDB

    create table board (
       board_id bigint not null,
        board_type varchar(255),
        comment_size integer not null,
        content TEXT,
        created_by varchar(255),
        created_date datetime(6),
        is_selected bit not null,
        last_modified_by varchar(255),
        last_modified_date datetime(6),
        likes integer not null,
        title varchar(255),
        views integer not null,
        member_id bigint,
        primary key (board_id)
    ) engine=InnoDB;
2021-11-15 12:34:10.180 DEBUG 932 --- [    Test worker] org.hibernate.SQL                        : 
    
    create table comment (
       comment_id bigint not null,
        content varchar(255),
        created_by varchar(255),
        created_date datetime(6),
        is_selected bit not null,
        last_modified_by varchar(255),
        last_modified_date datetime(6),
        likes integer not null,
        board_id bigint,
        member_id bigint,
        primary key (comment_id)
    ) engine=InnoDB
2021-11-15 12:34:10.222  INFO 932 --- [    Test worker] p6spy                                    : #1636947250222 | took 41ms | statement | connection 2| url jdbc:mysql://localhost:3306/board?serverTimezone=UTC&characterEncoding=UTF-8

    create table comment (
       comment_id bigint not null,
        content varchar(255),
        created_by varchar(255),
        created_date datetime(6),
        is_selected bit not null,
        last_modified_by varchar(255),
        last_modified_date datetime(6),
        likes integer not null,
        board_id bigint,
        member_id bigint,
        primary key (comment_id)
    ) engine=InnoDB

    create table comment (
       comment_id bigint not null,
        content varchar(255),
        created_by varchar(255),
        created_date datetime(6),
        is_selected bit not null,
        last_modified_by varchar(255),
        last_modified_date datetime(6),
        likes integer not null,
        board_id bigint,
        member_id bigint,
        primary key (comment_id)
    ) engine=InnoDB;
2021-11-15 12:34:10.223 DEBUG 932 --- [    Test worker] org.hibernate.SQL                        : 
    
    create table hibernate_sequence (
       next_val bigint
    ) engine=InnoDB
2021-11-15 12:34:10.259  INFO 932 --- [    Test worker] p6spy                                    : #1636947250259 | took 35ms | statement | connection 2| url jdbc:mysql://localhost:3306/board?serverTimezone=UTC&characterEncoding=UTF-8

    create table hibernate_sequence (
       next_val bigint
    ) engine=InnoDB

    create table hibernate_sequence (
       next_val bigint
    ) engine=InnoDB;
2021-11-15 12:34:10.260 DEBUG 932 --- [    Test worker] org.hibernate.SQL                        : 
    
    insert into hibernate_sequence values ( 1 )
2021-11-15 12:34:10.266  INFO 932 --- [    Test worker] p6spy                                    : #1636947250266 | took 5ms | statement | connection 2| url jdbc:mysql://localhost:3306/board?serverTimezone=UTC&characterEncoding=UTF-8

    insert into hibernate_sequence values ( 1 )

    insert into hibernate_sequence values ( 1 );
2021-11-15 12:34:10.267 DEBUG 932 --- [    Test worker] org.hibernate.SQL                        : 
    
    create table member (
       member_id bigint not null,
        active_score integer not null,
        address varchar(255),
        age integer not null,
        created_date datetime(6),
        last_modified_date datetime(6),
        login_id varchar(255),
        name varchar(255),
        password varchar(255),
        primary key (member_id)
    ) engine=InnoDB
2021-11-15 12:34:10.332  INFO 932 --- [    Test worker] p6spy                                    : #1636947250332 | took 63ms | statement | connection 2| url jdbc:mysql://localhost:3306/board?serverTimezone=UTC&characterEncoding=UTF-8

    create table member (
       member_id bigint not null,
        active_score integer not null,
        address varchar(255),
        age integer not null,
        created_date datetime(6),
        last_modified_date datetime(6),
        login_id varchar(255),
        name varchar(255),
        password varchar(255),
        primary key (member_id)
    ) engine=InnoDB

    create table member (
       member_id bigint not null,
        active_score integer not null,
        address varchar(255),
        age integer not null,
        created_date datetime(6),
        last_modified_date datetime(6),
        login_id varchar(255),
        name varchar(255),
        password varchar(255),
        primary key (member_id)
    ) engine=InnoDB;
2021-11-15 12:34:10.333 DEBUG 932 --- [    Test worker] org.hibernate.SQL                        : 
    
    create table member_like_id (
       member_member_id bigint not null,
        like_id bigint
    ) engine=InnoDB
2021-11-15 12:34:10.394  INFO 932 --- [    Test worker] p6spy                                    : #1636947250394 | took 61ms | statement | connection 2| url jdbc:mysql://localhost:3306/board?serverTimezone=UTC&characterEncoding=UTF-8

    create table member_like_id (
       member_member_id bigint not null,
        like_id bigint
    ) engine=InnoDB

    create table member_like_id (
       member_member_id bigint not null,
        like_id bigint
    ) engine=InnoDB;
2021-11-15 12:34:10.395 DEBUG 932 --- [    Test worker] org.hibernate.SQL                        : 
    
    create table member_roles (
       member_member_id bigint not null,
        roles varchar(255)
    ) engine=InnoDB
2021-11-15 12:34:10.440  INFO 932 --- [    Test worker] p6spy                                    : #1636947250440 | took 44ms | statement | connection 2| url jdbc:mysql://localhost:3306/board?serverTimezone=UTC&characterEncoding=UTF-8

    create table member_roles (
       member_member_id bigint not null,
        roles varchar(255)
    ) engine=InnoDB

    create table member_roles (
       member_member_id bigint not null,
        roles varchar(255)
    ) engine=InnoDB;
2021-11-15 12:34:10.441 DEBUG 932 --- [    Test worker] org.hibernate.SQL                        : 
    
    alter table board 
       add constraint FKsds8ox89wwf6aihinar49rmfy 
       foreign key (member_id) 
       references member (member_id)
2021-11-15 12:34:10.549  INFO 932 --- [    Test worker] p6spy                                    : #1636947250549 | took 107ms | statement | connection 2| url jdbc:mysql://localhost:3306/board?serverTimezone=UTC&characterEncoding=UTF-8

    alter table board 
       add constraint FKsds8ox89wwf6aihinar49rmfy 
       foreign key (member_id) 
       references member (member_id)

    alter table board 
       add constraint FKsds8ox89wwf6aihinar49rmfy 
       foreign key (member_id) 
       references member (member_id);
2021-11-15 12:34:10.550 DEBUG 932 --- [    Test worker] org.hibernate.SQL                        : 
    
    alter table comment 
       add constraint FKlij9oor1nav89jeat35s6kbp1 
       foreign key (board_id) 
       references board (board_id)
2021-11-15 12:34:10.636  INFO 932 --- [    Test worker] p6spy                                    : #1636947250636 | took 85ms | statement | connection 2| url jdbc:mysql://localhost:3306/board?serverTimezone=UTC&characterEncoding=UTF-8

    alter table comment 
       add constraint FKlij9oor1nav89jeat35s6kbp1 
       foreign key (board_id) 
       references board (board_id)

    alter table comment 
       add constraint FKlij9oor1nav89jeat35s6kbp1 
       foreign key (board_id) 
       references board (board_id);
2021-11-15 12:34:10.637 DEBUG 932 --- [    Test worker] org.hibernate.SQL                        : 
    
    alter table comment 
       add constraint FKmrrrpi513ssu63i2783jyiv9m 
       foreign key (member_id) 
       references member (member_id)
2021-11-15 12:34:10.820  INFO 932 --- [    Test worker] p6spy                                    : #1636947250820 | took 181ms | statement | connection 2| url jdbc:mysql://localhost:3306/board?serverTimezone=UTC&characterEncoding=UTF-8

    alter table comment 
       add constraint FKmrrrpi513ssu63i2783jyiv9m 
       foreign key (member_id) 
       references member (member_id)

    alter table comment 
       add constraint FKmrrrpi513ssu63i2783jyiv9m 
       foreign key (member_id) 
       references member (member_id);
2021-11-15 12:34:10.821 DEBUG 932 --- [    Test worker] org.hibernate.SQL                        : 
    
    alter table member_like_id 
       add constraint FKkisjubed607l8v7g1dlms9bje 
       foreign key (member_member_id) 
       references member (member_id)
2021-11-15 12:34:10.906  INFO 932 --- [    Test worker] p6spy                                    : #1636947250906 | took 85ms | statement | connection 2| url jdbc:mysql://localhost:3306/board?serverTimezone=UTC&characterEncoding=UTF-8

    alter table member_like_id 
       add constraint FKkisjubed607l8v7g1dlms9bje 
       foreign key (member_member_id) 
       references member (member_id)

    alter table member_like_id 
       add constraint FKkisjubed607l8v7g1dlms9bje 
       foreign key (member_member_id) 
       references member (member_id);
2021-11-15 12:34:10.907 DEBUG 932 --- [    Test worker] org.hibernate.SQL                        : 
    
    alter table member_roles 
       add constraint FKruptm2dtwl95mfks4bnhv828k 
       foreign key (member_member_id) 
       references member (member_id)
2021-11-15 12:34:10.980  INFO 932 --- [    Test worker] p6spy                                    : #1636947250980 | took 71ms | statement | connection 2| url jdbc:mysql://localhost:3306/board?serverTimezone=UTC&characterEncoding=UTF-8

    alter table member_roles 
       add constraint FKruptm2dtwl95mfks4bnhv828k 
       foreign key (member_member_id) 
       references member (member_id)

    alter table member_roles 
       add constraint FKruptm2dtwl95mfks4bnhv828k 
       foreign key (member_member_id) 
       references member (member_id);
2021-11-15 12:34:10.983  INFO 932 --- [    Test worker] o.h.e.t.j.p.i.JtaPlatformInitiator       : HHH000490: Using JtaPlatform implementation: [org.hibernate.engine.transaction.jta.platform.internal.NoJtaPlatform]
2021-11-15 12:34:10.997  INFO 932 --- [    Test worker] j.LocalContainerEntityManagerFactoryBean : Initialized JPA EntityManagerFactory for persistence unit 'default'
2021-11-15 12:34:13.638  WARN 932 --- [    Test worker] JpaBaseConfiguration$JpaWebConfiguration : spring.jpa.open-in-view is enabled by default. Therefore, database queries may be performed during view rendering. Explicitly configure spring.jpa.open-in-view to disable this warning
2021-11-15 12:34:15.182  INFO 932 --- [    Test worker] o.s.s.web.DefaultSecurityFilterChain     : Will secure any request with [org.springframework.security.web.context.request.async.WebAsyncManagerIntegrationFilter@7561f3c5, org.springframework.security.web.context.SecurityContextPersistenceFilter@4094e6ac, org.springframework.security.web.header.HeaderWriterFilter@5fa0ec8, org.springframework.security.web.authentication.logout.LogoutFilter@3108fba3, com.example.boardapi.security.JWT.JwtAuthenticationFilter@7ba3bfdb, org.springframework.security.web.savedrequest.RequestCacheAwareFilter@66e39ed0, org.springframework.security.web.servletapi.SecurityContextHolderAwareRequestFilter@38aae1fe, org.springframework.security.web.authentication.AnonymousAuthenticationFilter@5cbb342, org.springframework.security.web.session.SessionManagementFilter@42974a6a, org.springframework.security.web.access.ExceptionTranslationFilter@27ca3dea, org.springframework.security.web.access.intercept.FilterSecurityInterceptor@6140f231]
2021-11-15 12:34:17.115  INFO 932 --- [    Test worker] c.e.boardapi.BoardApiApplicationTests    : Started BoardApiApplicationTests in 14.109 seconds (JVM running for 18.025)
]]></system-out>
  <system-err><![CDATA[]]></system-err>
</testsuite>
