<?xml version="1.0" encoding="UTF-8"?>
<testsuite name="com.example.boardapi.BoardApiApplicationTests" tests="1" skipped="0" failures="0" errors="0" timestamp="2021-11-07T12:07:49" hostname="DESKTOP-F55RK1N" time="0.152">
  <properties/>
  <testcase name="contextLoads()" classname="com.example.boardapi.BoardApiApplicationTests" time="0.152"/>
  <system-out><![CDATA[21:07:38.988 [Test worker] DEBUG org.springframework.test.context.BootstrapUtils - Instantiating CacheAwareContextLoaderDelegate from class [org.springframework.test.context.cache.DefaultCacheAwareContextLoaderDelegate]
21:07:39.011 [Test worker] DEBUG org.springframework.test.context.BootstrapUtils - Instantiating BootstrapContext using constructor [public org.springframework.test.context.support.DefaultBootstrapContext(java.lang.Class,org.springframework.test.context.CacheAwareContextLoaderDelegate)]
21:07:39.065 [Test worker] DEBUG org.springframework.test.context.BootstrapUtils - Instantiating TestContextBootstrapper for test class [com.example.boardapi.BoardApiApplicationTests] from class [org.springframework.boot.test.context.SpringBootTestContextBootstrapper]
21:07:39.084 [Test worker] INFO org.springframework.boot.test.context.SpringBootTestContextBootstrapper - Neither @ContextConfiguration nor @ContextHierarchy found for test class [com.example.boardapi.BoardApiApplicationTests], using SpringBootContextLoader
21:07:39.091 [Test worker] DEBUG org.springframework.test.context.support.AbstractContextLoader - Did not detect default resource location for test class [com.example.boardapi.BoardApiApplicationTests]: class path resource [com/example/boardapi/BoardApiApplicationTests-context.xml] does not exist
21:07:39.092 [Test worker] DEBUG org.springframework.test.context.support.AbstractContextLoader - Did not detect default resource location for test class [com.example.boardapi.BoardApiApplicationTests]: class path resource [com/example/boardapi/BoardApiApplicationTestsContext.groovy] does not exist
21:07:39.092 [Test worker] INFO org.springframework.test.context.support.AbstractContextLoader - Could not detect default resource locations for test class [com.example.boardapi.BoardApiApplicationTests]: no resource found for suffixes {-context.xml, Context.groovy}.
21:07:39.093 [Test worker] INFO org.springframework.test.context.support.AnnotationConfigContextLoaderUtils - Could not detect default configuration classes for test class [com.example.boardapi.BoardApiApplicationTests]: BoardApiApplicationTests does not declare any static, non-private, non-final, nested classes annotated with @Configuration.
21:07:39.176 [Test worker] DEBUG org.springframework.test.context.support.ActiveProfilesUtils - Could not find an 'annotation declaring class' for annotation type [org.springframework.test.context.ActiveProfiles] and class [com.example.boardapi.BoardApiApplicationTests]
21:07:39.279 [Test worker] DEBUG org.springframework.context.annotation.ClassPathScanningCandidateComponentProvider - Identified candidate component class: file [D:\springStudy\dev-community-master\dev-community-master\back-end\board-api\build\classes\java\main\com\example\boardapi\BoardApiApplication.class]
21:07:39.281 [Test worker] INFO org.springframework.boot.test.context.SpringBootTestContextBootstrapper - Found @SpringBootConfiguration com.example.boardapi.BoardApiApplication for test class com.example.boardapi.BoardApiApplicationTests
21:07:39.440 [Test worker] DEBUG org.springframework.boot.test.context.SpringBootTestContextBootstrapper - @TestExecutionListeners is not present for class [com.example.boardapi.BoardApiApplicationTests]: using defaults.
21:07:39.440 [Test worker] INFO org.springframework.boot.test.context.SpringBootTestContextBootstrapper - Loaded default TestExecutionListener class names from location [META-INF/spring.factories]: [org.springframework.boot.test.autoconfigure.restdocs.RestDocsTestExecutionListener, org.springframework.boot.test.autoconfigure.web.client.MockRestServiceServerResetTestExecutionListener, org.springframework.boot.test.autoconfigure.web.servlet.MockMvcPrintOnlyOnFailureTestExecutionListener, org.springframework.boot.test.autoconfigure.web.servlet.WebDriverTestExecutionListener, org.springframework.boot.test.autoconfigure.webservices.client.MockWebServiceServerTestExecutionListener, org.springframework.boot.test.mock.mockito.MockitoTestExecutionListener, org.springframework.boot.test.mock.mockito.ResetMocksTestExecutionListener, org.springframework.test.context.web.ServletTestExecutionListener, org.springframework.test.context.support.DirtiesContextBeforeModesTestExecutionListener, org.springframework.test.context.event.ApplicationEventsTestExecutionListener, org.springframework.test.context.support.DependencyInjectionTestExecutionListener, org.springframework.test.context.support.DirtiesContextTestExecutionListener, org.springframework.test.context.transaction.TransactionalTestExecutionListener, org.springframework.test.context.jdbc.SqlScriptsTestExecutionListener, org.springframework.test.context.event.EventPublishingTestExecutionListener]
21:07:39.481 [Test worker] INFO org.springframework.boot.test.context.SpringBootTestContextBootstrapper - Using TestExecutionListeners: [org.springframework.test.context.web.ServletTestExecutionListener@56fd2a8b, org.springframework.test.context.support.DirtiesContextBeforeModesTestExecutionListener@22bc1752, org.springframework.test.context.event.ApplicationEventsTestExecutionListener@7e8a5bf9, org.springframework.boot.test.mock.mockito.MockitoTestExecutionListener@4315d8ce, org.springframework.boot.test.autoconfigure.SpringBootDependencyInjectionTestExecutionListener@7c831b55, org.springframework.test.context.support.DirtiesContextTestExecutionListener@3ec78510, org.springframework.test.context.transaction.TransactionalTestExecutionListener@12be54a2, org.springframework.test.context.jdbc.SqlScriptsTestExecutionListener@7f003d93, org.springframework.test.context.event.EventPublishingTestExecutionListener@1bbdc895, org.springframework.boot.test.autoconfigure.restdocs.RestDocsTestExecutionListener@19d021f7, org.springframework.boot.test.autoconfigure.web.client.MockRestServiceServerResetTestExecutionListener@79ab6d2b, org.springframework.boot.test.autoconfigure.web.servlet.MockMvcPrintOnlyOnFailureTestExecutionListener@7b93b28, org.springframework.boot.test.autoconfigure.web.servlet.WebDriverTestExecutionListener@72b5a22a, org.springframework.boot.test.autoconfigure.webservices.client.MockWebServiceServerTestExecutionListener@6a72fa12, org.springframework.boot.test.mock.mockito.ResetMocksTestExecutionListener@48121042]
21:07:39.487 [Test worker] DEBUG org.springframework.test.context.support.AbstractDirtiesContextTestExecutionListener - Before test class: context [DefaultTestContext@325f1087 testClass = BoardApiApplicationTests, testInstance = [null], testMethod = [null], testException = [null], mergedContextConfiguration = [WebMergedContextConfiguration@7ba0d2cf testClass = BoardApiApplicationTests, locations = '{}', classes = '{class com.example.boardapi.BoardApiApplication}', contextInitializerClasses = '[]', activeProfiles = '{}', propertySourceLocations = '{}', propertySourceProperties = '{org.springframework.boot.test.context.SpringBootTestContextBootstrapper=true}', contextCustomizers = set[org.springframework.boot.test.autoconfigure.actuate.metrics.MetricsExportContextCustomizerFactory$DisableMetricExportContextCustomizer@78f9a2f3, org.springframework.boot.test.autoconfigure.properties.PropertyMappingContextCustomizer@0, org.springframework.boot.test.autoconfigure.web.servlet.WebDriverContextCustomizerFactory$Customizer@7e9237ac, org.springframework.boot.test.context.filter.ExcludeFilterContextCustomizer@546735ff, org.springframework.boot.test.json.DuplicateJsonObjectContextCustomizerFactory$DuplicateJsonObjectContextCustomizer@2aac732a, org.springframework.boot.test.mock.mockito.MockitoContextCustomizer@0, org.springframework.boot.test.web.client.TestRestTemplateContextCustomizer@27bb7d05, org.springframework.boot.test.context.SpringBootTestArgs@1, org.springframework.boot.test.context.SpringBootTestWebEnvironment@4dba39d9], resourceBasePath = 'src/main/webapp', contextLoader = 'org.springframework.boot.test.context.SpringBootContextLoader', parent = [null]], attributes = map['org.springframework.test.context.web.ServletTestExecutionListener.activateListener' -> true]], class annotated with @DirtiesContext [false] with mode [null].
21:07:39.533 [Test worker] DEBUG org.springframework.test.context.support.TestPropertySourceUtils - Adding inlined properties to environment: {spring.jmx.enabled=false, org.springframework.boot.test.context.SpringBootTestContextBootstrapper=true}

  .   ____          _            __ _ _
 /\\ / ___'_ __ _ _(_)_ __  __ _ \ \ \ \
( ( )\___ | '_ | '_| | '_ \/ _` | \ \ \ \
 \\/  ___)| |_)| | | | | || (_| |  ) ) ) )
  '  |____| .__|_| |_|_| |_\__, | / / / /
 =========|_|==============|___/=/_/_/_/
 :: Spring Boot ::                (v2.5.5)

2021-11-07 21:07:40.011  INFO 32172 --- [    Test worker] c.e.boardapi.BoardApiApplicationTests    : Starting BoardApiApplicationTests using Java 11.0.9 on DESKTOP-F55RK1N with PID 32172 (started by ksw in D:\springStudy\dev-community-master\dev-community-master\back-end\board-api)
2021-11-07 21:07:40.015  INFO 32172 --- [    Test worker] c.e.boardapi.BoardApiApplicationTests    : No active profile set, falling back to default profiles: default
2021-11-07 21:07:41.607  INFO 32172 --- [    Test worker] .s.d.r.c.RepositoryConfigurationDelegate : Bootstrapping Spring Data JPA repositories in DEFAULT mode.
2021-11-07 21:07:41.728  INFO 32172 --- [    Test worker] .s.d.r.c.RepositoryConfigurationDelegate : Finished Spring Data repository scanning in 109 ms. Found 3 JPA repository interfaces.
2021-11-07 21:07:42.832  INFO 32172 --- [    Test worker] o.hibernate.jpa.internal.util.LogHelper  : HHH000204: Processing PersistenceUnitInfo [name: default]
2021-11-07 21:07:42.911  INFO 32172 --- [    Test worker] org.hibernate.Version                    : HHH000412: Hibernate ORM core version 5.4.32.Final
2021-11-07 21:07:43.135  INFO 32172 --- [    Test worker] o.hibernate.annotations.common.Version   : HCANN000001: Hibernate Commons Annotations {5.1.2.Final}
2021-11-07 21:07:43.289  INFO 32172 --- [    Test worker] com.zaxxer.hikari.HikariDataSource       : HikariPool-1 - Starting...
2021-11-07 21:07:43.724  INFO 32172 --- [    Test worker] com.zaxxer.hikari.HikariDataSource       : HikariPool-1 - Start completed.
2021-11-07 21:07:43.778  INFO 32172 --- [    Test worker] org.hibernate.dialect.Dialect            : HHH000400: Using dialect: org.hibernate.dialect.MySQL8Dialect
2021-11-07 21:07:44.869 DEBUG 32172 --- [    Test worker] org.hibernate.SQL                        : 
    
    alter table board 
       drop 
       foreign key FKsds8ox89wwf6aihinar49rmfy
2021-11-07 21:07:44.936  INFO 32172 --- [    Test worker] p6spy                                    : #1636286864935 | took 61ms | statement | connection 1| url jdbc:mysql://localhost:3306/board?serverTimezone=UTC&characterEncoding=UTF-8

    alter table board 
       drop 
       foreign key FKsds8ox89wwf6aihinar49rmfy

    alter table board 
       drop 
       foreign key FKsds8ox89wwf6aihinar49rmfy;
2021-11-07 21:07:44.937 DEBUG 32172 --- [    Test worker] org.hibernate.SQL                        : 
    
    alter table comment 
       drop 
       foreign key FKlij9oor1nav89jeat35s6kbp1
2021-11-07 21:07:44.952  INFO 32172 --- [    Test worker] p6spy                                    : #1636286864952 | took 14ms | statement | connection 1| url jdbc:mysql://localhost:3306/board?serverTimezone=UTC&characterEncoding=UTF-8

    alter table comment 
       drop 
       foreign key FKlij9oor1nav89jeat35s6kbp1

    alter table comment 
       drop 
       foreign key FKlij9oor1nav89jeat35s6kbp1;
2021-11-07 21:07:44.953 DEBUG 32172 --- [    Test worker] org.hibernate.SQL                        : 
    
    alter table comment 
       drop 
       foreign key FKmrrrpi513ssu63i2783jyiv9m
2021-11-07 21:07:44.966  INFO 32172 --- [    Test worker] p6spy                                    : #1636286864966 | took 12ms | statement | connection 1| url jdbc:mysql://localhost:3306/board?serverTimezone=UTC&characterEncoding=UTF-8

    alter table comment 
       drop 
       foreign key FKmrrrpi513ssu63i2783jyiv9m

    alter table comment 
       drop 
       foreign key FKmrrrpi513ssu63i2783jyiv9m;
2021-11-07 21:07:44.967 DEBUG 32172 --- [    Test worker] org.hibernate.SQL                        : 
    
    alter table member_like_id 
       drop 
       foreign key FKkisjubed607l8v7g1dlms9bje
2021-11-07 21:07:44.982  INFO 32172 --- [    Test worker] p6spy                                    : #1636286864982 | took 14ms | statement | connection 1| url jdbc:mysql://localhost:3306/board?serverTimezone=UTC&characterEncoding=UTF-8

    alter table member_like_id 
       drop 
       foreign key FKkisjubed607l8v7g1dlms9bje

    alter table member_like_id 
       drop 
       foreign key FKkisjubed607l8v7g1dlms9bje;
2021-11-07 21:07:44.983 DEBUG 32172 --- [    Test worker] org.hibernate.SQL                        : 
    
    alter table member_roles 
       drop 
       foreign key FKruptm2dtwl95mfks4bnhv828k
2021-11-07 21:07:44.996  INFO 32172 --- [    Test worker] p6spy                                    : #1636286864996 | took 12ms | statement | connection 1| url jdbc:mysql://localhost:3306/board?serverTimezone=UTC&characterEncoding=UTF-8

    alter table member_roles 
       drop 
       foreign key FKruptm2dtwl95mfks4bnhv828k

    alter table member_roles 
       drop 
       foreign key FKruptm2dtwl95mfks4bnhv828k;
2021-11-07 21:07:44.997 DEBUG 32172 --- [    Test worker] org.hibernate.SQL                        : 
    
    drop table if exists board
2021-11-07 21:07:45.016  INFO 32172 --- [    Test worker] p6spy                                    : #1636286865016 | took 18ms | statement | connection 1| url jdbc:mysql://localhost:3306/board?serverTimezone=UTC&characterEncoding=UTF-8

    drop table if exists board

    drop table if exists board;
2021-11-07 21:07:45.017 DEBUG 32172 --- [    Test worker] org.hibernate.SQL                        : 
    
    drop table if exists comment
2021-11-07 21:07:45.036  INFO 32172 --- [    Test worker] p6spy                                    : #1636286865036 | took 18ms | statement | connection 1| url jdbc:mysql://localhost:3306/board?serverTimezone=UTC&characterEncoding=UTF-8

    drop table if exists comment

    drop table if exists comment;
2021-11-07 21:07:45.037 DEBUG 32172 --- [    Test worker] org.hibernate.SQL                        : 
    
    drop table if exists hibernate_sequence
2021-11-07 21:07:45.055  INFO 32172 --- [    Test worker] p6spy                                    : #1636286865055 | took 16ms | statement | connection 1| url jdbc:mysql://localhost:3306/board?serverTimezone=UTC&characterEncoding=UTF-8

    drop table if exists hibernate_sequence

    drop table if exists hibernate_sequence;
2021-11-07 21:07:45.056 DEBUG 32172 --- [    Test worker] org.hibernate.SQL                        : 
    
    drop table if exists member
2021-11-07 21:07:45.072  INFO 32172 --- [    Test worker] p6spy                                    : #1636286865072 | took 16ms | statement | connection 1| url jdbc:mysql://localhost:3306/board?serverTimezone=UTC&characterEncoding=UTF-8

    drop table if exists member

    drop table if exists member;
2021-11-07 21:07:45.073 DEBUG 32172 --- [    Test worker] org.hibernate.SQL                        : 
    
    drop table if exists member_like_id
2021-11-07 21:07:45.109  INFO 32172 --- [    Test worker] p6spy                                    : #1636286865109 | took 34ms | statement | connection 1| url jdbc:mysql://localhost:3306/board?serverTimezone=UTC&characterEncoding=UTF-8

    drop table if exists member_like_id

    drop table if exists member_like_id;
2021-11-07 21:07:45.110 DEBUG 32172 --- [    Test worker] org.hibernate.SQL                        : 
    
    drop table if exists member_roles
2021-11-07 21:07:45.137  INFO 32172 --- [    Test worker] p6spy                                    : #1636286865137 | took 27ms | statement | connection 1| url jdbc:mysql://localhost:3306/board?serverTimezone=UTC&characterEncoding=UTF-8

    drop table if exists member_roles

    drop table if exists member_roles;
2021-11-07 21:07:45.141 DEBUG 32172 --- [    Test worker] org.hibernate.SQL                        : 
    
    create table board (
       board_id bigint not null,
        board_type varchar(255),
        content TEXT,
        created_by varchar(255),
        created_date datetime(6),
        last_modified_by varchar(255),
        last_modified_date datetime(6),
        likes integer not null,
        title varchar(255),
        member_id bigint,
        primary key (board_id)
    ) engine=InnoDB
2021-11-07 21:07:45.188  INFO 32172 --- [    Test worker] p6spy                                    : #1636286865188 | took 46ms | statement | connection 2| url jdbc:mysql://localhost:3306/board?serverTimezone=UTC&characterEncoding=UTF-8

    create table board (
       board_id bigint not null,
        board_type varchar(255),
        content TEXT,
        created_by varchar(255),
        created_date datetime(6),
        last_modified_by varchar(255),
        last_modified_date datetime(6),
        likes integer not null,
        title varchar(255),
        member_id bigint,
        primary key (board_id)
    ) engine=InnoDB

    create table board (
       board_id bigint not null,
        board_type varchar(255),
        content TEXT,
        created_by varchar(255),
        created_date datetime(6),
        last_modified_by varchar(255),
        last_modified_date datetime(6),
        likes integer not null,
        title varchar(255),
        member_id bigint,
        primary key (board_id)
    ) engine=InnoDB;
2021-11-07 21:07:45.189 DEBUG 32172 --- [    Test worker] org.hibernate.SQL                        : 
    
    create table comment (
       comment_id bigint not null,
        content varchar(255),
        created_by varchar(255),
        created_date datetime(6),
        last_modified_by varchar(255),
        last_modified_date datetime(6),
        likes integer not null,
        board_id bigint,
        member_id bigint,
        primary key (comment_id)
    ) engine=InnoDB
2021-11-07 21:07:45.264  INFO 32172 --- [    Test worker] p6spy                                    : #1636286865264 | took 74ms | statement | connection 2| url jdbc:mysql://localhost:3306/board?serverTimezone=UTC&characterEncoding=UTF-8

    create table comment (
       comment_id bigint not null,
        content varchar(255),
        created_by varchar(255),
        created_date datetime(6),
        last_modified_by varchar(255),
        last_modified_date datetime(6),
        likes integer not null,
        board_id bigint,
        member_id bigint,
        primary key (comment_id)
    ) engine=InnoDB

    create table comment (
       comment_id bigint not null,
        content varchar(255),
        created_by varchar(255),
        created_date datetime(6),
        last_modified_by varchar(255),
        last_modified_date datetime(6),
        likes integer not null,
        board_id bigint,
        member_id bigint,
        primary key (comment_id)
    ) engine=InnoDB;
2021-11-07 21:07:45.266 DEBUG 32172 --- [    Test worker] org.hibernate.SQL                        : 
    
    create table hibernate_sequence (
       next_val bigint
    ) engine=InnoDB
2021-11-07 21:07:45.304  INFO 32172 --- [    Test worker] p6spy                                    : #1636286865304 | took 37ms | statement | connection 2| url jdbc:mysql://localhost:3306/board?serverTimezone=UTC&characterEncoding=UTF-8

    create table hibernate_sequence (
       next_val bigint
    ) engine=InnoDB

    create table hibernate_sequence (
       next_val bigint
    ) engine=InnoDB;
2021-11-07 21:07:45.305 DEBUG 32172 --- [    Test worker] org.hibernate.SQL                        : 
    
    insert into hibernate_sequence values ( 1 )
2021-11-07 21:07:45.310  INFO 32172 --- [    Test worker] p6spy                                    : #1636286865310 | took 4ms | statement | connection 2| url jdbc:mysql://localhost:3306/board?serverTimezone=UTC&characterEncoding=UTF-8

    insert into hibernate_sequence values ( 1 )

    insert into hibernate_sequence values ( 1 );
2021-11-07 21:07:45.311 DEBUG 32172 --- [    Test worker] org.hibernate.SQL                        : 
    
    create table member (
       member_id bigint not null,
        address varchar(255),
        age integer not null,
        created_date datetime(6),
        last_modified_date datetime(6),
        login_id varchar(255),
        name varchar(255),
        password varchar(255),
        primary key (member_id)
    ) engine=InnoDB
2021-11-07 21:07:45.341  INFO 32172 --- [    Test worker] p6spy                                    : #1636286865341 | took 29ms | statement | connection 2| url jdbc:mysql://localhost:3306/board?serverTimezone=UTC&characterEncoding=UTF-8

    create table member (
       member_id bigint not null,
        address varchar(255),
        age integer not null,
        created_date datetime(6),
        last_modified_date datetime(6),
        login_id varchar(255),
        name varchar(255),
        password varchar(255),
        primary key (member_id)
    ) engine=InnoDB

    create table member (
       member_id bigint not null,
        address varchar(255),
        age integer not null,
        created_date datetime(6),
        last_modified_date datetime(6),
        login_id varchar(255),
        name varchar(255),
        password varchar(255),
        primary key (member_id)
    ) engine=InnoDB;
2021-11-07 21:07:45.342 DEBUG 32172 --- [    Test worker] org.hibernate.SQL                        : 
    
    create table member_like_id (
       member_member_id bigint not null,
        like_id bigint
    ) engine=InnoDB
2021-11-07 21:07:45.375  INFO 32172 --- [    Test worker] p6spy                                    : #1636286865375 | took 32ms | statement | connection 2| url jdbc:mysql://localhost:3306/board?serverTimezone=UTC&characterEncoding=UTF-8

    create table member_like_id (
       member_member_id bigint not null,
        like_id bigint
    ) engine=InnoDB

    create table member_like_id (
       member_member_id bigint not null,
        like_id bigint
    ) engine=InnoDB;
2021-11-07 21:07:45.376 DEBUG 32172 --- [    Test worker] org.hibernate.SQL                        : 
    
    create table member_roles (
       member_member_id bigint not null,
        roles varchar(255)
    ) engine=InnoDB
2021-11-07 21:07:45.404  INFO 32172 --- [    Test worker] p6spy                                    : #1636286865404 | took 28ms | statement | connection 2| url jdbc:mysql://localhost:3306/board?serverTimezone=UTC&characterEncoding=UTF-8

    create table member_roles (
       member_member_id bigint not null,
        roles varchar(255)
    ) engine=InnoDB

    create table member_roles (
       member_member_id bigint not null,
        roles varchar(255)
    ) engine=InnoDB;
2021-11-07 21:07:45.405 DEBUG 32172 --- [    Test worker] org.hibernate.SQL                        : 
    
    alter table board 
       add constraint FKsds8ox89wwf6aihinar49rmfy 
       foreign key (member_id) 
       references member (member_id)
2021-11-07 21:07:45.495  INFO 32172 --- [    Test worker] p6spy                                    : #1636286865495 | took 89ms | statement | connection 2| url jdbc:mysql://localhost:3306/board?serverTimezone=UTC&characterEncoding=UTF-8

    alter table board 
       add constraint FKsds8ox89wwf6aihinar49rmfy 
       foreign key (member_id) 
       references member (member_id)

    alter table board 
       add constraint FKsds8ox89wwf6aihinar49rmfy 
       foreign key (member_id) 
       references member (member_id);
2021-11-07 21:07:45.496 DEBUG 32172 --- [    Test worker] org.hibernate.SQL                        : 
    
    alter table comment 
       add constraint FKlij9oor1nav89jeat35s6kbp1 
       foreign key (board_id) 
       references board (board_id)
2021-11-07 21:07:45.573  INFO 32172 --- [    Test worker] p6spy                                    : #1636286865573 | took 77ms | statement | connection 2| url jdbc:mysql://localhost:3306/board?serverTimezone=UTC&characterEncoding=UTF-8

    alter table comment 
       add constraint FKlij9oor1nav89jeat35s6kbp1 
       foreign key (board_id) 
       references board (board_id)

    alter table comment 
       add constraint FKlij9oor1nav89jeat35s6kbp1 
       foreign key (board_id) 
       references board (board_id);
2021-11-07 21:07:45.574 DEBUG 32172 --- [    Test worker] org.hibernate.SQL                        : 
    
    alter table comment 
       add constraint FKmrrrpi513ssu63i2783jyiv9m 
       foreign key (member_id) 
       references member (member_id)
2021-11-07 21:07:45.658  INFO 32172 --- [    Test worker] p6spy                                    : #1636286865658 | took 84ms | statement | connection 2| url jdbc:mysql://localhost:3306/board?serverTimezone=UTC&characterEncoding=UTF-8

    alter table comment 
       add constraint FKmrrrpi513ssu63i2783jyiv9m 
       foreign key (member_id) 
       references member (member_id)

    alter table comment 
       add constraint FKmrrrpi513ssu63i2783jyiv9m 
       foreign key (member_id) 
       references member (member_id);
2021-11-07 21:07:45.659 DEBUG 32172 --- [    Test worker] org.hibernate.SQL                        : 
    
    alter table member_like_id 
       add constraint FKkisjubed607l8v7g1dlms9bje 
       foreign key (member_member_id) 
       references member (member_id)
2021-11-07 21:07:45.735  INFO 32172 --- [    Test worker] p6spy                                    : #1636286865735 | took 75ms | statement | connection 2| url jdbc:mysql://localhost:3306/board?serverTimezone=UTC&characterEncoding=UTF-8

    alter table member_like_id 
       add constraint FKkisjubed607l8v7g1dlms9bje 
       foreign key (member_member_id) 
       references member (member_id)

    alter table member_like_id 
       add constraint FKkisjubed607l8v7g1dlms9bje 
       foreign key (member_member_id) 
       references member (member_id);
2021-11-07 21:07:45.736 DEBUG 32172 --- [    Test worker] org.hibernate.SQL                        : 
    
    alter table member_roles 
       add constraint FKruptm2dtwl95mfks4bnhv828k 
       foreign key (member_member_id) 
       references member (member_id)
2021-11-07 21:07:45.817  INFO 32172 --- [    Test worker] p6spy                                    : #1636286865817 | took 81ms | statement | connection 2| url jdbc:mysql://localhost:3306/board?serverTimezone=UTC&characterEncoding=UTF-8

    alter table member_roles 
       add constraint FKruptm2dtwl95mfks4bnhv828k 
       foreign key (member_member_id) 
       references member (member_id)

    alter table member_roles 
       add constraint FKruptm2dtwl95mfks4bnhv828k 
       foreign key (member_member_id) 
       references member (member_id);
2021-11-07 21:07:45.820  INFO 32172 --- [    Test worker] o.h.e.t.j.p.i.JtaPlatformInitiator       : HHH000490: Using JtaPlatform implementation: [org.hibernate.engine.transaction.jta.platform.internal.NoJtaPlatform]
2021-11-07 21:07:45.832  INFO 32172 --- [    Test worker] j.LocalContainerEntityManagerFactoryBean : Initialized JPA EntityManagerFactory for persistence unit 'default'
2021-11-07 21:07:46.883  WARN 32172 --- [    Test worker] JpaBaseConfiguration$JpaWebConfiguration : spring.jpa.open-in-view is enabled by default. Therefore, database queries may be performed during view rendering. Explicitly configure spring.jpa.open-in-view to disable this warning
2021-11-07 21:07:48.060  INFO 32172 --- [    Test worker] o.s.s.web.DefaultSecurityFilterChain     : Will secure any request with [org.springframework.security.web.context.request.async.WebAsyncManagerIntegrationFilter@280ad83a, org.springframework.security.web.context.SecurityContextPersistenceFilter@3989fee8, org.springframework.security.web.header.HeaderWriterFilter@197d9e6d, org.springframework.security.web.authentication.logout.LogoutFilter@50519aec, com.example.boardapi.security.JWT.JwtAuthenticationFilter@28a0ce3d, org.springframework.security.web.savedrequest.RequestCacheAwareFilter@2ecb1c8e, org.springframework.security.web.servletapi.SecurityContextHolderAwareRequestFilter@ce40b6, org.springframework.security.web.authentication.AnonymousAuthenticationFilter@21d33784, org.springframework.security.web.session.SessionManagementFilter@5fa1414f, org.springframework.security.web.access.ExceptionTranslationFilter@52314f78, org.springframework.security.web.access.intercept.FilterSecurityInterceptor@950eb9b]
2021-11-07 21:07:49.600  INFO 32172 --- [    Test worker] c.e.boardapi.BoardApiApplicationTests    : Started BoardApiApplicationTests in 10.055 seconds (JVM running for 12.666)
]]></system-out>
  <system-err><![CDATA[]]></system-err>
</testsuite>
