<?xml version="1.0" encoding="UTF-8"?>
<testsuite name="com.example.boardapi.BoardApiApplicationTests" tests="1" skipped="0" failures="0" errors="0" timestamp="2021-10-29T06:00:53" hostname="DESKTOP-F55RK1N" time="0.293">
  <properties/>
  <testcase name="contextLoads()" classname="com.example.boardapi.BoardApiApplicationTests" time="0.293"/>
  <system-out><![CDATA[15:00:42.160 [Test worker] DEBUG org.springframework.test.context.BootstrapUtils - Instantiating CacheAwareContextLoaderDelegate from class [org.springframework.test.context.cache.DefaultCacheAwareContextLoaderDelegate]
15:00:42.180 [Test worker] DEBUG org.springframework.test.context.BootstrapUtils - Instantiating BootstrapContext using constructor [public org.springframework.test.context.support.DefaultBootstrapContext(java.lang.Class,org.springframework.test.context.CacheAwareContextLoaderDelegate)]
15:00:42.227 [Test worker] DEBUG org.springframework.test.context.BootstrapUtils - Instantiating TestContextBootstrapper for test class [com.example.boardapi.BoardApiApplicationTests] from class [org.springframework.boot.test.context.SpringBootTestContextBootstrapper]
15:00:42.242 [Test worker] INFO org.springframework.boot.test.context.SpringBootTestContextBootstrapper - Neither @ContextConfiguration nor @ContextHierarchy found for test class [com.example.boardapi.BoardApiApplicationTests], using SpringBootContextLoader
15:00:42.249 [Test worker] DEBUG org.springframework.test.context.support.AbstractContextLoader - Did not detect default resource location for test class [com.example.boardapi.BoardApiApplicationTests]: class path resource [com/example/boardapi/BoardApiApplicationTests-context.xml] does not exist
15:00:42.250 [Test worker] DEBUG org.springframework.test.context.support.AbstractContextLoader - Did not detect default resource location for test class [com.example.boardapi.BoardApiApplicationTests]: class path resource [com/example/boardapi/BoardApiApplicationTestsContext.groovy] does not exist
15:00:42.250 [Test worker] INFO org.springframework.test.context.support.AbstractContextLoader - Could not detect default resource locations for test class [com.example.boardapi.BoardApiApplicationTests]: no resource found for suffixes {-context.xml, Context.groovy}.
15:00:42.251 [Test worker] INFO org.springframework.test.context.support.AnnotationConfigContextLoaderUtils - Could not detect default configuration classes for test class [com.example.boardapi.BoardApiApplicationTests]: BoardApiApplicationTests does not declare any static, non-private, non-final, nested classes annotated with @Configuration.
15:00:42.322 [Test worker] DEBUG org.springframework.test.context.support.ActiveProfilesUtils - Could not find an 'annotation declaring class' for annotation type [org.springframework.test.context.ActiveProfiles] and class [com.example.boardapi.BoardApiApplicationTests]
15:00:42.414 [Test worker] DEBUG org.springframework.context.annotation.ClassPathScanningCandidateComponentProvider - Identified candidate component class: file [D:\springStudy\dev-community-master\dev-community-master\back-end\board-api\build\classes\java\main\com\example\boardapi\BoardApiApplication.class]
15:00:42.416 [Test worker] INFO org.springframework.boot.test.context.SpringBootTestContextBootstrapper - Found @SpringBootConfiguration com.example.boardapi.BoardApiApplication for test class com.example.boardapi.BoardApiApplicationTests
15:00:42.554 [Test worker] DEBUG org.springframework.boot.test.context.SpringBootTestContextBootstrapper - @TestExecutionListeners is not present for class [com.example.boardapi.BoardApiApplicationTests]: using defaults.
15:00:42.554 [Test worker] INFO org.springframework.boot.test.context.SpringBootTestContextBootstrapper - Loaded default TestExecutionListener class names from location [META-INF/spring.factories]: [org.springframework.boot.test.autoconfigure.restdocs.RestDocsTestExecutionListener, org.springframework.boot.test.autoconfigure.web.client.MockRestServiceServerResetTestExecutionListener, org.springframework.boot.test.autoconfigure.web.servlet.MockMvcPrintOnlyOnFailureTestExecutionListener, org.springframework.boot.test.autoconfigure.web.servlet.WebDriverTestExecutionListener, org.springframework.boot.test.autoconfigure.webservices.client.MockWebServiceServerTestExecutionListener, org.springframework.boot.test.mock.mockito.MockitoTestExecutionListener, org.springframework.boot.test.mock.mockito.ResetMocksTestExecutionListener, org.springframework.test.context.web.ServletTestExecutionListener, org.springframework.test.context.support.DirtiesContextBeforeModesTestExecutionListener, org.springframework.test.context.event.ApplicationEventsTestExecutionListener, org.springframework.test.context.support.DependencyInjectionTestExecutionListener, org.springframework.test.context.support.DirtiesContextTestExecutionListener, org.springframework.test.context.transaction.TransactionalTestExecutionListener, org.springframework.test.context.jdbc.SqlScriptsTestExecutionListener, org.springframework.test.context.event.EventPublishingTestExecutionListener]
15:00:42.588 [Test worker] INFO org.springframework.boot.test.context.SpringBootTestContextBootstrapper - Using TestExecutionListeners: [org.springframework.test.context.web.ServletTestExecutionListener@72f63d0b, org.springframework.test.context.support.DirtiesContextBeforeModesTestExecutionListener@1a3757fe, org.springframework.test.context.event.ApplicationEventsTestExecutionListener@6291da0b, org.springframework.boot.test.mock.mockito.MockitoTestExecutionListener@59a5b214, org.springframework.boot.test.autoconfigure.SpringBootDependencyInjectionTestExecutionListener@1af8c24e, org.springframework.test.context.support.DirtiesContextTestExecutionListener@3a50ee48, org.springframework.test.context.transaction.TransactionalTestExecutionListener@56fd2a8b, org.springframework.test.context.jdbc.SqlScriptsTestExecutionListener@22bc1752, org.springframework.test.context.event.EventPublishingTestExecutionListener@7e8a5bf9, org.springframework.boot.test.autoconfigure.restdocs.RestDocsTestExecutionListener@4315d8ce, org.springframework.boot.test.autoconfigure.web.client.MockRestServiceServerResetTestExecutionListener@7c831b55, org.springframework.boot.test.autoconfigure.web.servlet.MockMvcPrintOnlyOnFailureTestExecutionListener@3ec78510, org.springframework.boot.test.autoconfigure.web.servlet.WebDriverTestExecutionListener@12be54a2, org.springframework.boot.test.autoconfigure.webservices.client.MockWebServiceServerTestExecutionListener@7f003d93, org.springframework.boot.test.mock.mockito.ResetMocksTestExecutionListener@1bbdc895]
15:00:42.594 [Test worker] DEBUG org.springframework.test.context.support.AbstractDirtiesContextTestExecutionListener - Before test class: context [DefaultTestContext@f89eb65 testClass = BoardApiApplicationTests, testInstance = [null], testMethod = [null], testException = [null], mergedContextConfiguration = [WebMergedContextConfiguration@682cbe93 testClass = BoardApiApplicationTests, locations = '{}', classes = '{class com.example.boardapi.BoardApiApplication}', contextInitializerClasses = '[]', activeProfiles = '{}', propertySourceLocations = '{}', propertySourceProperties = '{org.springframework.boot.test.context.SpringBootTestContextBootstrapper=true}', contextCustomizers = set[org.springframework.boot.test.autoconfigure.actuate.metrics.MetricsExportContextCustomizerFactory$DisableMetricExportContextCustomizer@78f9a2f3, org.springframework.boot.test.autoconfigure.properties.PropertyMappingContextCustomizer@0, org.springframework.boot.test.autoconfigure.web.servlet.WebDriverContextCustomizerFactory$Customizer@7e9237ac, org.springframework.boot.test.context.filter.ExcludeFilterContextCustomizer@546735ff, org.springframework.boot.test.json.DuplicateJsonObjectContextCustomizerFactory$DuplicateJsonObjectContextCustomizer@2aac732a, org.springframework.boot.test.mock.mockito.MockitoContextCustomizer@0, org.springframework.boot.test.web.client.TestRestTemplateContextCustomizer@27bb7d05, org.springframework.boot.test.context.SpringBootTestArgs@1, org.springframework.boot.test.context.SpringBootTestWebEnvironment@4dba39d9], resourceBasePath = 'src/main/webapp', contextLoader = 'org.springframework.boot.test.context.SpringBootContextLoader', parent = [null]], attributes = map['org.springframework.test.context.web.ServletTestExecutionListener.activateListener' -> true]], class annotated with @DirtiesContext [false] with mode [null].
15:00:42.629 [Test worker] DEBUG org.springframework.test.context.support.TestPropertySourceUtils - Adding inlined properties to environment: {spring.jmx.enabled=false, org.springframework.boot.test.context.SpringBootTestContextBootstrapper=true}

  .   ____          _            __ _ _
 /\\ / ___'_ __ _ _(_)_ __  __ _ \ \ \ \
( ( )\___ | '_ | '_| | '_ \/ _` | \ \ \ \
 \\/  ___)| |_)| | | | | || (_| |  ) ) ) )
  '  |____| .__|_| |_|_| |_\__, | / / / /
 =========|_|==============|___/=/_/_/_/
 :: Spring Boot ::                (v2.5.5)

2021-10-29 15:00:43.078  INFO 15196 --- [    Test worker] c.e.boardapi.BoardApiApplicationTests    : Starting BoardApiApplicationTests using Java 11.0.9 on DESKTOP-F55RK1N with PID 15196 (started by ksw in D:\springStudy\dev-community-master\dev-community-master\back-end\board-api)
2021-10-29 15:00:43.081  INFO 15196 --- [    Test worker] c.e.boardapi.BoardApiApplicationTests    : No active profile set, falling back to default profiles: default
2021-10-29 15:00:44.727  INFO 15196 --- [    Test worker] .s.d.r.c.RepositoryConfigurationDelegate : Bootstrapping Spring Data JPA repositories in DEFAULT mode.
2021-10-29 15:00:44.866  INFO 15196 --- [    Test worker] .s.d.r.c.RepositoryConfigurationDelegate : Finished Spring Data repository scanning in 126 ms. Found 3 JPA repository interfaces.
2021-10-29 15:00:46.062  INFO 15196 --- [    Test worker] o.hibernate.jpa.internal.util.LogHelper  : HHH000204: Processing PersistenceUnitInfo [name: default]
2021-10-29 15:00:46.141  INFO 15196 --- [    Test worker] org.hibernate.Version                    : HHH000412: Hibernate ORM core version 5.4.32.Final
2021-10-29 15:00:46.343  INFO 15196 --- [    Test worker] o.hibernate.annotations.common.Version   : HCANN000001: Hibernate Commons Annotations {5.1.2.Final}
2021-10-29 15:00:46.499  INFO 15196 --- [    Test worker] com.zaxxer.hikari.HikariDataSource       : HikariPool-1 - Starting...
2021-10-29 15:00:47.003  INFO 15196 --- [    Test worker] com.zaxxer.hikari.HikariDataSource       : HikariPool-1 - Start completed.
2021-10-29 15:00:47.065  INFO 15196 --- [    Test worker] org.hibernate.dialect.Dialect            : HHH000400: Using dialect: org.hibernate.dialect.MySQL8Dialect
2021-10-29 15:00:48.269 DEBUG 15196 --- [    Test worker] org.hibernate.SQL                        : 
    
    alter table board 
       drop 
       foreign key FKsds8ox89wwf6aihinar49rmfy
2021-10-29 15:00:48.339  INFO 15196 --- [    Test worker] p6spy                                    : #1635487248339 | took 66ms | statement | connection 1| url jdbc:mysql://localhost:3306/board?serverTimezone=UTC&characterEncoding=UTF-8

    alter table board 
       drop 
       foreign key FKsds8ox89wwf6aihinar49rmfy

    alter table board 
       drop 
       foreign key FKsds8ox89wwf6aihinar49rmfy;
2021-10-29 15:00:48.340 DEBUG 15196 --- [    Test worker] org.hibernate.SQL                        : 
    
    alter table comment 
       drop 
       foreign key FKlij9oor1nav89jeat35s6kbp1
2021-10-29 15:00:48.412  INFO 15196 --- [    Test worker] p6spy                                    : #1635487248412 | took 71ms | statement | connection 1| url jdbc:mysql://localhost:3306/board?serverTimezone=UTC&characterEncoding=UTF-8

    alter table comment 
       drop 
       foreign key FKlij9oor1nav89jeat35s6kbp1

    alter table comment 
       drop 
       foreign key FKlij9oor1nav89jeat35s6kbp1;
2021-10-29 15:00:48.413 DEBUG 15196 --- [    Test worker] org.hibernate.SQL                        : 
    
    alter table comment 
       drop 
       foreign key FKmrrrpi513ssu63i2783jyiv9m
2021-10-29 15:00:48.436  INFO 15196 --- [    Test worker] p6spy                                    : #1635487248436 | took 22ms | statement | connection 1| url jdbc:mysql://localhost:3306/board?serverTimezone=UTC&characterEncoding=UTF-8

    alter table comment 
       drop 
       foreign key FKmrrrpi513ssu63i2783jyiv9m

    alter table comment 
       drop 
       foreign key FKmrrrpi513ssu63i2783jyiv9m;
2021-10-29 15:00:48.437 DEBUG 15196 --- [    Test worker] org.hibernate.SQL                        : 
    
    alter table member_roles 
       drop 
       foreign key FKruptm2dtwl95mfks4bnhv828k
2021-10-29 15:00:48.459  INFO 15196 --- [    Test worker] p6spy                                    : #1635487248459 | took 22ms | statement | connection 1| url jdbc:mysql://localhost:3306/board?serverTimezone=UTC&characterEncoding=UTF-8

    alter table member_roles 
       drop 
       foreign key FKruptm2dtwl95mfks4bnhv828k

    alter table member_roles 
       drop 
       foreign key FKruptm2dtwl95mfks4bnhv828k;
2021-10-29 15:00:48.460 DEBUG 15196 --- [    Test worker] org.hibernate.SQL                        : 
    
    drop table if exists board
2021-10-29 15:00:48.504  INFO 15196 --- [    Test worker] p6spy                                    : #1635487248504 | took 42ms | statement | connection 1| url jdbc:mysql://localhost:3306/board?serverTimezone=UTC&characterEncoding=UTF-8

    drop table if exists board

    drop table if exists board;
2021-10-29 15:00:48.505 DEBUG 15196 --- [    Test worker] org.hibernate.SQL                        : 
    
    drop table if exists comment
2021-10-29 15:00:48.526  INFO 15196 --- [    Test worker] p6spy                                    : #1635487248526 | took 21ms | statement | connection 1| url jdbc:mysql://localhost:3306/board?serverTimezone=UTC&characterEncoding=UTF-8

    drop table if exists comment

    drop table if exists comment;
2021-10-29 15:00:48.527 DEBUG 15196 --- [    Test worker] org.hibernate.SQL                        : 
    
    drop table if exists hibernate_sequence
2021-10-29 15:00:48.553  INFO 15196 --- [    Test worker] p6spy                                    : #1635487248553 | took 25ms | statement | connection 1| url jdbc:mysql://localhost:3306/board?serverTimezone=UTC&characterEncoding=UTF-8

    drop table if exists hibernate_sequence

    drop table if exists hibernate_sequence;
2021-10-29 15:00:48.554 DEBUG 15196 --- [    Test worker] org.hibernate.SQL                        : 
    
    drop table if exists member
2021-10-29 15:00:48.576  INFO 15196 --- [    Test worker] p6spy                                    : #1635487248576 | took 21ms | statement | connection 1| url jdbc:mysql://localhost:3306/board?serverTimezone=UTC&characterEncoding=UTF-8

    drop table if exists member

    drop table if exists member;
2021-10-29 15:00:48.577 DEBUG 15196 --- [    Test worker] org.hibernate.SQL                        : 
    
    drop table if exists member_roles
2021-10-29 15:00:48.599  INFO 15196 --- [    Test worker] p6spy                                    : #1635487248599 | took 22ms | statement | connection 1| url jdbc:mysql://localhost:3306/board?serverTimezone=UTC&characterEncoding=UTF-8

    drop table if exists member_roles

    drop table if exists member_roles;
2021-10-29 15:00:48.603 DEBUG 15196 --- [    Test worker] org.hibernate.SQL                        : 
    
    create table board (
       board_id bigint not null,
        board_type varchar(255),
        content TEXT,
        created_by varchar(255),
        created_date datetime(6),
        last_modified_by varchar(255),
        last_modified_date datetime(6),
        likes integer not null,
        title varchar(255),
        member_id bigint,
        primary key (board_id)
    ) engine=InnoDB
2021-10-29 15:00:48.660  INFO 15196 --- [    Test worker] p6spy                                    : #1635487248660 | took 56ms | statement | connection 2| url jdbc:mysql://localhost:3306/board?serverTimezone=UTC&characterEncoding=UTF-8

    create table board (
       board_id bigint not null,
        board_type varchar(255),
        content TEXT,
        created_by varchar(255),
        created_date datetime(6),
        last_modified_by varchar(255),
        last_modified_date datetime(6),
        likes integer not null,
        title varchar(255),
        member_id bigint,
        primary key (board_id)
    ) engine=InnoDB

    create table board (
       board_id bigint not null,
        board_type varchar(255),
        content TEXT,
        created_by varchar(255),
        created_date datetime(6),
        last_modified_by varchar(255),
        last_modified_date datetime(6),
        likes integer not null,
        title varchar(255),
        member_id bigint,
        primary key (board_id)
    ) engine=InnoDB;
2021-10-29 15:00:48.662 DEBUG 15196 --- [    Test worker] org.hibernate.SQL                        : 
    
    create table comment (
       comment_id bigint not null,
        content varchar(255),
        created_by varchar(255),
        created_date datetime(6),
        last_modified_by varchar(255),
        last_modified_date datetime(6),
        likes integer not null,
        board_id bigint,
        member_id bigint,
        primary key (comment_id)
    ) engine=InnoDB
2021-10-29 15:00:48.707  INFO 15196 --- [    Test worker] p6spy                                    : #1635487248707 | took 45ms | statement | connection 2| url jdbc:mysql://localhost:3306/board?serverTimezone=UTC&characterEncoding=UTF-8

    create table comment (
       comment_id bigint not null,
        content varchar(255),
        created_by varchar(255),
        created_date datetime(6),
        last_modified_by varchar(255),
        last_modified_date datetime(6),
        likes integer not null,
        board_id bigint,
        member_id bigint,
        primary key (comment_id)
    ) engine=InnoDB

    create table comment (
       comment_id bigint not null,
        content varchar(255),
        created_by varchar(255),
        created_date datetime(6),
        last_modified_by varchar(255),
        last_modified_date datetime(6),
        likes integer not null,
        board_id bigint,
        member_id bigint,
        primary key (comment_id)
    ) engine=InnoDB;
2021-10-29 15:00:48.709 DEBUG 15196 --- [    Test worker] org.hibernate.SQL                        : 
    
    create table hibernate_sequence (
       next_val bigint
    ) engine=InnoDB
2021-10-29 15:00:48.755  INFO 15196 --- [    Test worker] p6spy                                    : #1635487248755 | took 45ms | statement | connection 2| url jdbc:mysql://localhost:3306/board?serverTimezone=UTC&characterEncoding=UTF-8

    create table hibernate_sequence (
       next_val bigint
    ) engine=InnoDB

    create table hibernate_sequence (
       next_val bigint
    ) engine=InnoDB;
2021-10-29 15:00:48.757 DEBUG 15196 --- [    Test worker] org.hibernate.SQL                        : 
    
    insert into hibernate_sequence values ( 1 )
2021-10-29 15:00:48.763  INFO 15196 --- [    Test worker] p6spy                                    : #1635487248763 | took 5ms | statement | connection 2| url jdbc:mysql://localhost:3306/board?serverTimezone=UTC&characterEncoding=UTF-8

    insert into hibernate_sequence values ( 1 )

    insert into hibernate_sequence values ( 1 );
2021-10-29 15:00:48.764 DEBUG 15196 --- [    Test worker] org.hibernate.SQL                        : 
    
    create table member (
       member_id bigint not null,
        address varchar(255),
        age integer not null,
        created_date datetime(6),
        last_modified_date datetime(6),
        login_id varchar(255),
        name varchar(255),
        password varchar(255),
        primary key (member_id)
    ) engine=InnoDB
2021-10-29 15:00:48.812  INFO 15196 --- [    Test worker] p6spy                                    : #1635487248812 | took 48ms | statement | connection 2| url jdbc:mysql://localhost:3306/board?serverTimezone=UTC&characterEncoding=UTF-8

    create table member (
       member_id bigint not null,
        address varchar(255),
        age integer not null,
        created_date datetime(6),
        last_modified_date datetime(6),
        login_id varchar(255),
        name varchar(255),
        password varchar(255),
        primary key (member_id)
    ) engine=InnoDB

    create table member (
       member_id bigint not null,
        address varchar(255),
        age integer not null,
        created_date datetime(6),
        last_modified_date datetime(6),
        login_id varchar(255),
        name varchar(255),
        password varchar(255),
        primary key (member_id)
    ) engine=InnoDB;
2021-10-29 15:00:48.813 DEBUG 15196 --- [    Test worker] org.hibernate.SQL                        : 
    
    create table member_roles (
       member_member_id bigint not null,
        roles varchar(255)
    ) engine=InnoDB
2021-10-29 15:00:48.856  INFO 15196 --- [    Test worker] p6spy                                    : #1635487248856 | took 42ms | statement | connection 2| url jdbc:mysql://localhost:3306/board?serverTimezone=UTC&characterEncoding=UTF-8

    create table member_roles (
       member_member_id bigint not null,
        roles varchar(255)
    ) engine=InnoDB

    create table member_roles (
       member_member_id bigint not null,
        roles varchar(255)
    ) engine=InnoDB;
2021-10-29 15:00:48.857 DEBUG 15196 --- [    Test worker] org.hibernate.SQL                        : 
    
    alter table board 
       add constraint FKsds8ox89wwf6aihinar49rmfy 
       foreign key (member_id) 
       references member (member_id)
2021-10-29 15:00:48.973  INFO 15196 --- [    Test worker] p6spy                                    : #1635487248973 | took 115ms | statement | connection 2| url jdbc:mysql://localhost:3306/board?serverTimezone=UTC&characterEncoding=UTF-8

    alter table board 
       add constraint FKsds8ox89wwf6aihinar49rmfy 
       foreign key (member_id) 
       references member (member_id)

    alter table board 
       add constraint FKsds8ox89wwf6aihinar49rmfy 
       foreign key (member_id) 
       references member (member_id);
2021-10-29 15:00:48.974 DEBUG 15196 --- [    Test worker] org.hibernate.SQL                        : 
    
    alter table comment 
       add constraint FKlij9oor1nav89jeat35s6kbp1 
       foreign key (board_id) 
       references board (board_id)
2021-10-29 15:00:49.094  INFO 15196 --- [    Test worker] p6spy                                    : #1635487249094 | took 119ms | statement | connection 2| url jdbc:mysql://localhost:3306/board?serverTimezone=UTC&characterEncoding=UTF-8

    alter table comment 
       add constraint FKlij9oor1nav89jeat35s6kbp1 
       foreign key (board_id) 
       references board (board_id)

    alter table comment 
       add constraint FKlij9oor1nav89jeat35s6kbp1 
       foreign key (board_id) 
       references board (board_id);
2021-10-29 15:00:49.095 DEBUG 15196 --- [    Test worker] org.hibernate.SQL                        : 
    
    alter table comment 
       add constraint FKmrrrpi513ssu63i2783jyiv9m 
       foreign key (member_id) 
       references member (member_id)
2021-10-29 15:00:49.210  INFO 15196 --- [    Test worker] p6spy                                    : #1635487249210 | took 114ms | statement | connection 2| url jdbc:mysql://localhost:3306/board?serverTimezone=UTC&characterEncoding=UTF-8

    alter table comment 
       add constraint FKmrrrpi513ssu63i2783jyiv9m 
       foreign key (member_id) 
       references member (member_id)

    alter table comment 
       add constraint FKmrrrpi513ssu63i2783jyiv9m 
       foreign key (member_id) 
       references member (member_id);
2021-10-29 15:00:49.211 DEBUG 15196 --- [    Test worker] org.hibernate.SQL                        : 
    
    alter table member_roles 
       add constraint FKruptm2dtwl95mfks4bnhv828k 
       foreign key (member_member_id) 
       references member (member_id)
2021-10-29 15:00:49.409  INFO 15196 --- [    Test worker] p6spy                                    : #1635487249409 | took 198ms | statement | connection 2| url jdbc:mysql://localhost:3306/board?serverTimezone=UTC&characterEncoding=UTF-8

    alter table member_roles 
       add constraint FKruptm2dtwl95mfks4bnhv828k 
       foreign key (member_member_id) 
       references member (member_id)

    alter table member_roles 
       add constraint FKruptm2dtwl95mfks4bnhv828k 
       foreign key (member_member_id) 
       references member (member_id);
2021-10-29 15:00:49.413  INFO 15196 --- [    Test worker] o.h.e.t.j.p.i.JtaPlatformInitiator       : HHH000490: Using JtaPlatform implementation: [org.hibernate.engine.transaction.jta.platform.internal.NoJtaPlatform]
2021-10-29 15:00:49.426  INFO 15196 --- [    Test worker] j.LocalContainerEntityManagerFactoryBean : Initialized JPA EntityManagerFactory for persistence unit 'default'
2021-10-29 15:00:50.423  WARN 15196 --- [    Test worker] JpaBaseConfiguration$JpaWebConfiguration : spring.jpa.open-in-view is enabled by default. Therefore, database queries may be performed during view rendering. Explicitly configure spring.jpa.open-in-view to disable this warning
2021-10-29 15:00:51.703  INFO 15196 --- [    Test worker] o.s.s.web.DefaultSecurityFilterChain     : Will secure any request with [org.springframework.security.web.context.request.async.WebAsyncManagerIntegrationFilter@315f9fa8, org.springframework.security.web.context.SecurityContextPersistenceFilter@1259d3ff, org.springframework.security.web.header.HeaderWriterFilter@14ecf25d, org.springframework.security.web.authentication.logout.LogoutFilter@4671c6b1, com.example.boardapi.security.JWT.JwtAuthenticationFilter@37ae948f, org.springframework.security.web.savedrequest.RequestCacheAwareFilter@38fcf2f9, org.springframework.security.web.servletapi.SecurityContextHolderAwareRequestFilter@7efcda85, org.springframework.security.web.authentication.AnonymousAuthenticationFilter@5bd86749, org.springframework.security.web.session.SessionManagementFilter@94e9cc5, org.springframework.security.web.access.ExceptionTranslationFilter@67b93866, org.springframework.security.web.access.intercept.FilterSecurityInterceptor@59a65c72]
2021-10-29 15:00:53.507  INFO 15196 --- [    Test worker] c.e.boardapi.BoardApiApplicationTests    : Started BoardApiApplicationTests in 10.87 seconds (JVM running for 13.596)
]]></system-out>
  <system-err><![CDATA[]]></system-err>
</testsuite>
