<?xml version="1.0" encoding="UTF-8"?>
<testsuite name="com.example.boardapi.BoardApiApplicationTests" tests="1" skipped="0" failures="0" errors="0" timestamp="2021-11-07T10:22:33" hostname="DESKTOP-F55RK1N" time="0.178">
  <properties/>
  <testcase name="contextLoads()" classname="com.example.boardapi.BoardApiApplicationTests" time="0.178"/>
  <system-out><![CDATA[19:22:10.057 [Test worker] DEBUG org.springframework.test.context.BootstrapUtils - Instantiating CacheAwareContextLoaderDelegate from class [org.springframework.test.context.cache.DefaultCacheAwareContextLoaderDelegate]
19:22:10.088 [Test worker] DEBUG org.springframework.test.context.BootstrapUtils - Instantiating BootstrapContext using constructor [public org.springframework.test.context.support.DefaultBootstrapContext(java.lang.Class,org.springframework.test.context.CacheAwareContextLoaderDelegate)]
19:22:10.153 [Test worker] DEBUG org.springframework.test.context.BootstrapUtils - Instantiating TestContextBootstrapper for test class [com.example.boardapi.BoardApiApplicationTests] from class [org.springframework.boot.test.context.SpringBootTestContextBootstrapper]
19:22:10.187 [Test worker] INFO org.springframework.boot.test.context.SpringBootTestContextBootstrapper - Neither @ContextConfiguration nor @ContextHierarchy found for test class [com.example.boardapi.BoardApiApplicationTests], using SpringBootContextLoader
19:22:10.199 [Test worker] DEBUG org.springframework.test.context.support.AbstractContextLoader - Did not detect default resource location for test class [com.example.boardapi.BoardApiApplicationTests]: class path resource [com/example/boardapi/BoardApiApplicationTests-context.xml] does not exist
19:22:10.203 [Test worker] DEBUG org.springframework.test.context.support.AbstractContextLoader - Did not detect default resource location for test class [com.example.boardapi.BoardApiApplicationTests]: class path resource [com/example/boardapi/BoardApiApplicationTestsContext.groovy] does not exist
19:22:10.204 [Test worker] INFO org.springframework.test.context.support.AbstractContextLoader - Could not detect default resource locations for test class [com.example.boardapi.BoardApiApplicationTests]: no resource found for suffixes {-context.xml, Context.groovy}.
19:22:10.205 [Test worker] INFO org.springframework.test.context.support.AnnotationConfigContextLoaderUtils - Could not detect default configuration classes for test class [com.example.boardapi.BoardApiApplicationTests]: BoardApiApplicationTests does not declare any static, non-private, non-final, nested classes annotated with @Configuration.
19:22:10.312 [Test worker] DEBUG org.springframework.test.context.support.ActiveProfilesUtils - Could not find an 'annotation declaring class' for annotation type [org.springframework.test.context.ActiveProfiles] and class [com.example.boardapi.BoardApiApplicationTests]
19:22:10.651 [Test worker] DEBUG org.springframework.context.annotation.ClassPathScanningCandidateComponentProvider - Identified candidate component class: file [D:\springStudy\dev-community-master\dev-community-master\back-end\board-api\build\classes\java\main\com\example\boardapi\BoardApiApplication.class]
19:22:10.654 [Test worker] INFO org.springframework.boot.test.context.SpringBootTestContextBootstrapper - Found @SpringBootConfiguration com.example.boardapi.BoardApiApplication for test class com.example.boardapi.BoardApiApplicationTests
19:22:11.136 [Test worker] DEBUG org.springframework.boot.test.context.SpringBootTestContextBootstrapper - @TestExecutionListeners is not present for class [com.example.boardapi.BoardApiApplicationTests]: using defaults.
19:22:11.137 [Test worker] INFO org.springframework.boot.test.context.SpringBootTestContextBootstrapper - Loaded default TestExecutionListener class names from location [META-INF/spring.factories]: [org.springframework.boot.test.autoconfigure.restdocs.RestDocsTestExecutionListener, org.springframework.boot.test.autoconfigure.web.client.MockRestServiceServerResetTestExecutionListener, org.springframework.boot.test.autoconfigure.web.servlet.MockMvcPrintOnlyOnFailureTestExecutionListener, org.springframework.boot.test.autoconfigure.web.servlet.WebDriverTestExecutionListener, org.springframework.boot.test.autoconfigure.webservices.client.MockWebServiceServerTestExecutionListener, org.springframework.boot.test.mock.mockito.MockitoTestExecutionListener, org.springframework.boot.test.mock.mockito.ResetMocksTestExecutionListener, org.springframework.test.context.web.ServletTestExecutionListener, org.springframework.test.context.support.DirtiesContextBeforeModesTestExecutionListener, org.springframework.test.context.event.ApplicationEventsTestExecutionListener, org.springframework.test.context.support.DependencyInjectionTestExecutionListener, org.springframework.test.context.support.DirtiesContextTestExecutionListener, org.springframework.test.context.transaction.TransactionalTestExecutionListener, org.springframework.test.context.jdbc.SqlScriptsTestExecutionListener, org.springframework.test.context.event.EventPublishingTestExecutionListener]
19:22:11.265 [Test worker] INFO org.springframework.boot.test.context.SpringBootTestContextBootstrapper - Using TestExecutionListeners: [org.springframework.test.context.web.ServletTestExecutionListener@4d21c75d, org.springframework.test.context.support.DirtiesContextBeforeModesTestExecutionListener@54a35072, org.springframework.test.context.event.ApplicationEventsTestExecutionListener@549fe3f, org.springframework.boot.test.mock.mockito.MockitoTestExecutionListener@4921cb7e, org.springframework.boot.test.autoconfigure.SpringBootDependencyInjectionTestExecutionListener@a79f628, org.springframework.test.context.support.DirtiesContextTestExecutionListener@441717d5, org.springframework.test.context.transaction.TransactionalTestExecutionListener@ee5a16e, org.springframework.test.context.jdbc.SqlScriptsTestExecutionListener@49d8e1f7, org.springframework.test.context.event.EventPublishingTestExecutionListener@cd59652, org.springframework.boot.test.autoconfigure.restdocs.RestDocsTestExecutionListener@708091a2, org.springframework.boot.test.autoconfigure.web.client.MockRestServiceServerResetTestExecutionListener@534da00d, org.springframework.boot.test.autoconfigure.web.servlet.MockMvcPrintOnlyOnFailureTestExecutionListener@5d1424ca, org.springframework.boot.test.autoconfigure.web.servlet.WebDriverTestExecutionListener@7d535e3c, org.springframework.boot.test.autoconfigure.webservices.client.MockWebServiceServerTestExecutionListener@92acdb5, org.springframework.boot.test.mock.mockito.ResetMocksTestExecutionListener@37595955]
19:22:11.280 [Test worker] DEBUG org.springframework.test.context.support.AbstractDirtiesContextTestExecutionListener - Before test class: context [DefaultTestContext@7e042dcb testClass = BoardApiApplicationTests, testInstance = [null], testMethod = [null], testException = [null], mergedContextConfiguration = [WebMergedContextConfiguration@3e8ecbbe testClass = BoardApiApplicationTests, locations = '{}', classes = '{class com.example.boardapi.BoardApiApplication}', contextInitializerClasses = '[]', activeProfiles = '{}', propertySourceLocations = '{}', propertySourceProperties = '{org.springframework.boot.test.context.SpringBootTestContextBootstrapper=true}', contextCustomizers = set[org.springframework.boot.test.autoconfigure.actuate.metrics.MetricsExportContextCustomizerFactory$DisableMetricExportContextCustomizer@3605bb66, org.springframework.boot.test.autoconfigure.properties.PropertyMappingContextCustomizer@0, org.springframework.boot.test.autoconfigure.web.servlet.WebDriverContextCustomizerFactory$Customizer@22e1d9ba, org.springframework.boot.test.context.filter.ExcludeFilterContextCustomizer@1c812a41, org.springframework.boot.test.json.DuplicateJsonObjectContextCustomizerFactory$DuplicateJsonObjectContextCustomizer@5e505784, org.springframework.boot.test.mock.mockito.MockitoContextCustomizer@0, org.springframework.boot.test.web.client.TestRestTemplateContextCustomizer@17e29707, org.springframework.boot.test.context.SpringBootTestArgs@1, org.springframework.boot.test.context.SpringBootTestWebEnvironment@1768ccb], resourceBasePath = 'src/main/webapp', contextLoader = 'org.springframework.boot.test.context.SpringBootContextLoader', parent = [null]], attributes = map['org.springframework.test.context.web.ServletTestExecutionListener.activateListener' -> true]], class annotated with @DirtiesContext [false] with mode [null].
19:22:11.389 [Test worker] DEBUG org.springframework.test.context.support.TestPropertySourceUtils - Adding inlined properties to environment: {spring.jmx.enabled=false, org.springframework.boot.test.context.SpringBootTestContextBootstrapper=true}

  .   ____          _            __ _ _
 /\\ / ___'_ __ _ _(_)_ __  __ _ \ \ \ \
( ( )\___ | '_ | '_| | '_ \/ _` | \ \ \ \
 \\/  ___)| |_)| | | | | || (_| |  ) ) ) )
  '  |____| .__|_| |_|_| |_\__, | / / / /
 =========|_|==============|___/=/_/_/_/
 :: Spring Boot ::                (v2.5.5)

2021-11-07 19:22:12.413  INFO 30676 --- [    Test worker] c.e.boardapi.BoardApiApplicationTests    : Starting BoardApiApplicationTests using Java 11.0.9 on DESKTOP-F55RK1N with PID 30676 (started by ksw in D:\springStudy\dev-community-master\dev-community-master\back-end\board-api)
2021-11-07 19:22:12.417  INFO 30676 --- [    Test worker] c.e.boardapi.BoardApiApplicationTests    : No active profile set, falling back to default profiles: default
2021-11-07 19:22:18.377  INFO 30676 --- [    Test worker] .s.d.r.c.RepositoryConfigurationDelegate : Bootstrapping Spring Data JPA repositories in DEFAULT mode.
2021-11-07 19:22:18.768  INFO 30676 --- [    Test worker] .s.d.r.c.RepositoryConfigurationDelegate : Finished Spring Data repository scanning in 356 ms. Found 3 JPA repository interfaces.
2021-11-07 19:22:21.239  INFO 30676 --- [    Test worker] o.hibernate.jpa.internal.util.LogHelper  : HHH000204: Processing PersistenceUnitInfo [name: default]
2021-11-07 19:22:21.395  INFO 30676 --- [    Test worker] org.hibernate.Version                    : HHH000412: Hibernate ORM core version 5.4.32.Final
2021-11-07 19:22:21.824  INFO 30676 --- [    Test worker] o.hibernate.annotations.common.Version   : HCANN000001: Hibernate Commons Annotations {5.1.2.Final}
2021-11-07 19:22:22.065  INFO 30676 --- [    Test worker] com.zaxxer.hikari.HikariDataSource       : HikariPool-1 - Starting...
2021-11-07 19:22:22.717  INFO 30676 --- [    Test worker] com.zaxxer.hikari.HikariDataSource       : HikariPool-1 - Start completed.
2021-11-07 19:22:22.807  INFO 30676 --- [    Test worker] org.hibernate.dialect.Dialect            : HHH000400: Using dialect: org.hibernate.dialect.MySQL8Dialect
2021-11-07 19:22:24.454 DEBUG 30676 --- [    Test worker] org.hibernate.SQL                        : 
    
    alter table board 
       drop 
       foreign key FKsds8ox89wwf6aihinar49rmfy
2021-11-07 19:22:24.538  INFO 30676 --- [    Test worker] p6spy                                    : #1636280544537 | took 78ms | statement | connection 1| url jdbc:mysql://localhost:3306/board?serverTimezone=UTC&characterEncoding=UTF-8

    alter table board 
       drop 
       foreign key FKsds8ox89wwf6aihinar49rmfy

    alter table board 
       drop 
       foreign key FKsds8ox89wwf6aihinar49rmfy;
2021-11-07 19:22:24.539 DEBUG 30676 --- [    Test worker] org.hibernate.SQL                        : 
    
    alter table comment 
       drop 
       foreign key FKlij9oor1nav89jeat35s6kbp1
2021-11-07 19:22:24.561  INFO 30676 --- [    Test worker] p6spy                                    : #1636280544561 | took 20ms | statement | connection 1| url jdbc:mysql://localhost:3306/board?serverTimezone=UTC&characterEncoding=UTF-8

    alter table comment 
       drop 
       foreign key FKlij9oor1nav89jeat35s6kbp1

    alter table comment 
       drop 
       foreign key FKlij9oor1nav89jeat35s6kbp1;
2021-11-07 19:22:24.562 DEBUG 30676 --- [    Test worker] org.hibernate.SQL                        : 
    
    alter table comment 
       drop 
       foreign key FKmrrrpi513ssu63i2783jyiv9m
2021-11-07 19:22:24.596  INFO 30676 --- [    Test worker] p6spy                                    : #1636280544596 | took 33ms | statement | connection 1| url jdbc:mysql://localhost:3306/board?serverTimezone=UTC&characterEncoding=UTF-8

    alter table comment 
       drop 
       foreign key FKmrrrpi513ssu63i2783jyiv9m

    alter table comment 
       drop 
       foreign key FKmrrrpi513ssu63i2783jyiv9m;
2021-11-07 19:22:24.597 DEBUG 30676 --- [    Test worker] org.hibernate.SQL                        : 
    
    alter table member_like_id 
       drop 
       foreign key FKkisjubed607l8v7g1dlms9bje
2021-11-07 19:22:24.635  INFO 30676 --- [    Test worker] p6spy                                    : #1636280544635 | took 37ms | statement | connection 1| url jdbc:mysql://localhost:3306/board?serverTimezone=UTC&characterEncoding=UTF-8

    alter table member_like_id 
       drop 
       foreign key FKkisjubed607l8v7g1dlms9bje

    alter table member_like_id 
       drop 
       foreign key FKkisjubed607l8v7g1dlms9bje;
2021-11-07 19:22:24.636 DEBUG 30676 --- [    Test worker] org.hibernate.SQL                        : 
    
    alter table member_roles 
       drop 
       foreign key FKruptm2dtwl95mfks4bnhv828k
2021-11-07 19:22:24.655  INFO 30676 --- [    Test worker] p6spy                                    : #1636280544655 | took 18ms | statement | connection 1| url jdbc:mysql://localhost:3306/board?serverTimezone=UTC&characterEncoding=UTF-8

    alter table member_roles 
       drop 
       foreign key FKruptm2dtwl95mfks4bnhv828k

    alter table member_roles 
       drop 
       foreign key FKruptm2dtwl95mfks4bnhv828k;
2021-11-07 19:22:24.657 DEBUG 30676 --- [    Test worker] org.hibernate.SQL                        : 
    
    drop table if exists board
2021-11-07 19:22:24.686  INFO 30676 --- [    Test worker] p6spy                                    : #1636280544686 | took 28ms | statement | connection 1| url jdbc:mysql://localhost:3306/board?serverTimezone=UTC&characterEncoding=UTF-8

    drop table if exists board

    drop table if exists board;
2021-11-07 19:22:24.687 DEBUG 30676 --- [    Test worker] org.hibernate.SQL                        : 
    
    drop table if exists comment
2021-11-07 19:22:24.705  INFO 30676 --- [    Test worker] p6spy                                    : #1636280544705 | took 17ms | statement | connection 1| url jdbc:mysql://localhost:3306/board?serverTimezone=UTC&characterEncoding=UTF-8

    drop table if exists comment

    drop table if exists comment;
2021-11-07 19:22:24.706 DEBUG 30676 --- [    Test worker] org.hibernate.SQL                        : 
    
    drop table if exists hibernate_sequence
2021-11-07 19:22:24.740  INFO 30676 --- [    Test worker] p6spy                                    : #1636280544740 | took 34ms | statement | connection 1| url jdbc:mysql://localhost:3306/board?serverTimezone=UTC&characterEncoding=UTF-8

    drop table if exists hibernate_sequence

    drop table if exists hibernate_sequence;
2021-11-07 19:22:24.742 DEBUG 30676 --- [    Test worker] org.hibernate.SQL                        : 
    
    drop table if exists member
2021-11-07 19:22:24.766  INFO 30676 --- [    Test worker] p6spy                                    : #1636280544766 | took 24ms | statement | connection 1| url jdbc:mysql://localhost:3306/board?serverTimezone=UTC&characterEncoding=UTF-8

    drop table if exists member

    drop table if exists member;
2021-11-07 19:22:24.767 DEBUG 30676 --- [    Test worker] org.hibernate.SQL                        : 
    
    drop table if exists member_like_id
2021-11-07 19:22:24.790  INFO 30676 --- [    Test worker] p6spy                                    : #1636280544790 | took 21ms | statement | connection 1| url jdbc:mysql://localhost:3306/board?serverTimezone=UTC&characterEncoding=UTF-8

    drop table if exists member_like_id

    drop table if exists member_like_id;
2021-11-07 19:22:24.791 DEBUG 30676 --- [    Test worker] org.hibernate.SQL                        : 
    
    drop table if exists member_roles
2021-11-07 19:22:24.818  INFO 30676 --- [    Test worker] p6spy                                    : #1636280544818 | took 27ms | statement | connection 1| url jdbc:mysql://localhost:3306/board?serverTimezone=UTC&characterEncoding=UTF-8

    drop table if exists member_roles

    drop table if exists member_roles;
2021-11-07 19:22:24.823 DEBUG 30676 --- [    Test worker] org.hibernate.SQL                        : 
    
    create table board (
       board_id bigint not null,
        board_type varchar(255),
        content TEXT,
        created_by varchar(255),
        created_date datetime(6),
        last_modified_by varchar(255),
        last_modified_date datetime(6),
        likes integer not null,
        title varchar(255),
        member_id bigint,
        primary key (board_id)
    ) engine=InnoDB
2021-11-07 19:22:24.864  INFO 30676 --- [    Test worker] p6spy                                    : #1636280544864 | took 39ms | statement | connection 2| url jdbc:mysql://localhost:3306/board?serverTimezone=UTC&characterEncoding=UTF-8

    create table board (
       board_id bigint not null,
        board_type varchar(255),
        content TEXT,
        created_by varchar(255),
        created_date datetime(6),
        last_modified_by varchar(255),
        last_modified_date datetime(6),
        likes integer not null,
        title varchar(255),
        member_id bigint,
        primary key (board_id)
    ) engine=InnoDB

    create table board (
       board_id bigint not null,
        board_type varchar(255),
        content TEXT,
        created_by varchar(255),
        created_date datetime(6),
        last_modified_by varchar(255),
        last_modified_date datetime(6),
        likes integer not null,
        title varchar(255),
        member_id bigint,
        primary key (board_id)
    ) engine=InnoDB;
2021-11-07 19:22:24.865 DEBUG 30676 --- [    Test worker] org.hibernate.SQL                        : 
    
    create table comment (
       comment_id bigint not null,
        content varchar(255),
        created_by varchar(255),
        created_date datetime(6),
        last_modified_by varchar(255),
        last_modified_date datetime(6),
        likes integer not null,
        board_id bigint,
        member_id bigint,
        primary key (comment_id)
    ) engine=InnoDB
2021-11-07 19:22:24.921  INFO 30676 --- [    Test worker] p6spy                                    : #1636280544921 | took 55ms | statement | connection 2| url jdbc:mysql://localhost:3306/board?serverTimezone=UTC&characterEncoding=UTF-8

    create table comment (
       comment_id bigint not null,
        content varchar(255),
        created_by varchar(255),
        created_date datetime(6),
        last_modified_by varchar(255),
        last_modified_date datetime(6),
        likes integer not null,
        board_id bigint,
        member_id bigint,
        primary key (comment_id)
    ) engine=InnoDB

    create table comment (
       comment_id bigint not null,
        content varchar(255),
        created_by varchar(255),
        created_date datetime(6),
        last_modified_by varchar(255),
        last_modified_date datetime(6),
        likes integer not null,
        board_id bigint,
        member_id bigint,
        primary key (comment_id)
    ) engine=InnoDB;
2021-11-07 19:22:24.922 DEBUG 30676 --- [    Test worker] org.hibernate.SQL                        : 
    
    create table hibernate_sequence (
       next_val bigint
    ) engine=InnoDB
2021-11-07 19:22:24.954  INFO 30676 --- [    Test worker] p6spy                                    : #1636280544954 | took 30ms | statement | connection 2| url jdbc:mysql://localhost:3306/board?serverTimezone=UTC&characterEncoding=UTF-8

    create table hibernate_sequence (
       next_val bigint
    ) engine=InnoDB

    create table hibernate_sequence (
       next_val bigint
    ) engine=InnoDB;
2021-11-07 19:22:24.955 DEBUG 30676 --- [    Test worker] org.hibernate.SQL                        : 
    
    insert into hibernate_sequence values ( 1 )
2021-11-07 19:22:24.960  INFO 30676 --- [    Test worker] p6spy                                    : #1636280544960 | took 5ms | statement | connection 2| url jdbc:mysql://localhost:3306/board?serverTimezone=UTC&characterEncoding=UTF-8

    insert into hibernate_sequence values ( 1 )

    insert into hibernate_sequence values ( 1 );
2021-11-07 19:22:24.962 DEBUG 30676 --- [    Test worker] org.hibernate.SQL                        : 
    
    create table member (
       member_id bigint not null,
        address varchar(255),
        age integer not null,
        created_date datetime(6),
        last_modified_date datetime(6),
        login_id varchar(255),
        name varchar(255),
        password varchar(255),
        primary key (member_id)
    ) engine=InnoDB
2021-11-07 19:22:25.002  INFO 30676 --- [    Test worker] p6spy                                    : #1636280545002 | took 40ms | statement | connection 2| url jdbc:mysql://localhost:3306/board?serverTimezone=UTC&characterEncoding=UTF-8

    create table member (
       member_id bigint not null,
        address varchar(255),
        age integer not null,
        created_date datetime(6),
        last_modified_date datetime(6),
        login_id varchar(255),
        name varchar(255),
        password varchar(255),
        primary key (member_id)
    ) engine=InnoDB

    create table member (
       member_id bigint not null,
        address varchar(255),
        age integer not null,
        created_date datetime(6),
        last_modified_date datetime(6),
        login_id varchar(255),
        name varchar(255),
        password varchar(255),
        primary key (member_id)
    ) engine=InnoDB;
2021-11-07 19:22:25.004 DEBUG 30676 --- [    Test worker] org.hibernate.SQL                        : 
    
    create table member_like_id (
       member_member_id bigint not null,
        like_id bigint
    ) engine=InnoDB
2021-11-07 19:22:25.042  INFO 30676 --- [    Test worker] p6spy                                    : #1636280545042 | took 38ms | statement | connection 2| url jdbc:mysql://localhost:3306/board?serverTimezone=UTC&characterEncoding=UTF-8

    create table member_like_id (
       member_member_id bigint not null,
        like_id bigint
    ) engine=InnoDB

    create table member_like_id (
       member_member_id bigint not null,
        like_id bigint
    ) engine=InnoDB;
2021-11-07 19:22:25.043 DEBUG 30676 --- [    Test worker] org.hibernate.SQL                        : 
    
    create table member_roles (
       member_member_id bigint not null,
        roles varchar(255)
    ) engine=InnoDB
2021-11-07 19:22:25.083  INFO 30676 --- [    Test worker] p6spy                                    : #1636280545083 | took 39ms | statement | connection 2| url jdbc:mysql://localhost:3306/board?serverTimezone=UTC&characterEncoding=UTF-8

    create table member_roles (
       member_member_id bigint not null,
        roles varchar(255)
    ) engine=InnoDB

    create table member_roles (
       member_member_id bigint not null,
        roles varchar(255)
    ) engine=InnoDB;
2021-11-07 19:22:25.084 DEBUG 30676 --- [    Test worker] org.hibernate.SQL                        : 
    
    alter table board 
       add constraint FKsds8ox89wwf6aihinar49rmfy 
       foreign key (member_id) 
       references member (member_id)
2021-11-07 19:22:25.177  INFO 30676 --- [    Test worker] p6spy                                    : #1636280545177 | took 93ms | statement | connection 2| url jdbc:mysql://localhost:3306/board?serverTimezone=UTC&characterEncoding=UTF-8

    alter table board 
       add constraint FKsds8ox89wwf6aihinar49rmfy 
       foreign key (member_id) 
       references member (member_id)

    alter table board 
       add constraint FKsds8ox89wwf6aihinar49rmfy 
       foreign key (member_id) 
       references member (member_id);
2021-11-07 19:22:25.179 DEBUG 30676 --- [    Test worker] org.hibernate.SQL                        : 
    
    alter table comment 
       add constraint FKlij9oor1nav89jeat35s6kbp1 
       foreign key (board_id) 
       references board (board_id)
2021-11-07 19:22:25.363  INFO 30676 --- [    Test worker] p6spy                                    : #1636280545363 | took 182ms | statement | connection 2| url jdbc:mysql://localhost:3306/board?serverTimezone=UTC&characterEncoding=UTF-8

    alter table comment 
       add constraint FKlij9oor1nav89jeat35s6kbp1 
       foreign key (board_id) 
       references board (board_id)

    alter table comment 
       add constraint FKlij9oor1nav89jeat35s6kbp1 
       foreign key (board_id) 
       references board (board_id);
2021-11-07 19:22:25.364 DEBUG 30676 --- [    Test worker] org.hibernate.SQL                        : 
    
    alter table comment 
       add constraint FKmrrrpi513ssu63i2783jyiv9m 
       foreign key (member_id) 
       references member (member_id)
2021-11-07 19:22:25.454  INFO 30676 --- [    Test worker] p6spy                                    : #1636280545454 | took 90ms | statement | connection 2| url jdbc:mysql://localhost:3306/board?serverTimezone=UTC&characterEncoding=UTF-8

    alter table comment 
       add constraint FKmrrrpi513ssu63i2783jyiv9m 
       foreign key (member_id) 
       references member (member_id)

    alter table comment 
       add constraint FKmrrrpi513ssu63i2783jyiv9m 
       foreign key (member_id) 
       references member (member_id);
2021-11-07 19:22:25.455 DEBUG 30676 --- [    Test worker] org.hibernate.SQL                        : 
    
    alter table member_like_id 
       add constraint FKkisjubed607l8v7g1dlms9bje 
       foreign key (member_member_id) 
       references member (member_id)
2021-11-07 19:22:25.557  INFO 30676 --- [    Test worker] p6spy                                    : #1636280545557 | took 100ms | statement | connection 2| url jdbc:mysql://localhost:3306/board?serverTimezone=UTC&characterEncoding=UTF-8

    alter table member_like_id 
       add constraint FKkisjubed607l8v7g1dlms9bje 
       foreign key (member_member_id) 
       references member (member_id)

    alter table member_like_id 
       add constraint FKkisjubed607l8v7g1dlms9bje 
       foreign key (member_member_id) 
       references member (member_id);
2021-11-07 19:22:25.558 DEBUG 30676 --- [    Test worker] org.hibernate.SQL                        : 
    
    alter table member_roles 
       add constraint FKruptm2dtwl95mfks4bnhv828k 
       foreign key (member_member_id) 
       references member (member_id)
2021-11-07 19:22:25.635  INFO 30676 --- [    Test worker] p6spy                                    : #1636280545635 | took 78ms | statement | connection 2| url jdbc:mysql://localhost:3306/board?serverTimezone=UTC&characterEncoding=UTF-8

    alter table member_roles 
       add constraint FKruptm2dtwl95mfks4bnhv828k 
       foreign key (member_member_id) 
       references member (member_id)

    alter table member_roles 
       add constraint FKruptm2dtwl95mfks4bnhv828k 
       foreign key (member_member_id) 
       references member (member_id);
2021-11-07 19:22:25.639  INFO 30676 --- [    Test worker] o.h.e.t.j.p.i.JtaPlatformInitiator       : HHH000490: Using JtaPlatform implementation: [org.hibernate.engine.transaction.jta.platform.internal.NoJtaPlatform]
2021-11-07 19:22:25.651  INFO 30676 --- [    Test worker] j.LocalContainerEntityManagerFactoryBean : Initialized JPA EntityManagerFactory for persistence unit 'default'
2021-11-07 19:22:27.144  WARN 30676 --- [    Test worker] JpaBaseConfiguration$JpaWebConfiguration : spring.jpa.open-in-view is enabled by default. Therefore, database queries may be performed during view rendering. Explicitly configure spring.jpa.open-in-view to disable this warning
2021-11-07 19:22:30.470  INFO 30676 --- [    Test worker] o.s.s.web.DefaultSecurityFilterChain     : Will secure any request with [org.springframework.security.web.context.request.async.WebAsyncManagerIntegrationFilter@10741f8b, org.springframework.security.web.context.SecurityContextPersistenceFilter@7da6a3b8, org.springframework.security.web.header.HeaderWriterFilter@7ae2a198, org.springframework.security.web.authentication.logout.LogoutFilter@3530bcf9, com.example.boardapi.security.JWT.JwtAuthenticationFilter@1053ecb7, org.springframework.security.web.savedrequest.RequestCacheAwareFilter@29cd062e, org.springframework.security.web.servletapi.SecurityContextHolderAwareRequestFilter@4ef13819, org.springframework.security.web.authentication.AnonymousAuthenticationFilter@872d56c, org.springframework.security.web.session.SessionManagementFilter@6f2c0e0d, org.springframework.security.web.access.ExceptionTranslationFilter@70b39d16, org.springframework.security.web.access.intercept.FilterSecurityInterceptor@25859302]
2021-11-07 19:22:33.461  INFO 30676 --- [    Test worker] c.e.boardapi.BoardApiApplicationTests    : Started BoardApiApplicationTests in 22.054 seconds (JVM running for 28.04)
]]></system-out>
  <system-err><![CDATA[]]></system-err>
</testsuite>
