<?xml version="1.0" encoding="UTF-8"?>
<testsuite name="com.example.boardapi.BoardApiApplicationTests" tests="1" skipped="0" failures="0" errors="0" timestamp="2021-12-15T06:32:03" hostname="DESKTOP-F55RK1N" time="0.15">
  <properties/>
  <testcase name="contextLoads()" classname="com.example.boardapi.BoardApiApplicationTests" time="0.15"/>
  <system-out><![CDATA[15:31:51.218 [Test worker] DEBUG org.springframework.test.context.BootstrapUtils - Instantiating CacheAwareContextLoaderDelegate from class [org.springframework.test.context.cache.DefaultCacheAwareContextLoaderDelegate]
15:31:51.244 [Test worker] DEBUG org.springframework.test.context.BootstrapUtils - Instantiating BootstrapContext using constructor [public org.springframework.test.context.support.DefaultBootstrapContext(java.lang.Class,org.springframework.test.context.CacheAwareContextLoaderDelegate)]
15:31:51.304 [Test worker] DEBUG org.springframework.test.context.BootstrapUtils - Instantiating TestContextBootstrapper for test class [com.example.boardapi.BoardApiApplicationTests] from class [org.springframework.boot.test.context.SpringBootTestContextBootstrapper]
15:31:51.334 [Test worker] INFO org.springframework.boot.test.context.SpringBootTestContextBootstrapper - Neither @ContextConfiguration nor @ContextHierarchy found for test class [com.example.boardapi.BoardApiApplicationTests], using SpringBootContextLoader
15:31:51.343 [Test worker] DEBUG org.springframework.test.context.support.AbstractContextLoader - Did not detect default resource location for test class [com.example.boardapi.BoardApiApplicationTests]: class path resource [com/example/boardapi/BoardApiApplicationTests-context.xml] does not exist
15:31:51.345 [Test worker] DEBUG org.springframework.test.context.support.AbstractContextLoader - Did not detect default resource location for test class [com.example.boardapi.BoardApiApplicationTests]: class path resource [com/example/boardapi/BoardApiApplicationTestsContext.groovy] does not exist
15:31:51.346 [Test worker] INFO org.springframework.test.context.support.AbstractContextLoader - Could not detect default resource locations for test class [com.example.boardapi.BoardApiApplicationTests]: no resource found for suffixes {-context.xml, Context.groovy}.
15:31:51.348 [Test worker] INFO org.springframework.test.context.support.AnnotationConfigContextLoaderUtils - Could not detect default configuration classes for test class [com.example.boardapi.BoardApiApplicationTests]: BoardApiApplicationTests does not declare any static, non-private, non-final, nested classes annotated with @Configuration.
15:31:51.451 [Test worker] DEBUG org.springframework.test.context.support.ActiveProfilesUtils - Could not find an 'annotation declaring class' for annotation type [org.springframework.test.context.ActiveProfiles] and class [com.example.boardapi.BoardApiApplicationTests]
15:31:51.593 [Test worker] DEBUG org.springframework.context.annotation.ClassPathScanningCandidateComponentProvider - Identified candidate component class: file [D:\springStudy\dev-community-master\dev-community-master\back-end\board-api\build\classes\java\main\com\example\boardapi\BoardApiApplication.class]
15:31:51.606 [Test worker] INFO org.springframework.boot.test.context.SpringBootTestContextBootstrapper - Found @SpringBootConfiguration com.example.boardapi.BoardApiApplication for test class com.example.boardapi.BoardApiApplicationTests
15:31:51.800 [Test worker] DEBUG org.springframework.boot.test.context.SpringBootTestContextBootstrapper - @TestExecutionListeners is not present for class [com.example.boardapi.BoardApiApplicationTests]: using defaults.
15:31:51.801 [Test worker] INFO org.springframework.boot.test.context.SpringBootTestContextBootstrapper - Loaded default TestExecutionListener class names from location [META-INF/spring.factories]: [org.springframework.boot.test.autoconfigure.restdocs.RestDocsTestExecutionListener, org.springframework.boot.test.autoconfigure.web.client.MockRestServiceServerResetTestExecutionListener, org.springframework.boot.test.autoconfigure.web.servlet.MockMvcPrintOnlyOnFailureTestExecutionListener, org.springframework.boot.test.autoconfigure.web.servlet.WebDriverTestExecutionListener, org.springframework.boot.test.autoconfigure.webservices.client.MockWebServiceServerTestExecutionListener, org.springframework.boot.test.mock.mockito.MockitoTestExecutionListener, org.springframework.boot.test.mock.mockito.ResetMocksTestExecutionListener, org.springframework.test.context.web.ServletTestExecutionListener, org.springframework.test.context.support.DirtiesContextBeforeModesTestExecutionListener, org.springframework.test.context.event.ApplicationEventsTestExecutionListener, org.springframework.test.context.support.DependencyInjectionTestExecutionListener, org.springframework.test.context.support.DirtiesContextTestExecutionListener, org.springframework.test.context.transaction.TransactionalTestExecutionListener, org.springframework.test.context.jdbc.SqlScriptsTestExecutionListener, org.springframework.test.context.event.EventPublishingTestExecutionListener]
15:31:51.837 [Test worker] INFO org.springframework.boot.test.context.SpringBootTestContextBootstrapper - Using TestExecutionListeners: [org.springframework.test.context.web.ServletTestExecutionListener@4f873e78, org.springframework.test.context.support.DirtiesContextBeforeModesTestExecutionListener@72376ae2, org.springframework.test.context.event.ApplicationEventsTestExecutionListener@3ecd5ccd, org.springframework.boot.test.mock.mockito.MockitoTestExecutionListener@7fa88d60, org.springframework.boot.test.autoconfigure.SpringBootDependencyInjectionTestExecutionListener@9aa1813, org.springframework.test.context.support.DirtiesContextTestExecutionListener@400313be, org.springframework.test.context.transaction.TransactionalTestExecutionListener@147c0447, org.springframework.test.context.jdbc.SqlScriptsTestExecutionListener@2f044825, org.springframework.test.context.event.EventPublishingTestExecutionListener@76b7b756, org.springframework.boot.test.autoconfigure.restdocs.RestDocsTestExecutionListener@2e71c4dd, org.springframework.boot.test.autoconfigure.web.client.MockRestServiceServerResetTestExecutionListener@5adba368, org.springframework.boot.test.autoconfigure.web.servlet.MockMvcPrintOnlyOnFailureTestExecutionListener@57139d76, org.springframework.boot.test.autoconfigure.web.servlet.WebDriverTestExecutionListener@1cd59dc5, org.springframework.boot.test.autoconfigure.webservices.client.MockWebServiceServerTestExecutionListener@3c22f5ae, org.springframework.boot.test.mock.mockito.ResetMocksTestExecutionListener@3be5d1a1]
15:31:51.842 [Test worker] DEBUG org.springframework.test.context.support.AbstractDirtiesContextTestExecutionListener - Before test class: context [DefaultTestContext@4d7fa81e testClass = BoardApiApplicationTests, testInstance = [null], testMethod = [null], testException = [null], mergedContextConfiguration = [WebMergedContextConfiguration@1723b847 testClass = BoardApiApplicationTests, locations = '{}', classes = '{class com.example.boardapi.BoardApiApplication}', contextInitializerClasses = '[]', activeProfiles = '{}', propertySourceLocations = '{}', propertySourceProperties = '{org.springframework.boot.test.context.SpringBootTestContextBootstrapper=true}', contextCustomizers = set[org.springframework.boot.test.autoconfigure.actuate.metrics.MetricsExportContextCustomizerFactory$DisableMetricExportContextCustomizer@3605bb66, org.springframework.boot.test.autoconfigure.properties.PropertyMappingContextCustomizer@0, org.springframework.boot.test.autoconfigure.web.servlet.WebDriverContextCustomizerFactory$Customizer@22e1d9ba, org.springframework.boot.test.context.filter.ExcludeFilterContextCustomizer@1c812a41, org.springframework.boot.test.json.DuplicateJsonObjectContextCustomizerFactory$DuplicateJsonObjectContextCustomizer@5e505784, org.springframework.boot.test.mock.mockito.MockitoContextCustomizer@0, org.springframework.boot.test.web.client.TestRestTemplateContextCustomizer@17e29707, org.springframework.boot.test.context.SpringBootTestArgs@1, org.springframework.boot.test.context.SpringBootTestWebEnvironment@1768ccb], resourceBasePath = 'src/main/webapp', contextLoader = 'org.springframework.boot.test.context.SpringBootContextLoader', parent = [null]], attributes = map['org.springframework.test.context.web.ServletTestExecutionListener.activateListener' -> true]], class annotated with @DirtiesContext [false] with mode [null].
15:31:51.881 [Test worker] DEBUG org.springframework.test.context.support.TestPropertySourceUtils - Adding inlined properties to environment: {spring.jmx.enabled=false, org.springframework.boot.test.context.SpringBootTestContextBootstrapper=true}

  .   ____          _            __ _ _
 /\\ / ___'_ __ _ _(_)_ __  __ _ \ \ \ \
( ( )\___ | '_ | '_| | '_ \/ _` | \ \ \ \
 \\/  ___)| |_)| | | | | || (_| |  ) ) ) )
  '  |____| .__|_| |_|_| |_\__, | / / / /
 =========|_|==============|___/=/_/_/_/
 :: Spring Boot ::                (v2.5.5)

2021-12-15 15:31:52.303  INFO 920 --- [    Test worker] c.e.boardapi.BoardApiApplicationTests    : Starting BoardApiApplicationTests using Java 11.0.9 on DESKTOP-F55RK1N with PID 920 (started by ksw in D:\springStudy\dev-community-master\dev-community-master\back-end\board-api)
2021-12-15 15:31:52.306  INFO 920 --- [    Test worker] c.e.boardapi.BoardApiApplicationTests    : No active profile set, falling back to default profiles: default
2021-12-15 15:31:54.116  INFO 920 --- [    Test worker] .s.d.r.c.RepositoryConfigurationDelegate : Bootstrapping Spring Data JPA repositories in DEFAULT mode.
2021-12-15 15:31:54.320  INFO 920 --- [    Test worker] .s.d.r.c.RepositoryConfigurationDelegate : Finished Spring Data repository scanning in 194 ms. Found 5 JPA repository interfaces.
2021-12-15 15:31:55.624  INFO 920 --- [    Test worker] com.zaxxer.hikari.HikariDataSource       : HikariPool-1 - Starting...
2021-12-15 15:31:55.957  INFO 920 --- [    Test worker] com.zaxxer.hikari.HikariDataSource       : HikariPool-1 - Start completed.
2021-12-15 15:31:56.207  INFO 920 --- [    Test worker] o.hibernate.jpa.internal.util.LogHelper  : HHH000204: Processing PersistenceUnitInfo [name: default]
2021-12-15 15:31:56.334  INFO 920 --- [    Test worker] org.hibernate.Version                    : HHH000412: Hibernate ORM core version 5.4.32.Final
2021-12-15 15:31:56.700  INFO 920 --- [    Test worker] o.hibernate.annotations.common.Version   : HCANN000001: Hibernate Commons Annotations {5.1.2.Final}
2021-12-15 15:31:56.990  INFO 920 --- [    Test worker] org.hibernate.dialect.Dialect            : HHH000400: Using dialect: org.hibernate.dialect.H2Dialect
2021-12-15 15:31:58.613  INFO 920 --- [    Test worker] p6spy                                    : #1639549918613 | took 1ms | statement | connection 2| url jdbc:h2:mem:2a397808-4cfb-434a-a42c-7943538f2df4
drop table if exists board CASCADE 
drop table if exists board CASCADE ;
2021-12-15 15:31:58.614  INFO 920 --- [    Test worker] p6spy                                    : #1639549918614 | took 0ms | statement | connection 2| url jdbc:h2:mem:2a397808-4cfb-434a-a42c-7943538f2df4
drop table if exists comment CASCADE 
drop table if exists comment CASCADE ;
2021-12-15 15:31:58.614  INFO 920 --- [    Test worker] p6spy                                    : #1639549918614 | took 0ms | statement | connection 2| url jdbc:h2:mem:2a397808-4cfb-434a-a42c-7943538f2df4
drop table if exists member CASCADE 
drop table if exists member CASCADE ;
2021-12-15 15:31:58.615  INFO 920 --- [    Test worker] p6spy                                    : #1639549918615 | took 0ms | statement | connection 2| url jdbc:h2:mem:2a397808-4cfb-434a-a42c-7943538f2df4
drop table if exists member_like_id CASCADE 
drop table if exists member_like_id CASCADE ;
2021-12-15 15:31:58.616  INFO 920 --- [    Test worker] p6spy                                    : #1639549918616 | took 0ms | statement | connection 2| url jdbc:h2:mem:2a397808-4cfb-434a-a42c-7943538f2df4
drop table if exists member_roles CASCADE 
drop table if exists member_roles CASCADE ;
2021-12-15 15:31:58.617  INFO 920 --- [    Test worker] p6spy                                    : #1639549918617 | took 0ms | statement | connection 2| url jdbc:h2:mem:2a397808-4cfb-434a-a42c-7943538f2df4
drop table if exists notice CASCADE 
drop table if exists notice CASCADE ;
2021-12-15 15:31:58.619  INFO 920 --- [    Test worker] p6spy                                    : #1639549918619 | took 0ms | statement | connection 2| url jdbc:h2:mem:2a397808-4cfb-434a-a42c-7943538f2df4
drop table if exists scrap CASCADE 
drop table if exists scrap CASCADE ;
2021-12-15 15:31:58.620  INFO 920 --- [    Test worker] p6spy                                    : #1639549918620 | took 0ms | statement | connection 2| url jdbc:h2:mem:2a397808-4cfb-434a-a42c-7943538f2df4
drop sequence if exists hibernate_sequence
drop sequence if exists hibernate_sequence;
2021-12-15 15:31:58.627  INFO 920 --- [    Test worker] p6spy                                    : #1639549918627 | took 2ms | statement | connection 3| url jdbc:h2:mem:2a397808-4cfb-434a-a42c-7943538f2df4
create sequence hibernate_sequence start with 1 increment by 1
create sequence hibernate_sequence start with 1 increment by 1;
2021-12-15 15:31:58.639  INFO 920 --- [    Test worker] p6spy                                    : #1639549918639 | took 11ms | statement | connection 3| url jdbc:h2:mem:2a397808-4cfb-434a-a42c-7943538f2df4
create table board (board_id bigint not null, board_type varchar(255), comment_size integer not null, content TEXT, created_by varchar(255), created_date timestamp, is_selected boolean not null, last_modified_by varchar(255), last_modified_date timestamp, likes integer not null, title varchar(255), views integer not null, member_id bigint, primary key (board_id))
create table board (board_id bigint not null, board_type varchar(255), comment_size integer not null, content TEXT, created_by varchar(255), created_date timestamp, is_selected boolean not null, last_modified_by varchar(255), last_modified_date timestamp, likes integer not null, title varchar(255), views integer not null, member_id bigint, primary key (board_id));
2021-12-15 15:31:58.642  INFO 920 --- [    Test worker] p6spy                                    : #1639549918641 | took 1ms | statement | connection 3| url jdbc:h2:mem:2a397808-4cfb-434a-a42c-7943538f2df4
create table comment (comment_id bigint not null, content varchar(255), created_by varchar(255), created_date timestamp, is_selected boolean not null, last_modified_by varchar(255), last_modified_date timestamp, likes integer not null, board_id bigint, member_id bigint, primary key (comment_id))
create table comment (comment_id bigint not null, content varchar(255), created_by varchar(255), created_date timestamp, is_selected boolean not null, last_modified_by varchar(255), last_modified_date timestamp, likes integer not null, board_id bigint, member_id bigint, primary key (comment_id));
2021-12-15 15:31:58.644  INFO 920 --- [    Test worker] p6spy                                    : #1639549918644 | took 1ms | statement | connection 3| url jdbc:h2:mem:2a397808-4cfb-434a-a42c-7943538f2df4
create table member (member_id bigint not null, active_score integer not null, address varchar(255), age integer not null, created_date timestamp, last_modified_date timestamp, login_id varchar(255), name varchar(255), password varchar(255), primary key (member_id))
create table member (member_id bigint not null, active_score integer not null, address varchar(255), age integer not null, created_date timestamp, last_modified_date timestamp, login_id varchar(255), name varchar(255), password varchar(255), primary key (member_id));
2021-12-15 15:31:58.645  INFO 920 --- [    Test worker] p6spy                                    : #1639549918645 | took 0ms | statement | connection 3| url jdbc:h2:mem:2a397808-4cfb-434a-a42c-7943538f2df4
create table member_like_id (member_member_id bigint not null, like_id bigint)
create table member_like_id (member_member_id bigint not null, like_id bigint);
2021-12-15 15:31:58.646  INFO 920 --- [    Test worker] p6spy                                    : #1639549918646 | took 0ms | statement | connection 3| url jdbc:h2:mem:2a397808-4cfb-434a-a42c-7943538f2df4
create table member_roles (member_member_id bigint not null, roles varchar(255))
create table member_roles (member_member_id bigint not null, roles varchar(255));
2021-12-15 15:31:58.649  INFO 920 --- [    Test worker] p6spy                                    : #1639549918649 | took 2ms | statement | connection 3| url jdbc:h2:mem:2a397808-4cfb-434a-a42c-7943538f2df4
create table notice (notice_id bigint not null, created_date timestamp, is_checked boolean not null, last_modified_date timestamp, login_id varchar(255), message_type varchar(255), title varchar(255), board_id bigint, member_id bigint, primary key (notice_id))
create table notice (notice_id bigint not null, created_date timestamp, is_checked boolean not null, last_modified_date timestamp, login_id varchar(255), message_type varchar(255), title varchar(255), board_id bigint, member_id bigint, primary key (notice_id));
2021-12-15 15:31:58.653  INFO 920 --- [    Test worker] p6spy                                    : #1639549918653 | took 1ms | statement | connection 3| url jdbc:h2:mem:2a397808-4cfb-434a-a42c-7943538f2df4
create table scrap (scrap_id bigint not null, last_modified_date timestamp, created_date timestamp, board_id bigint, member_id bigint, primary key (scrap_id))
create table scrap (scrap_id bigint not null, last_modified_date timestamp, created_date timestamp, board_id bigint, member_id bigint, primary key (scrap_id));
2021-12-15 15:31:58.672  INFO 920 --- [    Test worker] p6spy                                    : #1639549918672 | took 17ms | statement | connection 3| url jdbc:h2:mem:2a397808-4cfb-434a-a42c-7943538f2df4
alter table board add constraint FKsds8ox89wwf6aihinar49rmfy foreign key (member_id) references member
alter table board add constraint FKsds8ox89wwf6aihinar49rmfy foreign key (member_id) references member;
2021-12-15 15:31:58.675  INFO 920 --- [    Test worker] p6spy                                    : #1639549918675 | took 2ms | statement | connection 3| url jdbc:h2:mem:2a397808-4cfb-434a-a42c-7943538f2df4
alter table comment add constraint FKlij9oor1nav89jeat35s6kbp1 foreign key (board_id) references board
alter table comment add constraint FKlij9oor1nav89jeat35s6kbp1 foreign key (board_id) references board;
2021-12-15 15:31:58.678  INFO 920 --- [    Test worker] p6spy                                    : #1639549918678 | took 2ms | statement | connection 3| url jdbc:h2:mem:2a397808-4cfb-434a-a42c-7943538f2df4
alter table comment add constraint FKmrrrpi513ssu63i2783jyiv9m foreign key (member_id) references member
alter table comment add constraint FKmrrrpi513ssu63i2783jyiv9m foreign key (member_id) references member;
2021-12-15 15:31:58.680  INFO 920 --- [    Test worker] p6spy                                    : #1639549918680 | took 2ms | statement | connection 3| url jdbc:h2:mem:2a397808-4cfb-434a-a42c-7943538f2df4
alter table member_like_id add constraint FKkisjubed607l8v7g1dlms9bje foreign key (member_member_id) references member
alter table member_like_id add constraint FKkisjubed607l8v7g1dlms9bje foreign key (member_member_id) references member;
2021-12-15 15:31:58.683  INFO 920 --- [    Test worker] p6spy                                    : #1639549918683 | took 2ms | statement | connection 3| url jdbc:h2:mem:2a397808-4cfb-434a-a42c-7943538f2df4
alter table member_roles add constraint FKruptm2dtwl95mfks4bnhv828k foreign key (member_member_id) references member
alter table member_roles add constraint FKruptm2dtwl95mfks4bnhv828k foreign key (member_member_id) references member;
2021-12-15 15:31:58.686  INFO 920 --- [    Test worker] p6spy                                    : #1639549918686 | took 2ms | statement | connection 3| url jdbc:h2:mem:2a397808-4cfb-434a-a42c-7943538f2df4
alter table notice add constraint FK9fprbxl106wuljx29qrvc445y foreign key (board_id) references board
alter table notice add constraint FK9fprbxl106wuljx29qrvc445y foreign key (board_id) references board;
2021-12-15 15:31:58.690  INFO 920 --- [    Test worker] p6spy                                    : #1639549918690 | took 2ms | statement | connection 3| url jdbc:h2:mem:2a397808-4cfb-434a-a42c-7943538f2df4
alter table notice add constraint FKnriaekshh15qoqnlhvqkj931e foreign key (member_id) references member
alter table notice add constraint FKnriaekshh15qoqnlhvqkj931e foreign key (member_id) references member;
2021-12-15 15:31:58.692  INFO 920 --- [    Test worker] p6spy                                    : #1639549918692 | took 1ms | statement | connection 3| url jdbc:h2:mem:2a397808-4cfb-434a-a42c-7943538f2df4
alter table scrap add constraint FK46d2cvrgggcia4oean5lykfr foreign key (board_id) references board
alter table scrap add constraint FK46d2cvrgggcia4oean5lykfr foreign key (board_id) references board;
2021-12-15 15:31:58.695  INFO 920 --- [    Test worker] p6spy                                    : #1639549918695 | took 2ms | statement | connection 3| url jdbc:h2:mem:2a397808-4cfb-434a-a42c-7943538f2df4
alter table scrap add constraint FKq0ff1jblgu8vrsh90u826qell foreign key (member_id) references member
alter table scrap add constraint FKq0ff1jblgu8vrsh90u826qell foreign key (member_id) references member;
2021-12-15 15:31:58.702  INFO 920 --- [    Test worker] o.h.e.t.j.p.i.JtaPlatformInitiator       : HHH000490: Using JtaPlatform implementation: [org.hibernate.engine.transaction.jta.platform.internal.NoJtaPlatform]
2021-12-15 15:31:58.724  INFO 920 --- [    Test worker] j.LocalContainerEntityManagerFactoryBean : Initialized JPA EntityManagerFactory for persistence unit 'default'
2021-12-15 15:31:59.420  WARN 920 --- [    Test worker] JpaBaseConfiguration$JpaWebConfiguration : spring.jpa.open-in-view is enabled by default. Therefore, database queries may be performed during view rendering. Explicitly configure spring.jpa.open-in-view to disable this warning
2021-12-15 15:32:01.399  INFO 920 --- [    Test worker] o.s.s.web.DefaultSecurityFilterChain     : Will secure any request with [org.springframework.security.web.context.request.async.WebAsyncManagerIntegrationFilter@7b1c35e8, org.springframework.security.web.context.SecurityContextPersistenceFilter@504c65f8, org.springframework.security.web.header.HeaderWriterFilter@6d4985e8, org.springframework.security.web.authentication.logout.LogoutFilter@1392e3a7, com.example.boardapi.jwt.JwtAuthenticationFilter@266ad7d1, org.springframework.security.web.savedrequest.RequestCacheAwareFilter@5a142f20, org.springframework.security.web.servletapi.SecurityContextHolderAwareRequestFilter@1ec69012, org.springframework.security.web.authentication.AnonymousAuthenticationFilter@7a5584f9, org.springframework.security.web.session.SessionManagementFilter@14b04b81, org.springframework.security.web.access.ExceptionTranslationFilter@94a4e47, org.springframework.security.web.access.intercept.FilterSecurityInterceptor@6e63497c]
2021-12-15 15:32:03.606  INFO 920 --- [    Test worker] c.e.boardapi.BoardApiApplicationTests    : Started BoardApiApplicationTests in 11.712 seconds (JVM running for 16.544)
]]></system-out>
  <system-err><![CDATA[]]></system-err>
</testsuite>
