<?xml version="1.0" encoding="UTF-8"?>
<testsuite name="com.example.boardapi.BoardApiApplicationTests" tests="1" skipped="0" failures="0" errors="0" timestamp="2021-11-21T05:56:57" hostname="DESKTOP-F55RK1N" time="0.142">
  <properties/>
  <testcase name="contextLoads()" classname="com.example.boardapi.BoardApiApplicationTests" time="0.142"/>
  <system-out><![CDATA[14:56:45.368 [Test worker] DEBUG org.springframework.test.context.BootstrapUtils - Instantiating CacheAwareContextLoaderDelegate from class [org.springframework.test.context.cache.DefaultCacheAwareContextLoaderDelegate]
14:56:45.397 [Test worker] DEBUG org.springframework.test.context.BootstrapUtils - Instantiating BootstrapContext using constructor [public org.springframework.test.context.support.DefaultBootstrapContext(java.lang.Class,org.springframework.test.context.CacheAwareContextLoaderDelegate)]
14:56:45.476 [Test worker] DEBUG org.springframework.test.context.BootstrapUtils - Instantiating TestContextBootstrapper for test class [com.example.boardapi.BoardApiApplicationTests] from class [org.springframework.boot.test.context.SpringBootTestContextBootstrapper]
14:56:45.501 [Test worker] INFO org.springframework.boot.test.context.SpringBootTestContextBootstrapper - Neither @ContextConfiguration nor @ContextHierarchy found for test class [com.example.boardapi.BoardApiApplicationTests], using SpringBootContextLoader
14:56:45.511 [Test worker] DEBUG org.springframework.test.context.support.AbstractContextLoader - Did not detect default resource location for test class [com.example.boardapi.BoardApiApplicationTests]: class path resource [com/example/boardapi/BoardApiApplicationTests-context.xml] does not exist
14:56:45.521 [Test worker] DEBUG org.springframework.test.context.support.AbstractContextLoader - Did not detect default resource location for test class [com.example.boardapi.BoardApiApplicationTests]: class path resource [com/example/boardapi/BoardApiApplicationTestsContext.groovy] does not exist
14:56:45.522 [Test worker] INFO org.springframework.test.context.support.AbstractContextLoader - Could not detect default resource locations for test class [com.example.boardapi.BoardApiApplicationTests]: no resource found for suffixes {-context.xml, Context.groovy}.
14:56:45.525 [Test worker] INFO org.springframework.test.context.support.AnnotationConfigContextLoaderUtils - Could not detect default configuration classes for test class [com.example.boardapi.BoardApiApplicationTests]: BoardApiApplicationTests does not declare any static, non-private, non-final, nested classes annotated with @Configuration.
14:56:45.648 [Test worker] DEBUG org.springframework.test.context.support.ActiveProfilesUtils - Could not find an 'annotation declaring class' for annotation type [org.springframework.test.context.ActiveProfiles] and class [com.example.boardapi.BoardApiApplicationTests]
14:56:45.836 [Test worker] DEBUG org.springframework.context.annotation.ClassPathScanningCandidateComponentProvider - Identified candidate component class: file [D:\springStudy\dev-community-master\dev-community-master\back-end\board-api\build\classes\java\main\com\example\boardapi\BoardApiApplication.class]
14:56:45.838 [Test worker] INFO org.springframework.boot.test.context.SpringBootTestContextBootstrapper - Found @SpringBootConfiguration com.example.boardapi.BoardApiApplication for test class com.example.boardapi.BoardApiApplicationTests
14:56:45.991 [Test worker] DEBUG org.springframework.boot.test.context.SpringBootTestContextBootstrapper - @TestExecutionListeners is not present for class [com.example.boardapi.BoardApiApplicationTests]: using defaults.
14:56:45.992 [Test worker] INFO org.springframework.boot.test.context.SpringBootTestContextBootstrapper - Loaded default TestExecutionListener class names from location [META-INF/spring.factories]: [org.springframework.boot.test.autoconfigure.restdocs.RestDocsTestExecutionListener, org.springframework.boot.test.autoconfigure.web.client.MockRestServiceServerResetTestExecutionListener, org.springframework.boot.test.autoconfigure.web.servlet.MockMvcPrintOnlyOnFailureTestExecutionListener, org.springframework.boot.test.autoconfigure.web.servlet.WebDriverTestExecutionListener, org.springframework.boot.test.autoconfigure.webservices.client.MockWebServiceServerTestExecutionListener, org.springframework.boot.test.mock.mockito.MockitoTestExecutionListener, org.springframework.boot.test.mock.mockito.ResetMocksTestExecutionListener, org.springframework.test.context.web.ServletTestExecutionListener, org.springframework.test.context.support.DirtiesContextBeforeModesTestExecutionListener, org.springframework.test.context.event.ApplicationEventsTestExecutionListener, org.springframework.test.context.support.DependencyInjectionTestExecutionListener, org.springframework.test.context.support.DirtiesContextTestExecutionListener, org.springframework.test.context.transaction.TransactionalTestExecutionListener, org.springframework.test.context.jdbc.SqlScriptsTestExecutionListener, org.springframework.test.context.event.EventPublishingTestExecutionListener]
14:56:46.027 [Test worker] INFO org.springframework.boot.test.context.SpringBootTestContextBootstrapper - Using TestExecutionListeners: [org.springframework.test.context.web.ServletTestExecutionListener@56fd2a8b, org.springframework.test.context.support.DirtiesContextBeforeModesTestExecutionListener@22bc1752, org.springframework.test.context.event.ApplicationEventsTestExecutionListener@7e8a5bf9, org.springframework.boot.test.mock.mockito.MockitoTestExecutionListener@4315d8ce, org.springframework.boot.test.autoconfigure.SpringBootDependencyInjectionTestExecutionListener@7c831b55, org.springframework.test.context.support.DirtiesContextTestExecutionListener@3ec78510, org.springframework.test.context.transaction.TransactionalTestExecutionListener@12be54a2, org.springframework.test.context.jdbc.SqlScriptsTestExecutionListener@7f003d93, org.springframework.test.context.event.EventPublishingTestExecutionListener@1bbdc895, org.springframework.boot.test.autoconfigure.restdocs.RestDocsTestExecutionListener@19d021f7, org.springframework.boot.test.autoconfigure.web.client.MockRestServiceServerResetTestExecutionListener@79ab6d2b, org.springframework.boot.test.autoconfigure.web.servlet.MockMvcPrintOnlyOnFailureTestExecutionListener@7b93b28, org.springframework.boot.test.autoconfigure.web.servlet.WebDriverTestExecutionListener@72b5a22a, org.springframework.boot.test.autoconfigure.webservices.client.MockWebServiceServerTestExecutionListener@6a72fa12, org.springframework.boot.test.mock.mockito.ResetMocksTestExecutionListener@48121042]
14:56:46.032 [Test worker] DEBUG org.springframework.test.context.support.AbstractDirtiesContextTestExecutionListener - Before test class: context [DefaultTestContext@325f1087 testClass = BoardApiApplicationTests, testInstance = [null], testMethod = [null], testException = [null], mergedContextConfiguration = [WebMergedContextConfiguration@7ba0d2cf testClass = BoardApiApplicationTests, locations = '{}', classes = '{class com.example.boardapi.BoardApiApplication}', contextInitializerClasses = '[]', activeProfiles = '{}', propertySourceLocations = '{}', propertySourceProperties = '{org.springframework.boot.test.context.SpringBootTestContextBootstrapper=true}', contextCustomizers = set[org.springframework.boot.test.autoconfigure.actuate.metrics.MetricsExportContextCustomizerFactory$DisableMetricExportContextCustomizer@78f9a2f3, org.springframework.boot.test.autoconfigure.properties.PropertyMappingContextCustomizer@0, org.springframework.boot.test.autoconfigure.web.servlet.WebDriverContextCustomizerFactory$Customizer@7e9237ac, org.springframework.boot.test.context.filter.ExcludeFilterContextCustomizer@546735ff, org.springframework.boot.test.json.DuplicateJsonObjectContextCustomizerFactory$DuplicateJsonObjectContextCustomizer@2aac732a, org.springframework.boot.test.mock.mockito.MockitoContextCustomizer@0, org.springframework.boot.test.web.client.TestRestTemplateContextCustomizer@27bb7d05, org.springframework.boot.test.context.SpringBootTestArgs@1, org.springframework.boot.test.context.SpringBootTestWebEnvironment@4dba39d9], resourceBasePath = 'src/main/webapp', contextLoader = 'org.springframework.boot.test.context.SpringBootContextLoader', parent = [null]], attributes = map['org.springframework.test.context.web.ServletTestExecutionListener.activateListener' -> true]], class annotated with @DirtiesContext [false] with mode [null].
14:56:46.071 [Test worker] DEBUG org.springframework.test.context.support.TestPropertySourceUtils - Adding inlined properties to environment: {spring.jmx.enabled=false, org.springframework.boot.test.context.SpringBootTestContextBootstrapper=true}

  .   ____          _            __ _ _
 /\\ / ___'_ __ _ _(_)_ __  __ _ \ \ \ \
( ( )\___ | '_ | '_| | '_ \/ _` | \ \ \ \
 \\/  ___)| |_)| | | | | || (_| |  ) ) ) )
  '  |____| .__|_| |_|_| |_\__, | / / / /
 =========|_|==============|___/=/_/_/_/
 :: Spring Boot ::                (v2.5.5)

2021-11-21 14:56:46.484  INFO 4764 --- [    Test worker] c.e.boardapi.BoardApiApplicationTests    : Starting BoardApiApplicationTests using Java 11.0.9 on DESKTOP-F55RK1N with PID 4764 (started by ksw in D:\springStudy\dev-community-master\dev-community-master\back-end\board-api)
2021-11-21 14:56:46.488  INFO 4764 --- [    Test worker] c.e.boardapi.BoardApiApplicationTests    : No active profile set, falling back to default profiles: default
2021-11-21 14:56:48.159  INFO 4764 --- [    Test worker] .s.d.r.c.RepositoryConfigurationDelegate : Bootstrapping Spring Data JPA repositories in DEFAULT mode.
2021-11-21 14:56:48.313  INFO 4764 --- [    Test worker] .s.d.r.c.RepositoryConfigurationDelegate : Finished Spring Data repository scanning in 143 ms. Found 4 JPA repository interfaces.
2021-11-21 14:56:49.731  INFO 4764 --- [    Test worker] com.zaxxer.hikari.HikariDataSource       : HikariPool-1 - Starting...
2021-11-21 14:56:50.112  INFO 4764 --- [    Test worker] com.zaxxer.hikari.HikariDataSource       : HikariPool-1 - Start completed.
2021-11-21 14:56:50.280  INFO 4764 --- [    Test worker] o.hibernate.jpa.internal.util.LogHelper  : HHH000204: Processing PersistenceUnitInfo [name: default]
2021-11-21 14:56:50.379  INFO 4764 --- [    Test worker] org.hibernate.Version                    : HHH000412: Hibernate ORM core version 5.4.32.Final
2021-11-21 14:56:50.670  INFO 4764 --- [    Test worker] o.hibernate.annotations.common.Version   : HCANN000001: Hibernate Commons Annotations {5.1.2.Final}
2021-11-21 14:56:50.916  INFO 4764 --- [    Test worker] org.hibernate.dialect.Dialect            : HHH000400: Using dialect: org.hibernate.dialect.H2Dialect
2021-11-21 14:56:52.174  INFO 4764 --- [    Test worker] p6spy                                    : #1637474212174 | took 0ms | statement | connection 2| url jdbc:h2:mem:3df3f313-e7dd-46c3-92ea-57157b4c5f7d
drop table if exists board CASCADE 
drop table if exists board CASCADE ;
2021-11-21 14:56:52.175  INFO 4764 --- [    Test worker] p6spy                                    : #1637474212175 | took 0ms | statement | connection 2| url jdbc:h2:mem:3df3f313-e7dd-46c3-92ea-57157b4c5f7d
drop table if exists comment CASCADE 
drop table if exists comment CASCADE ;
2021-11-21 14:56:52.175  INFO 4764 --- [    Test worker] p6spy                                    : #1637474212175 | took 0ms | statement | connection 2| url jdbc:h2:mem:3df3f313-e7dd-46c3-92ea-57157b4c5f7d
drop table if exists member CASCADE 
drop table if exists member CASCADE ;
2021-11-21 14:56:52.176  INFO 4764 --- [    Test worker] p6spy                                    : #1637474212176 | took 0ms | statement | connection 2| url jdbc:h2:mem:3df3f313-e7dd-46c3-92ea-57157b4c5f7d
drop table if exists member_like_id CASCADE 
drop table if exists member_like_id CASCADE ;
2021-11-21 14:56:52.176  INFO 4764 --- [    Test worker] p6spy                                    : #1637474212176 | took 0ms | statement | connection 2| url jdbc:h2:mem:3df3f313-e7dd-46c3-92ea-57157b4c5f7d
drop table if exists member_roles CASCADE 
drop table if exists member_roles CASCADE ;
2021-11-21 14:56:52.176  INFO 4764 --- [    Test worker] p6spy                                    : #1637474212176 | took 0ms | statement | connection 2| url jdbc:h2:mem:3df3f313-e7dd-46c3-92ea-57157b4c5f7d
drop table if exists scrap CASCADE 
drop table if exists scrap CASCADE ;
2021-11-21 14:56:52.177  INFO 4764 --- [    Test worker] p6spy                                    : #1637474212177 | took 0ms | statement | connection 2| url jdbc:h2:mem:3df3f313-e7dd-46c3-92ea-57157b4c5f7d
drop sequence if exists hibernate_sequence
drop sequence if exists hibernate_sequence;
2021-11-21 14:56:52.182  INFO 4764 --- [    Test worker] p6spy                                    : #1637474212182 | took 1ms | statement | connection 3| url jdbc:h2:mem:3df3f313-e7dd-46c3-92ea-57157b4c5f7d
create sequence hibernate_sequence start with 1 increment by 1
create sequence hibernate_sequence start with 1 increment by 1;
2021-11-21 14:56:52.188  INFO 4764 --- [    Test worker] p6spy                                    : #1637474212188 | took 5ms | statement | connection 3| url jdbc:h2:mem:3df3f313-e7dd-46c3-92ea-57157b4c5f7d
create table board (board_id bigint not null, board_type varchar(255), comment_size integer not null, content TEXT, created_by varchar(255), created_date timestamp, is_selected boolean not null, last_modified_by varchar(255), last_modified_date timestamp, likes integer not null, title varchar(255), views integer not null, member_id bigint, primary key (board_id))
create table board (board_id bigint not null, board_type varchar(255), comment_size integer not null, content TEXT, created_by varchar(255), created_date timestamp, is_selected boolean not null, last_modified_by varchar(255), last_modified_date timestamp, likes integer not null, title varchar(255), views integer not null, member_id bigint, primary key (board_id));
2021-11-21 14:56:52.189  INFO 4764 --- [    Test worker] p6spy                                    : #1637474212189 | took 0ms | statement | connection 3| url jdbc:h2:mem:3df3f313-e7dd-46c3-92ea-57157b4c5f7d
create table comment (comment_id bigint not null, content varchar(255), created_by varchar(255), created_date timestamp, is_selected boolean not null, last_modified_by varchar(255), last_modified_date timestamp, likes integer not null, board_id bigint, member_id bigint, primary key (comment_id))
create table comment (comment_id bigint not null, content varchar(255), created_by varchar(255), created_date timestamp, is_selected boolean not null, last_modified_by varchar(255), last_modified_date timestamp, likes integer not null, board_id bigint, member_id bigint, primary key (comment_id));
2021-11-21 14:56:52.191  INFO 4764 --- [    Test worker] p6spy                                    : #1637474212191 | took 1ms | statement | connection 3| url jdbc:h2:mem:3df3f313-e7dd-46c3-92ea-57157b4c5f7d
create table member (member_id bigint not null, active_score integer not null, address varchar(255), age integer not null, created_date timestamp, last_modified_date timestamp, login_id varchar(255), name varchar(255), password varchar(255), primary key (member_id))
create table member (member_id bigint not null, active_score integer not null, address varchar(255), age integer not null, created_date timestamp, last_modified_date timestamp, login_id varchar(255), name varchar(255), password varchar(255), primary key (member_id));
2021-11-21 14:56:52.192  INFO 4764 --- [    Test worker] p6spy                                    : #1637474212192 | took 0ms | statement | connection 3| url jdbc:h2:mem:3df3f313-e7dd-46c3-92ea-57157b4c5f7d
create table member_like_id (member_member_id bigint not null, like_id bigint)
create table member_like_id (member_member_id bigint not null, like_id bigint);
2021-11-21 14:56:52.194  INFO 4764 --- [    Test worker] p6spy                                    : #1637474212194 | took 0ms | statement | connection 3| url jdbc:h2:mem:3df3f313-e7dd-46c3-92ea-57157b4c5f7d
create table member_roles (member_member_id bigint not null, roles varchar(255))
create table member_roles (member_member_id bigint not null, roles varchar(255));
2021-11-21 14:56:52.195  INFO 4764 --- [    Test worker] p6spy                                    : #1637474212195 | took 0ms | statement | connection 3| url jdbc:h2:mem:3df3f313-e7dd-46c3-92ea-57157b4c5f7d
create table scrap (scrap_id bigint not null, last_modified_date timestamp, created_date timestamp, board_id bigint, member_id bigint, primary key (scrap_id))
create table scrap (scrap_id bigint not null, last_modified_date timestamp, created_date timestamp, board_id bigint, member_id bigint, primary key (scrap_id));
2021-11-21 14:56:52.206  INFO 4764 --- [    Test worker] p6spy                                    : #1637474212206 | took 10ms | statement | connection 3| url jdbc:h2:mem:3df3f313-e7dd-46c3-92ea-57157b4c5f7d
alter table board add constraint FKsds8ox89wwf6aihinar49rmfy foreign key (member_id) references member
alter table board add constraint FKsds8ox89wwf6aihinar49rmfy foreign key (member_id) references member;
2021-11-21 14:56:52.209  INFO 4764 --- [    Test worker] p6spy                                    : #1637474212209 | took 2ms | statement | connection 3| url jdbc:h2:mem:3df3f313-e7dd-46c3-92ea-57157b4c5f7d
alter table comment add constraint FKlij9oor1nav89jeat35s6kbp1 foreign key (board_id) references board
alter table comment add constraint FKlij9oor1nav89jeat35s6kbp1 foreign key (board_id) references board;
2021-11-21 14:56:52.211  INFO 4764 --- [    Test worker] p6spy                                    : #1637474212211 | took 2ms | statement | connection 3| url jdbc:h2:mem:3df3f313-e7dd-46c3-92ea-57157b4c5f7d
alter table comment add constraint FKmrrrpi513ssu63i2783jyiv9m foreign key (member_id) references member
alter table comment add constraint FKmrrrpi513ssu63i2783jyiv9m foreign key (member_id) references member;
2021-11-21 14:56:52.214  INFO 4764 --- [    Test worker] p6spy                                    : #1637474212214 | took 1ms | statement | connection 3| url jdbc:h2:mem:3df3f313-e7dd-46c3-92ea-57157b4c5f7d
alter table member_like_id add constraint FKkisjubed607l8v7g1dlms9bje foreign key (member_member_id) references member
alter table member_like_id add constraint FKkisjubed607l8v7g1dlms9bje foreign key (member_member_id) references member;
2021-11-21 14:56:52.216  INFO 4764 --- [    Test worker] p6spy                                    : #1637474212216 | took 1ms | statement | connection 3| url jdbc:h2:mem:3df3f313-e7dd-46c3-92ea-57157b4c5f7d
alter table member_roles add constraint FKruptm2dtwl95mfks4bnhv828k foreign key (member_member_id) references member
alter table member_roles add constraint FKruptm2dtwl95mfks4bnhv828k foreign key (member_member_id) references member;
2021-11-21 14:56:52.217  INFO 4764 --- [    Test worker] p6spy                                    : #1637474212217 | took 1ms | statement | connection 3| url jdbc:h2:mem:3df3f313-e7dd-46c3-92ea-57157b4c5f7d
alter table scrap add constraint FK46d2cvrgggcia4oean5lykfr foreign key (board_id) references board
alter table scrap add constraint FK46d2cvrgggcia4oean5lykfr foreign key (board_id) references board;
2021-11-21 14:56:52.219  INFO 4764 --- [    Test worker] p6spy                                    : #1637474212219 | took 1ms | statement | connection 3| url jdbc:h2:mem:3df3f313-e7dd-46c3-92ea-57157b4c5f7d
alter table scrap add constraint FKq0ff1jblgu8vrsh90u826qell foreign key (member_id) references member
alter table scrap add constraint FKq0ff1jblgu8vrsh90u826qell foreign key (member_id) references member;
2021-11-21 14:56:52.223  INFO 4764 --- [    Test worker] o.h.e.t.j.p.i.JtaPlatformInitiator       : HHH000490: Using JtaPlatform implementation: [org.hibernate.engine.transaction.jta.platform.internal.NoJtaPlatform]
2021-11-21 14:56:52.236  INFO 4764 --- [    Test worker] j.LocalContainerEntityManagerFactoryBean : Initialized JPA EntityManagerFactory for persistence unit 'default'
2021-11-21 14:56:53.407  WARN 4764 --- [    Test worker] JpaBaseConfiguration$JpaWebConfiguration : spring.jpa.open-in-view is enabled by default. Therefore, database queries may be performed during view rendering. Explicitly configure spring.jpa.open-in-view to disable this warning
2021-11-21 14:56:54.761  INFO 4764 --- [    Test worker] o.s.s.web.DefaultSecurityFilterChain     : Will secure any request with [org.springframework.security.web.context.request.async.WebAsyncManagerIntegrationFilter@518f29c8, org.springframework.security.web.context.SecurityContextPersistenceFilter@1a4d5c48, org.springframework.security.web.header.HeaderWriterFilter@7176a409, org.springframework.security.web.authentication.logout.LogoutFilter@6894cf0, com.example.boardapi.security.JWT.JwtAuthenticationFilter@c14d3f5, org.springframework.security.web.savedrequest.RequestCacheAwareFilter@45adc510, org.springframework.security.web.servletapi.SecurityContextHolderAwareRequestFilter@323e0550, org.springframework.security.web.authentication.AnonymousAuthenticationFilter@2610ef55, org.springframework.security.web.session.SessionManagementFilter@6bcfc85, org.springframework.security.web.access.ExceptionTranslationFilter@68c892f5, org.springframework.security.web.access.intercept.FilterSecurityInterceptor@53b05135]
2021-11-21 14:56:57.312  INFO 4764 --- [    Test worker] c.e.boardapi.BoardApiApplicationTests    : Started BoardApiApplicationTests in 11.232 seconds (JVM running for 15.473)
]]></system-out>
  <system-err><![CDATA[]]></system-err>
</testsuite>
