<?xml version="1.0" encoding="UTF-8"?>
<testsuite name="com.example.boardapi.BoardApiApplicationTests" tests="1" skipped="0" failures="0" errors="0" timestamp="2021-11-09T07:18:13" hostname="DESKTOP-F55RK1N" time="0.17">
  <properties/>
  <testcase name="contextLoads()" classname="com.example.boardapi.BoardApiApplicationTests" time="0.17"/>
  <system-out><![CDATA[16:17:59.348 [Test worker] DEBUG org.springframework.test.context.BootstrapUtils - Instantiating CacheAwareContextLoaderDelegate from class [org.springframework.test.context.cache.DefaultCacheAwareContextLoaderDelegate]
16:17:59.370 [Test worker] DEBUG org.springframework.test.context.BootstrapUtils - Instantiating BootstrapContext using constructor [public org.springframework.test.context.support.DefaultBootstrapContext(java.lang.Class,org.springframework.test.context.CacheAwareContextLoaderDelegate)]
16:17:59.423 [Test worker] DEBUG org.springframework.test.context.BootstrapUtils - Instantiating TestContextBootstrapper for test class [com.example.boardapi.BoardApiApplicationTests] from class [org.springframework.boot.test.context.SpringBootTestContextBootstrapper]
16:17:59.440 [Test worker] INFO org.springframework.boot.test.context.SpringBootTestContextBootstrapper - Neither @ContextConfiguration nor @ContextHierarchy found for test class [com.example.boardapi.BoardApiApplicationTests], using SpringBootContextLoader
16:17:59.448 [Test worker] DEBUG org.springframework.test.context.support.AbstractContextLoader - Did not detect default resource location for test class [com.example.boardapi.BoardApiApplicationTests]: class path resource [com/example/boardapi/BoardApiApplicationTests-context.xml] does not exist
16:17:59.449 [Test worker] DEBUG org.springframework.test.context.support.AbstractContextLoader - Did not detect default resource location for test class [com.example.boardapi.BoardApiApplicationTests]: class path resource [com/example/boardapi/BoardApiApplicationTestsContext.groovy] does not exist
16:17:59.450 [Test worker] INFO org.springframework.test.context.support.AbstractContextLoader - Could not detect default resource locations for test class [com.example.boardapi.BoardApiApplicationTests]: no resource found for suffixes {-context.xml, Context.groovy}.
16:17:59.451 [Test worker] INFO org.springframework.test.context.support.AnnotationConfigContextLoaderUtils - Could not detect default configuration classes for test class [com.example.boardapi.BoardApiApplicationTests]: BoardApiApplicationTests does not declare any static, non-private, non-final, nested classes annotated with @Configuration.
16:17:59.535 [Test worker] DEBUG org.springframework.test.context.support.ActiveProfilesUtils - Could not find an 'annotation declaring class' for annotation type [org.springframework.test.context.ActiveProfiles] and class [com.example.boardapi.BoardApiApplicationTests]
16:17:59.648 [Test worker] DEBUG org.springframework.context.annotation.ClassPathScanningCandidateComponentProvider - Identified candidate component class: file [D:\springStudy\dev-community-master\dev-community-master\back-end\board-api\build\classes\java\main\com\example\boardapi\BoardApiApplication.class]
16:17:59.650 [Test worker] INFO org.springframework.boot.test.context.SpringBootTestContextBootstrapper - Found @SpringBootConfiguration com.example.boardapi.BoardApiApplication for test class com.example.boardapi.BoardApiApplicationTests
16:17:59.848 [Test worker] DEBUG org.springframework.boot.test.context.SpringBootTestContextBootstrapper - @TestExecutionListeners is not present for class [com.example.boardapi.BoardApiApplicationTests]: using defaults.
16:17:59.848 [Test worker] INFO org.springframework.boot.test.context.SpringBootTestContextBootstrapper - Loaded default TestExecutionListener class names from location [META-INF/spring.factories]: [org.springframework.boot.test.autoconfigure.restdocs.RestDocsTestExecutionListener, org.springframework.boot.test.autoconfigure.web.client.MockRestServiceServerResetTestExecutionListener, org.springframework.boot.test.autoconfigure.web.servlet.MockMvcPrintOnlyOnFailureTestExecutionListener, org.springframework.boot.test.autoconfigure.web.servlet.WebDriverTestExecutionListener, org.springframework.boot.test.autoconfigure.webservices.client.MockWebServiceServerTestExecutionListener, org.springframework.boot.test.mock.mockito.MockitoTestExecutionListener, org.springframework.boot.test.mock.mockito.ResetMocksTestExecutionListener, org.springframework.test.context.web.ServletTestExecutionListener, org.springframework.test.context.support.DirtiesContextBeforeModesTestExecutionListener, org.springframework.test.context.event.ApplicationEventsTestExecutionListener, org.springframework.test.context.support.DependencyInjectionTestExecutionListener, org.springframework.test.context.support.DirtiesContextTestExecutionListener, org.springframework.test.context.transaction.TransactionalTestExecutionListener, org.springframework.test.context.jdbc.SqlScriptsTestExecutionListener, org.springframework.test.context.event.EventPublishingTestExecutionListener]
16:17:59.884 [Test worker] INFO org.springframework.boot.test.context.SpringBootTestContextBootstrapper - Using TestExecutionListeners: [org.springframework.test.context.web.ServletTestExecutionListener@40d9b6a6, org.springframework.test.context.support.DirtiesContextBeforeModesTestExecutionListener@4e956c6b, org.springframework.test.context.event.ApplicationEventsTestExecutionListener@359366b2, org.springframework.boot.test.mock.mockito.MockitoTestExecutionListener@667c456a, org.springframework.boot.test.autoconfigure.SpringBootDependencyInjectionTestExecutionListener@6b9db385, org.springframework.test.context.support.DirtiesContextTestExecutionListener@e0e7ca9, org.springframework.test.context.transaction.TransactionalTestExecutionListener@20062d2c, org.springframework.test.context.jdbc.SqlScriptsTestExecutionListener@24557b53, org.springframework.test.context.event.EventPublishingTestExecutionListener@22d2f5c7, org.springframework.boot.test.autoconfigure.restdocs.RestDocsTestExecutionListener@5f442e00, org.springframework.boot.test.autoconfigure.web.client.MockRestServiceServerResetTestExecutionListener@4eba0789, org.springframework.boot.test.autoconfigure.web.servlet.MockMvcPrintOnlyOnFailureTestExecutionListener@413a72ee, org.springframework.boot.test.autoconfigure.web.servlet.WebDriverTestExecutionListener@74f3dbc3, org.springframework.boot.test.autoconfigure.webservices.client.MockWebServiceServerTestExecutionListener@ab9cf73, org.springframework.boot.test.mock.mockito.ResetMocksTestExecutionListener@142107e2]
16:17:59.891 [Test worker] DEBUG org.springframework.test.context.support.AbstractDirtiesContextTestExecutionListener - Before test class: context [DefaultTestContext@54e584d1 testClass = BoardApiApplicationTests, testInstance = [null], testMethod = [null], testException = [null], mergedContextConfiguration = [WebMergedContextConfiguration@1495e3ad testClass = BoardApiApplicationTests, locations = '{}', classes = '{class com.example.boardapi.BoardApiApplication}', contextInitializerClasses = '[]', activeProfiles = '{}', propertySourceLocations = '{}', propertySourceProperties = '{org.springframework.boot.test.context.SpringBootTestContextBootstrapper=true}', contextCustomizers = set[org.springframework.boot.test.autoconfigure.actuate.metrics.MetricsExportContextCustomizerFactory$DisableMetricExportContextCustomizer@3d2c3314, org.springframework.boot.test.autoconfigure.properties.PropertyMappingContextCustomizer@0, org.springframework.boot.test.autoconfigure.web.servlet.WebDriverContextCustomizerFactory$Customizer@3a5726c4, org.springframework.boot.test.context.filter.ExcludeFilterContextCustomizer@4b5084a4, org.springframework.boot.test.json.DuplicateJsonObjectContextCustomizerFactory$DuplicateJsonObjectContextCustomizer@52167880, org.springframework.boot.test.mock.mockito.MockitoContextCustomizer@0, org.springframework.boot.test.web.client.TestRestTemplateContextCustomizer@737b0461, org.springframework.boot.test.context.SpringBootTestArgs@1, org.springframework.boot.test.context.SpringBootTestWebEnvironment@218f6756], resourceBasePath = 'src/main/webapp', contextLoader = 'org.springframework.boot.test.context.SpringBootContextLoader', parent = [null]], attributes = map['org.springframework.test.context.web.ServletTestExecutionListener.activateListener' -> true]], class annotated with @DirtiesContext [false] with mode [null].
16:17:59.934 [Test worker] DEBUG org.springframework.test.context.support.TestPropertySourceUtils - Adding inlined properties to environment: {spring.jmx.enabled=false, org.springframework.boot.test.context.SpringBootTestContextBootstrapper=true}

  .   ____          _            __ _ _
 /\\ / ___'_ __ _ _(_)_ __  __ _ \ \ \ \
( ( )\___ | '_ | '_| | '_ \/ _` | \ \ \ \
 \\/  ___)| |_)| | | | | || (_| |  ) ) ) )
  '  |____| .__|_| |_|_| |_\__, | / / / /
 =========|_|==============|___/=/_/_/_/
 :: Spring Boot ::                (v2.5.5)

2021-11-09 16:18:00.368  INFO 7884 --- [    Test worker] c.e.boardapi.BoardApiApplicationTests    : Starting BoardApiApplicationTests using Java 11.0.9 on DESKTOP-F55RK1N with PID 7884 (started by ksw in D:\springStudy\dev-community-master\dev-community-master\back-end\board-api)
2021-11-09 16:18:00.372  INFO 7884 --- [    Test worker] c.e.boardapi.BoardApiApplicationTests    : No active profile set, falling back to default profiles: default
2021-11-09 16:18:01.911  INFO 7884 --- [    Test worker] .s.d.r.c.RepositoryConfigurationDelegate : Bootstrapping Spring Data JPA repositories in DEFAULT mode.
2021-11-09 16:18:02.030  INFO 7884 --- [    Test worker] .s.d.r.c.RepositoryConfigurationDelegate : Finished Spring Data repository scanning in 110 ms. Found 3 JPA repository interfaces.
2021-11-09 16:18:03.136  INFO 7884 --- [    Test worker] o.hibernate.jpa.internal.util.LogHelper  : HHH000204: Processing PersistenceUnitInfo [name: default]
2021-11-09 16:18:03.271  INFO 7884 --- [    Test worker] org.hibernate.Version                    : HHH000412: Hibernate ORM core version 5.4.32.Final
2021-11-09 16:18:03.516  INFO 7884 --- [    Test worker] o.hibernate.annotations.common.Version   : HCANN000001: Hibernate Commons Annotations {5.1.2.Final}
2021-11-09 16:18:03.681  INFO 7884 --- [    Test worker] com.zaxxer.hikari.HikariDataSource       : HikariPool-1 - Starting...
2021-11-09 16:18:04.153  INFO 7884 --- [    Test worker] com.zaxxer.hikari.HikariDataSource       : HikariPool-1 - Start completed.
2021-11-09 16:18:04.215  INFO 7884 --- [    Test worker] org.hibernate.dialect.Dialect            : HHH000400: Using dialect: org.hibernate.dialect.MySQL8Dialect
2021-11-09 16:18:06.038 DEBUG 7884 --- [    Test worker] org.hibernate.SQL                        : 
    
    alter table board 
       drop 
       foreign key FKsds8ox89wwf6aihinar49rmfy
2021-11-09 16:18:06.126  INFO 7884 --- [    Test worker] p6spy                                    : #1636442286126 | took 82ms | statement | connection 1| url jdbc:mysql://localhost:3306/board?serverTimezone=UTC&characterEncoding=UTF-8

    alter table board 
       drop 
       foreign key FKsds8ox89wwf6aihinar49rmfy

    alter table board 
       drop 
       foreign key FKsds8ox89wwf6aihinar49rmfy;
2021-11-09 16:18:06.128 DEBUG 7884 --- [    Test worker] org.hibernate.SQL                        : 
    
    alter table comment 
       drop 
       foreign key FKlij9oor1nav89jeat35s6kbp1
2021-11-09 16:18:06.155  INFO 7884 --- [    Test worker] p6spy                                    : #1636442286155 | took 26ms | statement | connection 1| url jdbc:mysql://localhost:3306/board?serverTimezone=UTC&characterEncoding=UTF-8

    alter table comment 
       drop 
       foreign key FKlij9oor1nav89jeat35s6kbp1

    alter table comment 
       drop 
       foreign key FKlij9oor1nav89jeat35s6kbp1;
2021-11-09 16:18:06.156 DEBUG 7884 --- [    Test worker] org.hibernate.SQL                        : 
    
    alter table comment 
       drop 
       foreign key FKmrrrpi513ssu63i2783jyiv9m
2021-11-09 16:18:06.172  INFO 7884 --- [    Test worker] p6spy                                    : #1636442286172 | took 15ms | statement | connection 1| url jdbc:mysql://localhost:3306/board?serverTimezone=UTC&characterEncoding=UTF-8

    alter table comment 
       drop 
       foreign key FKmrrrpi513ssu63i2783jyiv9m

    alter table comment 
       drop 
       foreign key FKmrrrpi513ssu63i2783jyiv9m;
2021-11-09 16:18:06.173 DEBUG 7884 --- [    Test worker] org.hibernate.SQL                        : 
    
    alter table member_like_id 
       drop 
       foreign key FKkisjubed607l8v7g1dlms9bje
2021-11-09 16:18:06.187  INFO 7884 --- [    Test worker] p6spy                                    : #1636442286186 | took 14ms | statement | connection 1| url jdbc:mysql://localhost:3306/board?serverTimezone=UTC&characterEncoding=UTF-8

    alter table member_like_id 
       drop 
       foreign key FKkisjubed607l8v7g1dlms9bje

    alter table member_like_id 
       drop 
       foreign key FKkisjubed607l8v7g1dlms9bje;
2021-11-09 16:18:06.188 DEBUG 7884 --- [    Test worker] org.hibernate.SQL                        : 
    
    alter table member_roles 
       drop 
       foreign key FKruptm2dtwl95mfks4bnhv828k
2021-11-09 16:18:06.202  INFO 7884 --- [    Test worker] p6spy                                    : #1636442286202 | took 14ms | statement | connection 1| url jdbc:mysql://localhost:3306/board?serverTimezone=UTC&characterEncoding=UTF-8

    alter table member_roles 
       drop 
       foreign key FKruptm2dtwl95mfks4bnhv828k

    alter table member_roles 
       drop 
       foreign key FKruptm2dtwl95mfks4bnhv828k;
2021-11-09 16:18:06.204 DEBUG 7884 --- [    Test worker] org.hibernate.SQL                        : 
    
    drop table if exists board
2021-11-09 16:18:06.225  INFO 7884 --- [    Test worker] p6spy                                    : #1636442286225 | took 20ms | statement | connection 1| url jdbc:mysql://localhost:3306/board?serverTimezone=UTC&characterEncoding=UTF-8

    drop table if exists board

    drop table if exists board;
2021-11-09 16:18:06.226 DEBUG 7884 --- [    Test worker] org.hibernate.SQL                        : 
    
    drop table if exists comment
2021-11-09 16:18:06.248  INFO 7884 --- [    Test worker] p6spy                                    : #1636442286248 | took 20ms | statement | connection 1| url jdbc:mysql://localhost:3306/board?serverTimezone=UTC&characterEncoding=UTF-8

    drop table if exists comment

    drop table if exists comment;
2021-11-09 16:18:06.249 DEBUG 7884 --- [    Test worker] org.hibernate.SQL                        : 
    
    drop table if exists hibernate_sequence
2021-11-09 16:18:06.269  INFO 7884 --- [    Test worker] p6spy                                    : #1636442286269 | took 19ms | statement | connection 1| url jdbc:mysql://localhost:3306/board?serverTimezone=UTC&characterEncoding=UTF-8

    drop table if exists hibernate_sequence

    drop table if exists hibernate_sequence;
2021-11-09 16:18:06.270 DEBUG 7884 --- [    Test worker] org.hibernate.SQL                        : 
    
    drop table if exists member
2021-11-09 16:18:06.294  INFO 7884 --- [    Test worker] p6spy                                    : #1636442286294 | took 23ms | statement | connection 1| url jdbc:mysql://localhost:3306/board?serverTimezone=UTC&characterEncoding=UTF-8

    drop table if exists member

    drop table if exists member;
2021-11-09 16:18:06.295 DEBUG 7884 --- [    Test worker] org.hibernate.SQL                        : 
    
    drop table if exists member_like_id
2021-11-09 16:18:06.313  INFO 7884 --- [    Test worker] p6spy                                    : #1636442286313 | took 18ms | statement | connection 1| url jdbc:mysql://localhost:3306/board?serverTimezone=UTC&characterEncoding=UTF-8

    drop table if exists member_like_id

    drop table if exists member_like_id;
2021-11-09 16:18:06.314 DEBUG 7884 --- [    Test worker] org.hibernate.SQL                        : 
    
    drop table if exists member_roles
2021-11-09 16:18:06.431  INFO 7884 --- [    Test worker] p6spy                                    : #1636442286431 | took 117ms | statement | connection 1| url jdbc:mysql://localhost:3306/board?serverTimezone=UTC&characterEncoding=UTF-8

    drop table if exists member_roles

    drop table if exists member_roles;
2021-11-09 16:18:06.436 DEBUG 7884 --- [    Test worker] org.hibernate.SQL                        : 
    
    create table board (
       board_id bigint not null,
        board_type varchar(255),
        comment_size integer not null,
        content TEXT,
        created_by varchar(255),
        created_date datetime(6),
        last_modified_by varchar(255),
        last_modified_date datetime(6),
        likes integer not null,
        title varchar(255),
        views integer not null,
        member_id bigint,
        primary key (board_id)
    ) engine=InnoDB
2021-11-09 16:18:06.485  INFO 7884 --- [    Test worker] p6spy                                    : #1636442286485 | took 47ms | statement | connection 2| url jdbc:mysql://localhost:3306/board?serverTimezone=UTC&characterEncoding=UTF-8

    create table board (
       board_id bigint not null,
        board_type varchar(255),
        comment_size integer not null,
        content TEXT,
        created_by varchar(255),
        created_date datetime(6),
        last_modified_by varchar(255),
        last_modified_date datetime(6),
        likes integer not null,
        title varchar(255),
        views integer not null,
        member_id bigint,
        primary key (board_id)
    ) engine=InnoDB

    create table board (
       board_id bigint not null,
        board_type varchar(255),
        comment_size integer not null,
        content TEXT,
        created_by varchar(255),
        created_date datetime(6),
        last_modified_by varchar(255),
        last_modified_date datetime(6),
        likes integer not null,
        title varchar(255),
        views integer not null,
        member_id bigint,
        primary key (board_id)
    ) engine=InnoDB;
2021-11-09 16:18:06.487 DEBUG 7884 --- [    Test worker] org.hibernate.SQL                        : 
    
    create table comment (
       comment_id bigint not null,
        content varchar(255),
        created_by varchar(255),
        created_date datetime(6),
        last_modified_by varchar(255),
        last_modified_date datetime(6),
        likes integer not null,
        board_id bigint,
        member_id bigint,
        primary key (comment_id)
    ) engine=InnoDB
2021-11-09 16:18:06.530  INFO 7884 --- [    Test worker] p6spy                                    : #1636442286530 | took 42ms | statement | connection 2| url jdbc:mysql://localhost:3306/board?serverTimezone=UTC&characterEncoding=UTF-8

    create table comment (
       comment_id bigint not null,
        content varchar(255),
        created_by varchar(255),
        created_date datetime(6),
        last_modified_by varchar(255),
        last_modified_date datetime(6),
        likes integer not null,
        board_id bigint,
        member_id bigint,
        primary key (comment_id)
    ) engine=InnoDB

    create table comment (
       comment_id bigint not null,
        content varchar(255),
        created_by varchar(255),
        created_date datetime(6),
        last_modified_by varchar(255),
        last_modified_date datetime(6),
        likes integer not null,
        board_id bigint,
        member_id bigint,
        primary key (comment_id)
    ) engine=InnoDB;
2021-11-09 16:18:06.532 DEBUG 7884 --- [    Test worker] org.hibernate.SQL                        : 
    
    create table hibernate_sequence (
       next_val bigint
    ) engine=InnoDB
2021-11-09 16:18:06.566  INFO 7884 --- [    Test worker] p6spy                                    : #1636442286566 | took 34ms | statement | connection 2| url jdbc:mysql://localhost:3306/board?serverTimezone=UTC&characterEncoding=UTF-8

    create table hibernate_sequence (
       next_val bigint
    ) engine=InnoDB

    create table hibernate_sequence (
       next_val bigint
    ) engine=InnoDB;
2021-11-09 16:18:06.567 DEBUG 7884 --- [    Test worker] org.hibernate.SQL                        : 
    
    insert into hibernate_sequence values ( 1 )
2021-11-09 16:18:06.573  INFO 7884 --- [    Test worker] p6spy                                    : #1636442286573 | took 5ms | statement | connection 2| url jdbc:mysql://localhost:3306/board?serverTimezone=UTC&characterEncoding=UTF-8

    insert into hibernate_sequence values ( 1 )

    insert into hibernate_sequence values ( 1 );
2021-11-09 16:18:06.574 DEBUG 7884 --- [    Test worker] org.hibernate.SQL                        : 
    
    create table member (
       member_id bigint not null,
        address varchar(255),
        age integer not null,
        created_date datetime(6),
        last_modified_date datetime(6),
        login_id varchar(255),
        name varchar(255),
        password varchar(255),
        primary key (member_id)
    ) engine=InnoDB
2021-11-09 16:18:06.622  INFO 7884 --- [    Test worker] p6spy                                    : #1636442286622 | took 47ms | statement | connection 2| url jdbc:mysql://localhost:3306/board?serverTimezone=UTC&characterEncoding=UTF-8

    create table member (
       member_id bigint not null,
        address varchar(255),
        age integer not null,
        created_date datetime(6),
        last_modified_date datetime(6),
        login_id varchar(255),
        name varchar(255),
        password varchar(255),
        primary key (member_id)
    ) engine=InnoDB

    create table member (
       member_id bigint not null,
        address varchar(255),
        age integer not null,
        created_date datetime(6),
        last_modified_date datetime(6),
        login_id varchar(255),
        name varchar(255),
        password varchar(255),
        primary key (member_id)
    ) engine=InnoDB;
2021-11-09 16:18:06.624 DEBUG 7884 --- [    Test worker] org.hibernate.SQL                        : 
    
    create table member_like_id (
       member_member_id bigint not null,
        like_id bigint
    ) engine=InnoDB
2021-11-09 16:18:06.706  INFO 7884 --- [    Test worker] p6spy                                    : #1636442286706 | took 81ms | statement | connection 2| url jdbc:mysql://localhost:3306/board?serverTimezone=UTC&characterEncoding=UTF-8

    create table member_like_id (
       member_member_id bigint not null,
        like_id bigint
    ) engine=InnoDB

    create table member_like_id (
       member_member_id bigint not null,
        like_id bigint
    ) engine=InnoDB;
2021-11-09 16:18:06.707 DEBUG 7884 --- [    Test worker] org.hibernate.SQL                        : 
    
    create table member_roles (
       member_member_id bigint not null,
        roles varchar(255)
    ) engine=InnoDB
2021-11-09 16:18:06.764  INFO 7884 --- [    Test worker] p6spy                                    : #1636442286764 | took 56ms | statement | connection 2| url jdbc:mysql://localhost:3306/board?serverTimezone=UTC&characterEncoding=UTF-8

    create table member_roles (
       member_member_id bigint not null,
        roles varchar(255)
    ) engine=InnoDB

    create table member_roles (
       member_member_id bigint not null,
        roles varchar(255)
    ) engine=InnoDB;
2021-11-09 16:18:06.765 DEBUG 7884 --- [    Test worker] org.hibernate.SQL                        : 
    
    alter table board 
       add constraint FKsds8ox89wwf6aihinar49rmfy 
       foreign key (member_id) 
       references member (member_id)
2021-11-09 16:18:06.868  INFO 7884 --- [    Test worker] p6spy                                    : #1636442286868 | took 102ms | statement | connection 2| url jdbc:mysql://localhost:3306/board?serverTimezone=UTC&characterEncoding=UTF-8

    alter table board 
       add constraint FKsds8ox89wwf6aihinar49rmfy 
       foreign key (member_id) 
       references member (member_id)

    alter table board 
       add constraint FKsds8ox89wwf6aihinar49rmfy 
       foreign key (member_id) 
       references member (member_id);
2021-11-09 16:18:06.869 DEBUG 7884 --- [    Test worker] org.hibernate.SQL                        : 
    
    alter table comment 
       add constraint FKlij9oor1nav89jeat35s6kbp1 
       foreign key (board_id) 
       references board (board_id)
2021-11-09 16:18:06.964  INFO 7884 --- [    Test worker] p6spy                                    : #1636442286964 | took 94ms | statement | connection 2| url jdbc:mysql://localhost:3306/board?serverTimezone=UTC&characterEncoding=UTF-8

    alter table comment 
       add constraint FKlij9oor1nav89jeat35s6kbp1 
       foreign key (board_id) 
       references board (board_id)

    alter table comment 
       add constraint FKlij9oor1nav89jeat35s6kbp1 
       foreign key (board_id) 
       references board (board_id);
2021-11-09 16:18:06.965 DEBUG 7884 --- [    Test worker] org.hibernate.SQL                        : 
    
    alter table comment 
       add constraint FKmrrrpi513ssu63i2783jyiv9m 
       foreign key (member_id) 
       references member (member_id)
2021-11-09 16:18:07.157  INFO 7884 --- [    Test worker] p6spy                                    : #1636442287157 | took 191ms | statement | connection 2| url jdbc:mysql://localhost:3306/board?serverTimezone=UTC&characterEncoding=UTF-8

    alter table comment 
       add constraint FKmrrrpi513ssu63i2783jyiv9m 
       foreign key (member_id) 
       references member (member_id)

    alter table comment 
       add constraint FKmrrrpi513ssu63i2783jyiv9m 
       foreign key (member_id) 
       references member (member_id);
2021-11-09 16:18:07.158 DEBUG 7884 --- [    Test worker] org.hibernate.SQL                        : 
    
    alter table member_like_id 
       add constraint FKkisjubed607l8v7g1dlms9bje 
       foreign key (member_member_id) 
       references member (member_id)
2021-11-09 16:18:07.745  INFO 7884 --- [    Test worker] p6spy                                    : #1636442287745 | took 587ms | statement | connection 2| url jdbc:mysql://localhost:3306/board?serverTimezone=UTC&characterEncoding=UTF-8

    alter table member_like_id 
       add constraint FKkisjubed607l8v7g1dlms9bje 
       foreign key (member_member_id) 
       references member (member_id)

    alter table member_like_id 
       add constraint FKkisjubed607l8v7g1dlms9bje 
       foreign key (member_member_id) 
       references member (member_id);
2021-11-09 16:18:07.747 DEBUG 7884 --- [    Test worker] org.hibernate.SQL                        : 
    
    alter table member_roles 
       add constraint FKruptm2dtwl95mfks4bnhv828k 
       foreign key (member_member_id) 
       references member (member_id)
2021-11-09 16:18:07.956  INFO 7884 --- [    Test worker] p6spy                                    : #1636442287956 | took 206ms | statement | connection 2| url jdbc:mysql://localhost:3306/board?serverTimezone=UTC&characterEncoding=UTF-8

    alter table member_roles 
       add constraint FKruptm2dtwl95mfks4bnhv828k 
       foreign key (member_member_id) 
       references member (member_id)

    alter table member_roles 
       add constraint FKruptm2dtwl95mfks4bnhv828k 
       foreign key (member_member_id) 
       references member (member_id);
2021-11-09 16:18:07.961  INFO 7884 --- [    Test worker] o.h.e.t.j.p.i.JtaPlatformInitiator       : HHH000490: Using JtaPlatform implementation: [org.hibernate.engine.transaction.jta.platform.internal.NoJtaPlatform]
2021-11-09 16:18:07.974  INFO 7884 --- [    Test worker] j.LocalContainerEntityManagerFactoryBean : Initialized JPA EntityManagerFactory for persistence unit 'default'
2021-11-09 16:18:09.134  WARN 7884 --- [    Test worker] JpaBaseConfiguration$JpaWebConfiguration : spring.jpa.open-in-view is enabled by default. Therefore, database queries may be performed during view rendering. Explicitly configure spring.jpa.open-in-view to disable this warning
2021-11-09 16:18:10.756  INFO 7884 --- [    Test worker] o.s.s.web.DefaultSecurityFilterChain     : Will secure any request with [org.springframework.security.web.context.request.async.WebAsyncManagerIntegrationFilter@6e8d7c73, org.springframework.security.web.context.SecurityContextPersistenceFilter@17e47d86, org.springframework.security.web.header.HeaderWriterFilter@494cc8e9, org.springframework.security.web.authentication.logout.LogoutFilter@13d40093, com.example.boardapi.security.JWT.JwtAuthenticationFilter@435ca4a3, org.springframework.security.web.savedrequest.RequestCacheAwareFilter@1c7da72c, org.springframework.security.web.servletapi.SecurityContextHolderAwareRequestFilter@42b30780, org.springframework.security.web.authentication.AnonymousAuthenticationFilter@38e7a4d2, org.springframework.security.web.session.SessionManagementFilter@18122cd3, org.springframework.security.web.access.ExceptionTranslationFilter@5921714f, org.springframework.security.web.access.intercept.FilterSecurityInterceptor@616918a3]
2021-11-09 16:18:13.072  INFO 7884 --- [    Test worker] c.e.boardapi.BoardApiApplicationTests    : Started BoardApiApplicationTests in 13.13 seconds (JVM running for 15.994)
]]></system-out>
  <system-err><![CDATA[]]></system-err>
</testsuite>
