<?xml version="1.0" encoding="UTF-8"?>
<testsuite name="com.example.boardapi.BoardApiApplicationTests" tests="1" skipped="0" failures="0" errors="0" timestamp="2022-01-17T09:52:49" hostname="DESKTOP-F55RK1N" time="0.157">
  <properties/>
  <testcase name="contextLoads()" classname="com.example.boardapi.BoardApiApplicationTests" time="0.157"/>
  <system-out><![CDATA[18:52:39.430 [Test worker] DEBUG org.springframework.test.context.BootstrapUtils - Instantiating CacheAwareContextLoaderDelegate from class [org.springframework.test.context.cache.DefaultCacheAwareContextLoaderDelegate]
18:52:39.447 [Test worker] DEBUG org.springframework.test.context.BootstrapUtils - Instantiating BootstrapContext using constructor [public org.springframework.test.context.support.DefaultBootstrapContext(java.lang.Class,org.springframework.test.context.CacheAwareContextLoaderDelegate)]
18:52:39.499 [Test worker] DEBUG org.springframework.test.context.BootstrapUtils - Instantiating TestContextBootstrapper for test class [com.example.boardapi.BoardApiApplicationTests] from class [org.springframework.boot.test.context.SpringBootTestContextBootstrapper]
18:52:39.518 [Test worker] INFO org.springframework.boot.test.context.SpringBootTestContextBootstrapper - Neither @ContextConfiguration nor @ContextHierarchy found for test class [com.example.boardapi.BoardApiApplicationTests], using SpringBootContextLoader
18:52:39.523 [Test worker] DEBUG org.springframework.test.context.support.AbstractContextLoader - Did not detect default resource location for test class [com.example.boardapi.BoardApiApplicationTests]: class path resource [com/example/boardapi/BoardApiApplicationTests-context.xml] does not exist
18:52:39.524 [Test worker] DEBUG org.springframework.test.context.support.AbstractContextLoader - Did not detect default resource location for test class [com.example.boardapi.BoardApiApplicationTests]: class path resource [com/example/boardapi/BoardApiApplicationTestsContext.groovy] does not exist
18:52:39.525 [Test worker] INFO org.springframework.test.context.support.AbstractContextLoader - Could not detect default resource locations for test class [com.example.boardapi.BoardApiApplicationTests]: no resource found for suffixes {-context.xml, Context.groovy}.
18:52:39.526 [Test worker] INFO org.springframework.test.context.support.AnnotationConfigContextLoaderUtils - Could not detect default configuration classes for test class [com.example.boardapi.BoardApiApplicationTests]: BoardApiApplicationTests does not declare any static, non-private, non-final, nested classes annotated with @Configuration.
18:52:39.595 [Test worker] DEBUG org.springframework.test.context.support.ActiveProfilesUtils - Could not find an 'annotation declaring class' for annotation type [org.springframework.test.context.ActiveProfiles] and class [com.example.boardapi.BoardApiApplicationTests]
18:52:39.692 [Test worker] DEBUG org.springframework.context.annotation.ClassPathScanningCandidateComponentProvider - Identified candidate component class: file [D:\springStudy\dev-community-master\dev-community-master\back-end\board-api\build\classes\java\main\com\example\boardapi\BoardApiApplication.class]
18:52:39.694 [Test worker] INFO org.springframework.boot.test.context.SpringBootTestContextBootstrapper - Found @SpringBootConfiguration com.example.boardapi.BoardApiApplication for test class com.example.boardapi.BoardApiApplicationTests
18:52:39.851 [Test worker] DEBUG org.springframework.boot.test.context.SpringBootTestContextBootstrapper - @TestExecutionListeners is not present for class [com.example.boardapi.BoardApiApplicationTests]: using defaults.
18:52:39.852 [Test worker] INFO org.springframework.boot.test.context.SpringBootTestContextBootstrapper - Loaded default TestExecutionListener class names from location [META-INF/spring.factories]: [org.springframework.boot.test.autoconfigure.restdocs.RestDocsTestExecutionListener, org.springframework.boot.test.autoconfigure.web.client.MockRestServiceServerResetTestExecutionListener, org.springframework.boot.test.autoconfigure.web.servlet.MockMvcPrintOnlyOnFailureTestExecutionListener, org.springframework.boot.test.autoconfigure.web.servlet.WebDriverTestExecutionListener, org.springframework.boot.test.autoconfigure.webservices.client.MockWebServiceServerTestExecutionListener, org.springframework.boot.test.mock.mockito.MockitoTestExecutionListener, org.springframework.boot.test.mock.mockito.ResetMocksTestExecutionListener, org.springframework.test.context.web.ServletTestExecutionListener, org.springframework.test.context.support.DirtiesContextBeforeModesTestExecutionListener, org.springframework.test.context.event.ApplicationEventsTestExecutionListener, org.springframework.test.context.support.DependencyInjectionTestExecutionListener, org.springframework.test.context.support.DirtiesContextTestExecutionListener, org.springframework.test.context.transaction.TransactionalTestExecutionListener, org.springframework.test.context.jdbc.SqlScriptsTestExecutionListener, org.springframework.test.context.event.EventPublishingTestExecutionListener]
18:52:39.887 [Test worker] INFO org.springframework.boot.test.context.SpringBootTestContextBootstrapper - Using TestExecutionListeners: [org.springframework.test.context.web.ServletTestExecutionListener@5bf5cf15, org.springframework.test.context.support.DirtiesContextBeforeModesTestExecutionListener@23d98a5c, org.springframework.test.context.event.ApplicationEventsTestExecutionListener@7b8328a8, org.springframework.boot.test.mock.mockito.MockitoTestExecutionListener@2c07582e, org.springframework.boot.test.autoconfigure.SpringBootDependencyInjectionTestExecutionListener@597fa7dc, org.springframework.test.context.support.DirtiesContextTestExecutionListener@369b4dc5, org.springframework.test.context.transaction.TransactionalTestExecutionListener@54bfe5d6, org.springframework.test.context.jdbc.SqlScriptsTestExecutionListener@42ef1147, org.springframework.test.context.event.EventPublishingTestExecutionListener@660a1f81, org.springframework.boot.test.autoconfigure.restdocs.RestDocsTestExecutionListener@a1393e0, org.springframework.boot.test.autoconfigure.web.client.MockRestServiceServerResetTestExecutionListener@21a95621, org.springframework.boot.test.autoconfigure.web.servlet.MockMvcPrintOnlyOnFailureTestExecutionListener@1bf61e7a, org.springframework.boot.test.autoconfigure.web.servlet.WebDriverTestExecutionListener@2db6fc92, org.springframework.boot.test.autoconfigure.webservices.client.MockWebServiceServerTestExecutionListener@3bacf657, org.springframework.boot.test.mock.mockito.ResetMocksTestExecutionListener@50dfb75d]
18:52:39.892 [Test worker] DEBUG org.springframework.test.context.support.AbstractDirtiesContextTestExecutionListener - Before test class: context [DefaultTestContext@45182b15 testClass = BoardApiApplicationTests, testInstance = [null], testMethod = [null], testException = [null], mergedContextConfiguration = [WebMergedContextConfiguration@7851ef9e testClass = BoardApiApplicationTests, locations = '{}', classes = '{class com.example.boardapi.BoardApiApplication}', contextInitializerClasses = '[]', activeProfiles = '{}', propertySourceLocations = '{}', propertySourceProperties = '{org.springframework.boot.test.context.SpringBootTestContextBootstrapper=true}', contextCustomizers = set[org.springframework.boot.test.autoconfigure.actuate.metrics.MetricsExportContextCustomizerFactory$DisableMetricExportContextCustomizer@71b8db9e, org.springframework.boot.test.autoconfigure.properties.PropertyMappingContextCustomizer@0, org.springframework.boot.test.autoconfigure.web.servlet.WebDriverContextCustomizerFactory$Customizer@753ca35e, org.springframework.boot.test.context.filter.ExcludeFilterContextCustomizer@37096d43, org.springframework.boot.test.json.DuplicateJsonObjectContextCustomizerFactory$DuplicateJsonObjectContextCustomizer@71f0b6ef, org.springframework.boot.test.mock.mockito.MockitoContextCustomizer@0, org.springframework.boot.test.web.client.TestRestTemplateContextCustomizer@6d48a6c6, org.springframework.boot.test.context.SpringBootTestArgs@1, org.springframework.boot.test.context.SpringBootTestWebEnvironment@4d5af34e], resourceBasePath = 'src/main/webapp', contextLoader = 'org.springframework.boot.test.context.SpringBootContextLoader', parent = [null]], attributes = map['org.springframework.test.context.web.ServletTestExecutionListener.activateListener' -> true]], class annotated with @DirtiesContext [false] with mode [null].
18:52:39.929 [Test worker] DEBUG org.springframework.test.context.support.TestPropertySourceUtils - Adding inlined properties to environment: {spring.jmx.enabled=false, org.springframework.boot.test.context.SpringBootTestContextBootstrapper=true}

  .   ____          _            __ _ _
 /\\ / ___'_ __ _ _(_)_ __  __ _ \ \ \ \
( ( )\___ | '_ | '_| | '_ \/ _` | \ \ \ \
 \\/  ___)| |_)| | | | | || (_| |  ) ) ) )
  '  |____| .__|_| |_|_| |_\__, | / / / /
 =========|_|==============|___/=/_/_/_/
 :: Spring Boot ::                (v2.5.5)

2022-01-17 18:52:40.307  INFO 3968 --- [    Test worker] c.e.boardapi.BoardApiApplicationTests    : Starting BoardApiApplicationTests using Java 11.0.9 on DESKTOP-F55RK1N with PID 3968 (started by ksw in D:\springStudy\dev-community-master\dev-community-master\back-end\board-api)
2022-01-17 18:52:40.310  INFO 3968 --- [    Test worker] c.e.boardapi.BoardApiApplicationTests    : No active profile set, falling back to default profiles: default
2022-01-17 18:52:41.983  INFO 3968 --- [    Test worker] .s.d.r.c.RepositoryConfigurationDelegate : Bootstrapping Spring Data JPA repositories in DEFAULT mode.
2022-01-17 18:52:42.143  INFO 3968 --- [    Test worker] .s.d.r.c.RepositoryConfigurationDelegate : Finished Spring Data repository scanning in 151 ms. Found 5 JPA repository interfaces.
2022-01-17 18:52:43.175  INFO 3968 --- [    Test worker] com.zaxxer.hikari.HikariDataSource       : HikariPool-1 - Starting...
2022-01-17 18:52:43.413  INFO 3968 --- [    Test worker] com.zaxxer.hikari.HikariDataSource       : HikariPool-1 - Start completed.
2022-01-17 18:52:43.563  INFO 3968 --- [    Test worker] o.hibernate.jpa.internal.util.LogHelper  : HHH000204: Processing PersistenceUnitInfo [name: default]
2022-01-17 18:52:43.642  INFO 3968 --- [    Test worker] org.hibernate.Version                    : HHH000412: Hibernate ORM core version 5.4.32.Final
2022-01-17 18:52:43.848  INFO 3968 --- [    Test worker] o.hibernate.annotations.common.Version   : HCANN000001: Hibernate Commons Annotations {5.1.2.Final}
2022-01-17 18:52:44.117  INFO 3968 --- [    Test worker] org.hibernate.dialect.Dialect            : HHH000400: Using dialect: org.hibernate.dialect.H2Dialect
2022-01-17 18:52:45.425  INFO 3968 --- [    Test worker] p6spy                                    : #1642413165425 | took 2ms | statement | connection 2| url jdbc:h2:mem:19c705fc-0039-4014-8df3-40fc425df8ee
drop table if exists board CASCADE 
drop table if exists board CASCADE ;
2022-01-17 18:52:45.425  INFO 3968 --- [    Test worker] p6spy                                    : #1642413165425 | took 0ms | statement | connection 2| url jdbc:h2:mem:19c705fc-0039-4014-8df3-40fc425df8ee
drop table if exists comment CASCADE 
drop table if exists comment CASCADE ;
2022-01-17 18:52:45.426  INFO 3968 --- [    Test worker] p6spy                                    : #1642413165426 | took 0ms | statement | connection 2| url jdbc:h2:mem:19c705fc-0039-4014-8df3-40fc425df8ee
drop table if exists member CASCADE 
drop table if exists member CASCADE ;
2022-01-17 18:52:45.426  INFO 3968 --- [    Test worker] p6spy                                    : #1642413165426 | took 0ms | statement | connection 2| url jdbc:h2:mem:19c705fc-0039-4014-8df3-40fc425df8ee
drop table if exists member_like_id CASCADE 
drop table if exists member_like_id CASCADE ;
2022-01-17 18:52:45.426  INFO 3968 --- [    Test worker] p6spy                                    : #1642413165426 | took 0ms | statement | connection 2| url jdbc:h2:mem:19c705fc-0039-4014-8df3-40fc425df8ee
drop table if exists member_roles CASCADE 
drop table if exists member_roles CASCADE ;
2022-01-17 18:52:45.427  INFO 3968 --- [    Test worker] p6spy                                    : #1642413165427 | took 0ms | statement | connection 2| url jdbc:h2:mem:19c705fc-0039-4014-8df3-40fc425df8ee
drop table if exists notice CASCADE 
drop table if exists notice CASCADE ;
2022-01-17 18:52:45.427  INFO 3968 --- [    Test worker] p6spy                                    : #1642413165427 | took 0ms | statement | connection 2| url jdbc:h2:mem:19c705fc-0039-4014-8df3-40fc425df8ee
drop table if exists scrap CASCADE 
drop table if exists scrap CASCADE ;
2022-01-17 18:52:45.428  INFO 3968 --- [    Test worker] p6spy                                    : #1642413165428 | took 0ms | statement | connection 2| url jdbc:h2:mem:19c705fc-0039-4014-8df3-40fc425df8ee
drop sequence if exists hibernate_sequence
drop sequence if exists hibernate_sequence;
2022-01-17 18:52:45.433  INFO 3968 --- [    Test worker] p6spy                                    : #1642413165433 | took 1ms | statement | connection 3| url jdbc:h2:mem:19c705fc-0039-4014-8df3-40fc425df8ee
create sequence hibernate_sequence start with 1 increment by 1
create sequence hibernate_sequence start with 1 increment by 1;
2022-01-17 18:52:45.440  INFO 3968 --- [    Test worker] p6spy                                    : #1642413165440 | took 6ms | statement | connection 3| url jdbc:h2:mem:19c705fc-0039-4014-8df3-40fc425df8ee
create table board (board_id bigint not null, board_type varchar(255), comment_size integer not null, content TEXT, created_by varchar(255), created_date timestamp, is_selected boolean not null, last_modified_by varchar(255), last_modified_date timestamp, likes integer not null, title varchar(255), views integer not null, member_id bigint, primary key (board_id))
create table board (board_id bigint not null, board_type varchar(255), comment_size integer not null, content TEXT, created_by varchar(255), created_date timestamp, is_selected boolean not null, last_modified_by varchar(255), last_modified_date timestamp, likes integer not null, title varchar(255), views integer not null, member_id bigint, primary key (board_id));
2022-01-17 18:52:45.442  INFO 3968 --- [    Test worker] p6spy                                    : #1642413165442 | took 1ms | statement | connection 3| url jdbc:h2:mem:19c705fc-0039-4014-8df3-40fc425df8ee
create table comment (comment_id bigint not null, content varchar(255), created_by varchar(255), created_date timestamp, is_selected boolean not null, last_modified_by varchar(255), last_modified_date timestamp, likes integer not null, board_id bigint, member_id bigint, primary key (comment_id))
create table comment (comment_id bigint not null, content varchar(255), created_by varchar(255), created_date timestamp, is_selected boolean not null, last_modified_by varchar(255), last_modified_date timestamp, likes integer not null, board_id bigint, member_id bigint, primary key (comment_id));
2022-01-17 18:52:45.444  INFO 3968 --- [    Test worker] p6spy                                    : #1642413165444 | took 0ms | statement | connection 3| url jdbc:h2:mem:19c705fc-0039-4014-8df3-40fc425df8ee
create table member (member_id bigint not null, active_score integer not null, address varchar(255), age integer not null, created_date timestamp, last_modified_date timestamp, login_id varchar(255), name varchar(255), password varchar(255), primary key (member_id))
create table member (member_id bigint not null, active_score integer not null, address varchar(255), age integer not null, created_date timestamp, last_modified_date timestamp, login_id varchar(255), name varchar(255), password varchar(255), primary key (member_id));
2022-01-17 18:52:45.445  INFO 3968 --- [    Test worker] p6spy                                    : #1642413165445 | took 0ms | statement | connection 3| url jdbc:h2:mem:19c705fc-0039-4014-8df3-40fc425df8ee
create table member_like_id (member_member_id bigint not null, like_id bigint)
create table member_like_id (member_member_id bigint not null, like_id bigint);
2022-01-17 18:52:45.446  INFO 3968 --- [    Test worker] p6spy                                    : #1642413165446 | took 0ms | statement | connection 3| url jdbc:h2:mem:19c705fc-0039-4014-8df3-40fc425df8ee
create table member_roles (member_member_id bigint not null, roles varchar(255))
create table member_roles (member_member_id bigint not null, roles varchar(255));
2022-01-17 18:52:45.448  INFO 3968 --- [    Test worker] p6spy                                    : #1642413165448 | took 1ms | statement | connection 3| url jdbc:h2:mem:19c705fc-0039-4014-8df3-40fc425df8ee
create table notice (notice_id bigint not null, created_date timestamp, is_checked boolean not null, last_modified_date timestamp, login_id varchar(255), message_type varchar(255), title varchar(255), board_id bigint, member_id bigint, primary key (notice_id))
create table notice (notice_id bigint not null, created_date timestamp, is_checked boolean not null, last_modified_date timestamp, login_id varchar(255), message_type varchar(255), title varchar(255), board_id bigint, member_id bigint, primary key (notice_id));
2022-01-17 18:52:45.449  INFO 3968 --- [    Test worker] p6spy                                    : #1642413165449 | took 0ms | statement | connection 3| url jdbc:h2:mem:19c705fc-0039-4014-8df3-40fc425df8ee
create table scrap (scrap_id bigint not null, last_modified_date timestamp, created_date timestamp, board_id bigint, member_id bigint, primary key (scrap_id))
create table scrap (scrap_id bigint not null, last_modified_date timestamp, created_date timestamp, board_id bigint, member_id bigint, primary key (scrap_id));
2022-01-17 18:52:45.462  INFO 3968 --- [    Test worker] p6spy                                    : #1642413165462 | took 12ms | statement | connection 3| url jdbc:h2:mem:19c705fc-0039-4014-8df3-40fc425df8ee
alter table board add constraint FKsds8ox89wwf6aihinar49rmfy foreign key (member_id) references member
alter table board add constraint FKsds8ox89wwf6aihinar49rmfy foreign key (member_id) references member;
2022-01-17 18:52:45.465  INFO 3968 --- [    Test worker] p6spy                                    : #1642413165465 | took 2ms | statement | connection 3| url jdbc:h2:mem:19c705fc-0039-4014-8df3-40fc425df8ee
alter table comment add constraint FKlij9oor1nav89jeat35s6kbp1 foreign key (board_id) references board
alter table comment add constraint FKlij9oor1nav89jeat35s6kbp1 foreign key (board_id) references board;
2022-01-17 18:52:45.467  INFO 3968 --- [    Test worker] p6spy                                    : #1642413165467 | took 2ms | statement | connection 3| url jdbc:h2:mem:19c705fc-0039-4014-8df3-40fc425df8ee
alter table comment add constraint FKmrrrpi513ssu63i2783jyiv9m foreign key (member_id) references member
alter table comment add constraint FKmrrrpi513ssu63i2783jyiv9m foreign key (member_id) references member;
2022-01-17 18:52:45.469  INFO 3968 --- [    Test worker] p6spy                                    : #1642413165469 | took 1ms | statement | connection 3| url jdbc:h2:mem:19c705fc-0039-4014-8df3-40fc425df8ee
alter table member_like_id add constraint FKkisjubed607l8v7g1dlms9bje foreign key (member_member_id) references member
alter table member_like_id add constraint FKkisjubed607l8v7g1dlms9bje foreign key (member_member_id) references member;
2022-01-17 18:52:45.471  INFO 3968 --- [    Test worker] p6spy                                    : #1642413165471 | took 1ms | statement | connection 3| url jdbc:h2:mem:19c705fc-0039-4014-8df3-40fc425df8ee
alter table member_roles add constraint FKruptm2dtwl95mfks4bnhv828k foreign key (member_member_id) references member
alter table member_roles add constraint FKruptm2dtwl95mfks4bnhv828k foreign key (member_member_id) references member;
2022-01-17 18:52:45.473  INFO 3968 --- [    Test worker] p6spy                                    : #1642413165473 | took 1ms | statement | connection 3| url jdbc:h2:mem:19c705fc-0039-4014-8df3-40fc425df8ee
alter table notice add constraint FK9fprbxl106wuljx29qrvc445y foreign key (board_id) references board
alter table notice add constraint FK9fprbxl106wuljx29qrvc445y foreign key (board_id) references board;
2022-01-17 18:52:45.475  INFO 3968 --- [    Test worker] p6spy                                    : #1642413165475 | took 1ms | statement | connection 3| url jdbc:h2:mem:19c705fc-0039-4014-8df3-40fc425df8ee
alter table notice add constraint FKnriaekshh15qoqnlhvqkj931e foreign key (member_id) references member
alter table notice add constraint FKnriaekshh15qoqnlhvqkj931e foreign key (member_id) references member;
2022-01-17 18:52:45.477  INFO 3968 --- [    Test worker] p6spy                                    : #1642413165477 | took 1ms | statement | connection 3| url jdbc:h2:mem:19c705fc-0039-4014-8df3-40fc425df8ee
alter table scrap add constraint FK46d2cvrgggcia4oean5lykfr foreign key (board_id) references board
alter table scrap add constraint FK46d2cvrgggcia4oean5lykfr foreign key (board_id) references board;
2022-01-17 18:52:45.479  INFO 3968 --- [    Test worker] p6spy                                    : #1642413165479 | took 1ms | statement | connection 3| url jdbc:h2:mem:19c705fc-0039-4014-8df3-40fc425df8ee
alter table scrap add constraint FKq0ff1jblgu8vrsh90u826qell foreign key (member_id) references member
alter table scrap add constraint FKq0ff1jblgu8vrsh90u826qell foreign key (member_id) references member;
2022-01-17 18:52:45.483  INFO 3968 --- [    Test worker] o.h.e.t.j.p.i.JtaPlatformInitiator       : HHH000490: Using JtaPlatform implementation: [org.hibernate.engine.transaction.jta.platform.internal.NoJtaPlatform]
2022-01-17 18:52:45.496  INFO 3968 --- [    Test worker] j.LocalContainerEntityManagerFactoryBean : Initialized JPA EntityManagerFactory for persistence unit 'default'
2022-01-17 18:52:46.050  WARN 3968 --- [    Test worker] JpaBaseConfiguration$JpaWebConfiguration : spring.jpa.open-in-view is enabled by default. Therefore, database queries may be performed during view rendering. Explicitly configure spring.jpa.open-in-view to disable this warning
2022-01-17 18:52:47.568  INFO 3968 --- [    Test worker] o.s.s.web.DefaultSecurityFilterChain     : Will secure any request with [org.springframework.security.web.context.request.async.WebAsyncManagerIntegrationFilter@7f1547e3, org.springframework.security.web.context.SecurityContextPersistenceFilter@cbc097b, org.springframework.security.web.header.HeaderWriterFilter@666d6941, org.springframework.security.web.authentication.logout.LogoutFilter@789cf192, com.example.boardapi.config.jwt.JwtAuthenticationFilter@1f7c3d43, org.springframework.security.web.savedrequest.RequestCacheAwareFilter@1e20a0d2, org.springframework.security.web.servletapi.SecurityContextHolderAwareRequestFilter@69b418be, org.springframework.security.web.authentication.AnonymousAuthenticationFilter@4132c7f7, org.springframework.security.web.session.SessionManagementFilter@42febaa3, org.springframework.security.web.access.ExceptionTranslationFilter@77b60f9b, org.springframework.security.web.access.intercept.FilterSecurityInterceptor@4ba1b239]
2022-01-17 18:52:49.440  INFO 3968 --- [    Test worker] c.e.boardapi.BoardApiApplicationTests    : Started BoardApiApplicationTests in 9.499 seconds (JVM running for 13.414)
]]></system-out>
  <system-err><![CDATA[]]></system-err>
</testsuite>
